/usr/lib/python3/dist-packages/setuptools/dist.py:723: UserWarning: Usage of dash-separated 'script-dir' will not be supported in future versions. Please use the underscore name 'script_dir' instead
  warnings.warn(
running egg_info
creating ../build/robot_keyboard/robot_keyboard.egg-info
writing ../build/robot_keyboard/robot_keyboard.egg-info/PKG-INFO
writing dependency_links to ../build/robot_keyboard/robot_keyboard.egg-info/dependency_links.txt
writing entry points to ../build/robot_keyboard/robot_keyboard.egg-info/entry_points.txt
writing requirements to ../build/robot_keyboard/robot_keyboard.egg-info/requires.txt
writing top-level names to ../build/robot_keyboard/robot_keyboard.egg-info/top_level.txt
writing manifest file '../build/robot_keyboard/robot_keyboard.egg-info/SOURCES.txt'
reading manifest file '../build/robot_keyboard/robot_keyboard.egg-info/SOURCES.txt'
writing manifest file '../build/robot_keyboard/robot_keyboard.egg-info/SOURCES.txt'
running build
running build_py
creating /home/wheeltec/XiouGai-src/src/build/robot_keyboard/build
creating /home/wheeltec/XiouGai-src/src/build/robot_keyboard/build/lib
creating /home/wheeltec/XiouGai-src/src/build/robot_keyboard/build/lib/robot_keyboard
copying robot_keyboard/keyboard.py -> /home/wheeltec/XiouGai-src/src/build/robot_keyboard/build/lib/robot_keyboard
copying robot_keyboard/__init__.py -> /home/wheeltec/XiouGai-src/src/build/robot_keyboard/build/lib/robot_keyboard
running install
running install_lib
creating /home/wheeltec/XiouGai-src/src/install/robot_keyboard/lib/python3.10/site-packages/robot_keyboard
copying /home/wheeltec/XiouGai-src/src/build/robot_keyboard/build/lib/robot_keyboard/keyboard.py -> /home/wheeltec/XiouGai-src/src/install/robot_keyboard/lib/python3.10/site-packages/robot_keyboard
copying /home/wheeltec/XiouGai-src/src/build/robot_keyboard/build/lib/robot_keyboard/__init__.py -> /home/wheeltec/XiouGai-src/src/install/robot_keyboard/lib/python3.10/site-packages/robot_keyboard
byte-compiling /home/wheeltec/XiouGai-src/src/install/robot_keyboard/lib/python3.10/site-packages/robot_keyboard/keyboard.py to keyboard.cpython-310.pyc
byte-compiling /home/wheeltec/XiouGai-src/src/install/robot_keyboard/lib/python3.10/site-packages/robot_keyboard/__init__.py to __init__.cpython-310.pyc
running install_data
creating /home/wheeltec/XiouGai-src/src/install/robot_keyboard/share/ament_index
creating /home/wheeltec/XiouGai-src/src/install/robot_keyboard/share/ament_index/resource_index
creating /home/wheeltec/XiouGai-src/src/install/robot_keyboard/share/ament_index/resource_index/packages
error: can't copy 'resource/robot_keyboard': doesn't exist or not a regular file
