[0.041s] Invoking command in '/home/wheeltec/XiouGai-src/src/build/dwb_msgs': AMENT_PREFIX_PATH=/home/wheeltec/XiouGai-src/src/install/nav_2d_msgs:${AMENT_PREFIX_PATH} CMAKE_PREFIX_PATH=/home/wheeltec/XiouGai-src/src/install/nav_2d_msgs:/home/wheeltec/rtabmap_ws/install/rtabmap_ros:/home/wheeltec/rtabmap_ws/install/rtabmap_launch:/home/wheeltec/rtabmap_ws/install/rtabmap_examples:/home/wheeltec/rtabmap_ws/install/rtabmap_demos:/home/wheeltec/rtabmap_ws/install/rtabmap_viz:/home/wheeltec/rtabmap_ws/install/rtabmap_slam:/home/wheeltec/rtabmap_ws/install/rtabmap_odom:/home/wheeltec/rtabmap_ws/install/rtabmap_util:/home/wheeltec/rtabmap_ws/install/rtabmap_sync:/home/wheeltec/rtabmap_ws/install/rtabmap_rviz_plugins:/home/wheeltec/rtabmap_ws/install/rtabmap_conversions:/home/wheeltec/rtabmap_ws/install/rtabmap_python:/opt/ros/humble:/home/wheeltec/rtabmap_ws/install/rtabmap_msgs:/home/wheeltec/rtabmap_ws/install/rtabmap LD_LIBRARY_PATH=/home/wheeltec/XiouGai-src/src/install/nav_2d_msgs/lib:${LD_LIBRARY_PATH} PYTHONPATH=/home/wheeltec/XiouGai-src/src/install/nav_2d_msgs/local/lib/python3.10/dist-packages:${PYTHONPATH} /usr/bin/cmake /home/wheeltec/XiouGai-src/src/navigation2-humble/nav2_dwb_controller/dwb_msgs -DCMAKE_INSTALL_PREFIX=/home/wheeltec/XiouGai-src/src/install/dwb_msgs
[0.292s] -- The C compiler identification is GNU 11.4.0
[0.564s] -- The CXX compiler identification is GNU 11.4.0
[0.579s] -- Detecting C compiler ABI info
[0.847s] -- Detecting C compiler ABI info - done
[0.863s] -- Check for working C compiler: /usr/bin/cc - skipped
[0.864s] -- Detecting C compile features
[0.866s] -- Detecting C compile features - done
[0.868s] -- Detecting CXX compiler ABI info
[1.108s] -- Detecting CXX compiler ABI info - done
[1.115s] -- Check for working CXX compiler: /usr/bin/c++ - skipped
[1.116s] -- Detecting CXX compile features
[1.117s] -- Detecting CXX compile features - done
[1.135s] -- Found builtin_interfaces: 1.2.1 (/opt/ros/humble/share/builtin_interfaces/cmake)
[1.436s] -- Found Python3: /usr/bin/python3 (found version "3.10.12") found components: Interpreter 
[1.842s] -- Found rosidl_generator_c: 3.1.5 (/opt/ros/humble/share/rosidl_generator_c/cmake)
[1.873s] -- Found rosidl_adapter: 3.1.5 (/opt/ros/humble/share/rosidl_adapter/cmake)
[1.903s] -- Found rosidl_generator_cpp: 3.1.5 (/opt/ros/humble/share/rosidl_generator_cpp/cmake)
[1.940s] -- Using all available rosidl_typesupport_c: rosidl_typesupport_fastrtps_c;rosidl_typesupport_introspection_c
[2.000s] -- Using all available rosidl_typesupport_cpp: rosidl_typesupport_fastrtps_cpp;rosidl_typesupport_introspection_cpp
[2.055s] -- Found geometry_msgs: 4.2.4 (/opt/ros/humble/share/geometry_msgs/cmake)
[2.213s] -- Found nav_2d_msgs: 1.1.6 (/home/wheeltec/XiouGai-src/src/install/nav_2d_msgs/share/nav_2d_msgs/cmake)
[2.326s] -- Found nav_msgs: 4.2.4 (/opt/ros/humble/share/nav_msgs/cmake)
[2.476s] -- Found rosidl_default_generators: 1.2.0 (/opt/ros/humble/share/rosidl_default_generators/cmake)
[3.211s] -- Found ament_cmake_ros: 0.10.0 (/opt/ros/humble/share/ament_cmake_ros/cmake)
[4.301s] -- Using all available rosidl_typesupport_c: rosidl_typesupport_fastrtps_c;rosidl_typesupport_introspection_c
[4.710s] -- Using all available rosidl_typesupport_cpp: rosidl_typesupport_fastrtps_cpp;rosidl_typesupport_introspection_cpp
[4.756s] -- Found PythonInterp: /usr/bin/python3 (found suitable version "3.10.12", minimum required is "3.6") 
[4.778s] -- Found python_cmake_module: 0.10.0 (/opt/ros/humble/share/python_cmake_module/cmake)
[4.825s] -- Found PythonLibs: /usr/lib/x86_64-linux-gnu/libpython3.10.so (found suitable version "3.10.12", minimum required is "3.5") 
[4.826s] -- Using PYTHON_EXECUTABLE: /usr/bin/python3
[4.826s] -- Using PYTHON_INCLUDE_DIRS: /usr/include/python3.10
[4.826s] -- Using PYTHON_LIBRARIES: /usr/lib/x86_64-linux-gnu/libpython3.10.so
[4.877s] -- Found PythonExtra: .so  
[5.064s] -- Configuring done
[5.270s] -- Generating done
[5.283s] -- Build files have been written to: /home/wheeltec/XiouGai-src/src/build/dwb_msgs
[5.297s] Invoked command in '/home/wheeltec/XiouGai-src/src/build/dwb_msgs' returned '0': AMENT_PREFIX_PATH=/home/wheeltec/XiouGai-src/src/install/nav_2d_msgs:${AMENT_PREFIX_PATH} CMAKE_PREFIX_PATH=/home/wheeltec/XiouGai-src/src/install/nav_2d_msgs:/home/wheeltec/rtabmap_ws/install/rtabmap_ros:/home/wheeltec/rtabmap_ws/install/rtabmap_launch:/home/wheeltec/rtabmap_ws/install/rtabmap_examples:/home/wheeltec/rtabmap_ws/install/rtabmap_demos:/home/wheeltec/rtabmap_ws/install/rtabmap_viz:/home/wheeltec/rtabmap_ws/install/rtabmap_slam:/home/wheeltec/rtabmap_ws/install/rtabmap_odom:/home/wheeltec/rtabmap_ws/install/rtabmap_util:/home/wheeltec/rtabmap_ws/install/rtabmap_sync:/home/wheeltec/rtabmap_ws/install/rtabmap_rviz_plugins:/home/wheeltec/rtabmap_ws/install/rtabmap_conversions:/home/wheeltec/rtabmap_ws/install/rtabmap_python:/opt/ros/humble:/home/wheeltec/rtabmap_ws/install/rtabmap_msgs:/home/wheeltec/rtabmap_ws/install/rtabmap LD_LIBRARY_PATH=/home/wheeltec/XiouGai-src/src/install/nav_2d_msgs/lib:${LD_LIBRARY_PATH} PYTHONPATH=/home/wheeltec/XiouGai-src/src/install/nav_2d_msgs/local/lib/python3.10/dist-packages:${PYTHONPATH} /usr/bin/cmake /home/wheeltec/XiouGai-src/src/navigation2-humble/nav2_dwb_controller/dwb_msgs -DCMAKE_INSTALL_PREFIX=/home/wheeltec/XiouGai-src/src/install/dwb_msgs
[5.305s] Invoking command in '/home/wheeltec/XiouGai-src/src/build/dwb_msgs': AMENT_PREFIX_PATH=/home/wheeltec/XiouGai-src/src/install/nav_2d_msgs:${AMENT_PREFIX_PATH} CMAKE_PREFIX_PATH=/home/wheeltec/XiouGai-src/src/install/nav_2d_msgs:/home/wheeltec/rtabmap_ws/install/rtabmap_ros:/home/wheeltec/rtabmap_ws/install/rtabmap_launch:/home/wheeltec/rtabmap_ws/install/rtabmap_examples:/home/wheeltec/rtabmap_ws/install/rtabmap_demos:/home/wheeltec/rtabmap_ws/install/rtabmap_viz:/home/wheeltec/rtabmap_ws/install/rtabmap_slam:/home/wheeltec/rtabmap_ws/install/rtabmap_odom:/home/wheeltec/rtabmap_ws/install/rtabmap_util:/home/wheeltec/rtabmap_ws/install/rtabmap_sync:/home/wheeltec/rtabmap_ws/install/rtabmap_rviz_plugins:/home/wheeltec/rtabmap_ws/install/rtabmap_conversions:/home/wheeltec/rtabmap_ws/install/rtabmap_python:/opt/ros/humble:/home/wheeltec/rtabmap_ws/install/rtabmap_msgs:/home/wheeltec/rtabmap_ws/install/rtabmap LD_LIBRARY_PATH=/home/wheeltec/XiouGai-src/src/install/nav_2d_msgs/lib:${LD_LIBRARY_PATH} PYTHONPATH=/home/wheeltec/XiouGai-src/src/install/nav_2d_msgs/local/lib/python3.10/dist-packages:${PYTHONPATH} /usr/bin/cmake --build /home/wheeltec/XiouGai-src/src/build/dwb_msgs -- -j4 -l4
[5.504s] [  1%] [34m[1mGenerating C++ code for ROS interfaces[0m
[7.279s] [  1%] Built target dwb_msgs__cpp
[7.427s] [  1%] Built target ament_cmake_python_copy_dwb_msgs
[7.473s] [  2%] [34m[1mGenerating C++ type support for eProsima Fast-RTPS[0m
[8.883s] [  3%] [32mBuilding CXX object CMakeFiles/dwb_msgs__rosidl_typesupport_fastrtps_cpp.dir/rosidl_typesupport_fastrtps_cpp/dwb_msgs/msg/detail/dds_fastrtps/critic_score__type_support.cpp.o[0m
[9.627s] [  4%] [32mBuilding CXX object CMakeFiles/dwb_msgs__rosidl_typesupport_fastrtps_cpp.dir/rosidl_typesupport_fastrtps_cpp/dwb_msgs/msg/detail/dds_fastrtps/local_plan_evaluation__type_support.cpp.o[0m
[10.440s] [  5%] [32mBuilding CXX object CMakeFiles/dwb_msgs__rosidl_typesupport_fastrtps_cpp.dir/rosidl_typesupport_fastrtps_cpp/dwb_msgs/msg/detail/dds_fastrtps/trajectory2_d__type_support.cpp.o[0m
[11.366s] [  6%] [32mBuilding CXX object CMakeFiles/dwb_msgs__rosidl_typesupport_fastrtps_cpp.dir/rosidl_typesupport_fastrtps_cpp/dwb_msgs/msg/detail/dds_fastrtps/trajectory_score__type_support.cpp.o[0m
[12.121s] [  7%] [32mBuilding CXX object CMakeFiles/dwb_msgs__rosidl_typesupport_fastrtps_cpp.dir/rosidl_typesupport_fastrtps_cpp/dwb_msgs/srv/detail/dds_fastrtps/debug_local_plan__type_support.cpp.o[0m
[12.867s] [  8%] [32mBuilding CXX object CMakeFiles/dwb_msgs__rosidl_typesupport_fastrtps_cpp.dir/rosidl_typesupport_fastrtps_cpp/dwb_msgs/srv/detail/dds_fastrtps/generate_trajectory__type_support.cpp.o[0m
[13.832s] [  9%] [32mBuilding CXX object CMakeFiles/dwb_msgs__rosidl_typesupport_fastrtps_cpp.dir/rosidl_typesupport_fastrtps_cpp/dwb_msgs/srv/detail/dds_fastrtps/generate_twists__type_support.cpp.o[0m
[14.897s] [ 10%] [32mBuilding CXX object CMakeFiles/dwb_msgs__rosidl_typesupport_fastrtps_cpp.dir/rosidl_typesupport_fastrtps_cpp/dwb_msgs/srv/detail/dds_fastrtps/get_critic_score__type_support.cpp.o[0m
[15.797s] [ 11%] [32mBuilding CXX object CMakeFiles/dwb_msgs__rosidl_typesupport_fastrtps_cpp.dir/rosidl_typesupport_fastrtps_cpp/dwb_msgs/srv/detail/dds_fastrtps/score_trajectory__type_support.cpp.o[0m
[16.656s] [ 12%] [32m[1mLinking CXX shared library libdwb_msgs__rosidl_typesupport_fastrtps_cpp.so[0m
[16.969s] [ 12%] Built target dwb_msgs__rosidl_typesupport_fastrtps_cpp
[17.037s] [ 13%] [34m[1mGenerating C++ introspection for ROS interfaces[0m
[18.613s] [ 14%] [32mBuilding CXX object CMakeFiles/dwb_msgs__rosidl_typesupport_introspection_cpp.dir/rosidl_typesupport_introspection_cpp/dwb_msgs/msg/detail/critic_score__type_support.cpp.o[0m
[19.487s] [ 15%] [32mBuilding CXX object CMakeFiles/dwb_msgs__rosidl_typesupport_introspection_cpp.dir/rosidl_typesupport_introspection_cpp/dwb_msgs/msg/detail/local_plan_evaluation__type_support.cpp.o[0m
[20.493s] [ 16%] [32mBuilding CXX object CMakeFiles/dwb_msgs__rosidl_typesupport_introspection_cpp.dir/rosidl_typesupport_introspection_cpp/dwb_msgs/msg/detail/trajectory2_d__type_support.cpp.o[0m
[21.331s] [ 17%] [32mBuilding CXX object CMakeFiles/dwb_msgs__rosidl_typesupport_introspection_cpp.dir/rosidl_typesupport_introspection_cpp/dwb_msgs/msg/detail/trajectory_score__type_support.cpp.o[0m
[22.184s] [ 18%] [32mBuilding CXX object CMakeFiles/dwb_msgs__rosidl_typesupport_introspection_cpp.dir/rosidl_typesupport_introspection_cpp/dwb_msgs/srv/detail/debug_local_plan__type_support.cpp.o[0m
[23.089s] [ 20%] [32mBuilding CXX object CMakeFiles/dwb_msgs__rosidl_typesupport_introspection_cpp.dir/rosidl_typesupport_introspection_cpp/dwb_msgs/srv/detail/generate_trajectory__type_support.cpp.o[0m
[23.923s] [ 21%] [32mBuilding CXX object CMakeFiles/dwb_msgs__rosidl_typesupport_introspection_cpp.dir/rosidl_typesupport_introspection_cpp/dwb_msgs/srv/detail/generate_twists__type_support.cpp.o[0m
[24.742s] [ 22%] [32mBuilding CXX object CMakeFiles/dwb_msgs__rosidl_typesupport_introspection_cpp.dir/rosidl_typesupport_introspection_cpp/dwb_msgs/srv/detail/get_critic_score__type_support.cpp.o[0m
[25.516s] [ 23%] [32mBuilding CXX object CMakeFiles/dwb_msgs__rosidl_typesupport_introspection_cpp.dir/rosidl_typesupport_introspection_cpp/dwb_msgs/srv/detail/score_trajectory__type_support.cpp.o[0m
[26.325s] [ 24%] [32m[1mLinking CXX shared library libdwb_msgs__rosidl_typesupport_introspection_cpp.so[0m
[26.600s] [ 24%] Built target dwb_msgs__rosidl_typesupport_introspection_cpp
[27.115s] running egg_info
[27.116s] creating dwb_msgs.egg-info
[27.117s] writing dwb_msgs.egg-info/PKG-INFO
[27.117s] writing dependency_links to dwb_msgs.egg-info/dependency_links.txt
[27.118s] writing top-level names to dwb_msgs.egg-info/top_level.txt
[27.118s] writing manifest file 'dwb_msgs.egg-info/SOURCES.txt'
[27.121s] reading manifest file 'dwb_msgs.egg-info/SOURCES.txt'
[27.122s] writing manifest file 'dwb_msgs.egg-info/SOURCES.txt'
[27.178s] [ 24%] Built target ament_cmake_python_build_dwb_msgs_egg
[27.217s] [ 25%] [34m[1mGenerating C++ type support dispatch for ROS interfaces[0m
[28.312s] [ 26%] [32mBuilding CXX object CMakeFiles/dwb_msgs__rosidl_typesupport_cpp.dir/rosidl_typesupport_cpp/dwb_msgs/msg/critic_score__type_support.cpp.o[0m
[28.887s] [ 27%] [32mBuilding CXX object CMakeFiles/dwb_msgs__rosidl_typesupport_cpp.dir/rosidl_typesupport_cpp/dwb_msgs/msg/trajectory2_d__type_support.cpp.o[0m
[29.503s] [ 28%] [32mBuilding CXX object CMakeFiles/dwb_msgs__rosidl_typesupport_cpp.dir/rosidl_typesupport_cpp/dwb_msgs/msg/trajectory_score__type_support.cpp.o[0m
[30.169s] [ 29%] [32mBuilding CXX object CMakeFiles/dwb_msgs__rosidl_typesupport_cpp.dir/rosidl_typesupport_cpp/dwb_msgs/srv/debug_local_plan__type_support.cpp.o[0m
[30.727s] [ 30%] [32mBuilding CXX object CMakeFiles/dwb_msgs__rosidl_typesupport_cpp.dir/rosidl_typesupport_cpp/dwb_msgs/srv/generate_trajectory__type_support.cpp.o[0m
[31.377s] [ 31%] [32mBuilding CXX object CMakeFiles/dwb_msgs__rosidl_typesupport_cpp.dir/rosidl_typesupport_cpp/dwb_msgs/srv/generate_twists__type_support.cpp.o[0m
[32.029s] [ 32%] [32mBuilding CXX object CMakeFiles/dwb_msgs__rosidl_typesupport_cpp.dir/rosidl_typesupport_cpp/dwb_msgs/srv/get_critic_score__type_support.cpp.o[0m
[32.636s] [ 33%] [32mBuilding CXX object CMakeFiles/dwb_msgs__rosidl_typesupport_cpp.dir/rosidl_typesupport_cpp/dwb_msgs/srv/score_trajectory__type_support.cpp.o[0m
[33.322s] [ 34%] [32mBuilding CXX object CMakeFiles/dwb_msgs__rosidl_typesupport_cpp.dir/rosidl_typesupport_cpp/dwb_msgs/msg/local_plan_evaluation__type_support.cpp.o[0m
[33.901s] [ 35%] [32m[1mLinking CXX shared library libdwb_msgs__rosidl_typesupport_cpp.so[0m
[34.081s] [ 35%] Built target dwb_msgs__rosidl_typesupport_cpp
[34.132s] [ 36%] [34m[1mGenerating C code for ROS interfaces[0m
[36.392s] [ 37%] [32mBuilding C object CMakeFiles/dwb_msgs__rosidl_generator_c.dir/rosidl_generator_c/dwb_msgs/msg/detail/critic_score__functions.c.o[0m
[36.538s] [ 38%] [32mBuilding C object CMakeFiles/dwb_msgs__rosidl_generator_c.dir/rosidl_generator_c/dwb_msgs/msg/detail/trajectory_score__functions.c.o[0m
[36.684s] [ 40%] [32mBuilding C object CMakeFiles/dwb_msgs__rosidl_generator_c.dir/rosidl_generator_c/dwb_msgs/srv/detail/debug_local_plan__functions.c.o[0m
[36.874s] [ 41%] [32mBuilding C object CMakeFiles/dwb_msgs__rosidl_generator_c.dir/rosidl_generator_c/dwb_msgs/srv/detail/generate_trajectory__functions.c.o[0m
[37.041s] [ 42%] [32mBuilding C object CMakeFiles/dwb_msgs__rosidl_generator_c.dir/rosidl_generator_c/dwb_msgs/srv/detail/generate_twists__functions.c.o[0m
[37.208s] [ 43%] [32mBuilding C object CMakeFiles/dwb_msgs__rosidl_generator_c.dir/rosidl_generator_c/dwb_msgs/srv/detail/get_critic_score__functions.c.o[0m
[37.428s] [ 44%] [32mBuilding C object CMakeFiles/dwb_msgs__rosidl_generator_c.dir/rosidl_generator_c/dwb_msgs/srv/detail/score_trajectory__functions.c.o[0m
[37.676s] [ 45%] [32mBuilding C object CMakeFiles/dwb_msgs__rosidl_generator_c.dir/rosidl_generator_c/dwb_msgs/msg/detail/trajectory2_d__functions.c.o[0m
[37.961s] [ 46%] [32mBuilding C object CMakeFiles/dwb_msgs__rosidl_generator_c.dir/rosidl_generator_c/dwb_msgs/msg/detail/local_plan_evaluation__functions.c.o[0m
[38.212s] [ 47%] [32m[1mLinking C shared library libdwb_msgs__rosidl_generator_c.so[0m
[38.366s] [ 47%] Built target dwb_msgs__rosidl_generator_c
[38.410s] [ 48%] [34m[1mGenerating C type support for eProsima Fast-RTPS[0m
[39.821s] [ 49%] [32mBuilding CXX object CMakeFiles/dwb_msgs__rosidl_typesupport_fastrtps_c.dir/rosidl_typesupport_fastrtps_c/dwb_msgs/msg/detail/critic_score__type_support_c.cpp.o[0m
[40.529s] [ 50%] [32mBuilding CXX object CMakeFiles/dwb_msgs__rosidl_typesupport_fastrtps_c.dir/rosidl_typesupport_fastrtps_c/dwb_msgs/msg/detail/local_plan_evaluation__type_support_c.cpp.o[0m
[41.235s] [ 51%] [32mBuilding CXX object CMakeFiles/dwb_msgs__rosidl_typesupport_fastrtps_c.dir/rosidl_typesupport_fastrtps_c/dwb_msgs/msg/detail/trajectory2_d__type_support_c.cpp.o[0m
[42.014s] [ 52%] [32mBuilding CXX object CMakeFiles/dwb_msgs__rosidl_typesupport_fastrtps_c.dir/rosidl_typesupport_fastrtps_c/dwb_msgs/msg/detail/trajectory_score__type_support_c.cpp.o[0m
[43.038s] [ 53%] [32mBuilding CXX object CMakeFiles/dwb_msgs__rosidl_typesupport_fastrtps_c.dir/rosidl_typesupport_fastrtps_c/dwb_msgs/srv/detail/debug_local_plan__type_support_c.cpp.o[0m
[43.866s] [ 54%] [32mBuilding CXX object CMakeFiles/dwb_msgs__rosidl_typesupport_fastrtps_c.dir/rosidl_typesupport_fastrtps_c/dwb_msgs/srv/detail/generate_trajectory__type_support_c.cpp.o[0m
[44.776s] [ 55%] [32mBuilding CXX object CMakeFiles/dwb_msgs__rosidl_typesupport_fastrtps_c.dir/rosidl_typesupport_fastrtps_c/dwb_msgs/srv/detail/generate_twists__type_support_c.cpp.o[0m
[45.847s] [ 56%] [32mBuilding CXX object CMakeFiles/dwb_msgs__rosidl_typesupport_fastrtps_c.dir/rosidl_typesupport_fastrtps_c/dwb_msgs/srv/detail/get_critic_score__type_support_c.cpp.o[0m
[46.781s] [ 57%] [32mBuilding CXX object CMakeFiles/dwb_msgs__rosidl_typesupport_fastrtps_c.dir/rosidl_typesupport_fastrtps_c/dwb_msgs/srv/detail/score_trajectory__type_support_c.cpp.o[0m
[47.938s] [ 58%] [32m[1mLinking CXX shared library libdwb_msgs__rosidl_typesupport_fastrtps_c.so[0m
[48.339s] [ 58%] Built target dwb_msgs__rosidl_typesupport_fastrtps_c
[48.389s] [ 60%] [34m[1mGenerating C type support dispatch for ROS interfaces[0m
[49.582s] [ 61%] [32mBuilding CXX object CMakeFiles/dwb_msgs__rosidl_typesupport_c.dir/rosidl_typesupport_c/dwb_msgs/msg/critic_score__type_support.cpp.o[0m
[49.718s] [ 62%] [32mBuilding CXX object CMakeFiles/dwb_msgs__rosidl_typesupport_c.dir/rosidl_typesupport_c/dwb_msgs/msg/trajectory2_d__type_support.cpp.o[0m
[49.836s] [ 63%] [32mBuilding CXX object CMakeFiles/dwb_msgs__rosidl_typesupport_c.dir/rosidl_typesupport_c/dwb_msgs/msg/trajectory_score__type_support.cpp.o[0m
[49.959s] [ 64%] [32mBuilding CXX object CMakeFiles/dwb_msgs__rosidl_typesupport_c.dir/rosidl_typesupport_c/dwb_msgs/srv/debug_local_plan__type_support.cpp.o[0m
[50.124s] [ 65%] [32mBuilding CXX object CMakeFiles/dwb_msgs__rosidl_typesupport_c.dir/rosidl_typesupport_c/dwb_msgs/srv/generate_trajectory__type_support.cpp.o[0m
[50.249s] [ 66%] [32mBuilding CXX object CMakeFiles/dwb_msgs__rosidl_typesupport_c.dir/rosidl_typesupport_c/dwb_msgs/srv/generate_twists__type_support.cpp.o[0m
[50.372s] [ 67%] [32mBuilding CXX object CMakeFiles/dwb_msgs__rosidl_typesupport_c.dir/rosidl_typesupport_c/dwb_msgs/srv/get_critic_score__type_support.cpp.o[0m
[50.516s] [ 68%] [32mBuilding CXX object CMakeFiles/dwb_msgs__rosidl_typesupport_c.dir/rosidl_typesupport_c/dwb_msgs/srv/score_trajectory__type_support.cpp.o[0m
[50.643s] [ 69%] [32mBuilding CXX object CMakeFiles/dwb_msgs__rosidl_typesupport_c.dir/rosidl_typesupport_c/dwb_msgs/msg/local_plan_evaluation__type_support.cpp.o[0m
[50.767s] [ 70%] [32m[1mLinking CXX shared library libdwb_msgs__rosidl_typesupport_c.so[0m
[50.955s] [ 70%] Built target dwb_msgs__rosidl_typesupport_c
[51.000s] [ 71%] [34m[1mGenerating C introspection for ROS interfaces[0m
[52.771s] [ 72%] [32mBuilding C object CMakeFiles/dwb_msgs__rosidl_typesupport_introspection_c.dir/rosidl_typesupport_introspection_c/dwb_msgs/msg/detail/critic_score__type_support.c.o[0m
[52.997s] [ 73%] [32mBuilding C object CMakeFiles/dwb_msgs__rosidl_typesupport_introspection_c.dir/rosidl_typesupport_introspection_c/dwb_msgs/msg/detail/trajectory_score__type_support.c.o[0m
[53.257s] [ 74%] [32mBuilding C object CMakeFiles/dwb_msgs__rosidl_typesupport_introspection_c.dir/rosidl_typesupport_introspection_c/dwb_msgs/srv/detail/debug_local_plan__type_support.c.o[0m
[53.430s] [ 75%] [32mBuilding C object CMakeFiles/dwb_msgs__rosidl_typesupport_introspection_c.dir/rosidl_typesupport_introspection_c/dwb_msgs/srv/detail/generate_trajectory__type_support.c.o[0m
[53.579s] [ 76%] [32mBuilding C object CMakeFiles/dwb_msgs__rosidl_typesupport_introspection_c.dir/rosidl_typesupport_introspection_c/dwb_msgs/srv/detail/generate_twists__type_support.c.o[0m
[53.727s] [ 77%] [32mBuilding C object CMakeFiles/dwb_msgs__rosidl_typesupport_introspection_c.dir/rosidl_typesupport_introspection_c/dwb_msgs/srv/detail/get_critic_score__type_support.c.o[0m
[53.891s] [ 78%] [32mBuilding C object CMakeFiles/dwb_msgs__rosidl_typesupport_introspection_c.dir/rosidl_typesupport_introspection_c/dwb_msgs/srv/detail/score_trajectory__type_support.c.o[0m
[54.042s] [ 80%] [32mBuilding C object CMakeFiles/dwb_msgs__rosidl_typesupport_introspection_c.dir/rosidl_typesupport_introspection_c/dwb_msgs/msg/detail/trajectory2_d__type_support.c.o[0m
[54.219s] [ 81%] [32mBuilding C object CMakeFiles/dwb_msgs__rosidl_typesupport_introspection_c.dir/rosidl_typesupport_introspection_c/dwb_msgs/msg/detail/local_plan_evaluation__type_support.c.o[0m
[54.418s] [ 82%] [32m[1mLinking C shared library libdwb_msgs__rosidl_typesupport_introspection_c.so[0m
[54.609s] [ 82%] Built target dwb_msgs__rosidl_typesupport_introspection_c
[54.715s] [ 82%] Built target dwb_msgs
[54.817s] [ 83%] [34m[1mGenerating Python code for ROS interfaces[0m
[57.480s] [ 83%] Built target dwb_msgs__py
[57.599s] [ 84%] [32mBuilding C object CMakeFiles/dwb_msgs__rosidl_generator_py.dir/rosidl_generator_py/dwb_msgs/msg/_critic_score_s.c.o[0m
[57.990s] [ 85%] [32mBuilding C object CMakeFiles/dwb_msgs__rosidl_generator_py.dir/rosidl_generator_py/dwb_msgs/msg/_trajectory_score_s.c.o[0m
[58.386s] [ 86%] [32mBuilding C object CMakeFiles/dwb_msgs__rosidl_generator_py.dir/rosidl_generator_py/dwb_msgs/srv/_debug_local_plan_s.c.o[0m
[58.742s] [ 87%] [32mBuilding C object CMakeFiles/dwb_msgs__rosidl_generator_py.dir/rosidl_generator_py/dwb_msgs/srv/_generate_trajectory_s.c.o[0m
[59.074s] [ 88%] [32mBuilding C object CMakeFiles/dwb_msgs__rosidl_generator_py.dir/rosidl_generator_py/dwb_msgs/srv/_generate_twists_s.c.o[0m
[59.541s] [ 89%] [32mBuilding C object CMakeFiles/dwb_msgs__rosidl_generator_py.dir/rosidl_generator_py/dwb_msgs/srv/_get_critic_score_s.c.o[0m
[59.952s] [ 90%] [32mBuilding C object CMakeFiles/dwb_msgs__rosidl_generator_py.dir/rosidl_generator_py/dwb_msgs/srv/_score_trajectory_s.c.o[0m
[60.440s] [ 91%] [32mBuilding C object CMakeFiles/dwb_msgs__rosidl_generator_py.dir/rosidl_generator_py/dwb_msgs/msg/_trajectory2_d_s.c.o[0m
[60.819s] [ 92%] [32mBuilding C object CMakeFiles/dwb_msgs__rosidl_generator_py.dir/rosidl_generator_py/dwb_msgs/msg/_local_plan_evaluation_s.c.o[0m
[61.184s] [ 93%] [32m[1mLinking C shared library rosidl_generator_py/dwb_msgs/libdwb_msgs__rosidl_generator_py.so[0m
[61.399s] [ 93%] Built target dwb_msgs__rosidl_generator_py
[61.496s] [ 94%] [32mBuilding C object CMakeFiles/dwb_msgs__rosidl_typesupport_fastrtps_c__pyext.dir/rosidl_generator_py/dwb_msgs/_dwb_msgs_s.ep.rosidl_typesupport_fastrtps_c.c.o[0m
[61.974s] [ 95%] [32m[1mLinking C shared library rosidl_generator_py/dwb_msgs/dwb_msgs_s__rosidl_typesupport_fastrtps_c.cpython-310-x86_64-linux-gnu.so[0m
[62.193s] [ 95%] Built target dwb_msgs__rosidl_typesupport_fastrtps_c__pyext
[62.283s] [ 96%] [32mBuilding C object CMakeFiles/dwb_msgs__rosidl_typesupport_c__pyext.dir/rosidl_generator_py/dwb_msgs/_dwb_msgs_s.ep.rosidl_typesupport_c.c.o[0m
[62.714s] [ 97%] [32m[1mLinking C shared library rosidl_generator_py/dwb_msgs/dwb_msgs_s__rosidl_typesupport_c.cpython-310-x86_64-linux-gnu.so[0m
[62.892s] [ 97%] Built target dwb_msgs__rosidl_typesupport_c__pyext
[63.009s] [ 98%] [32mBuilding C object CMakeFiles/dwb_msgs__rosidl_typesupport_introspection_c__pyext.dir/rosidl_generator_py/dwb_msgs/_dwb_msgs_s.ep.rosidl_typesupport_introspection_c.c.o[0m
[63.535s] [100%] [32m[1mLinking C shared library rosidl_generator_py/dwb_msgs/dwb_msgs_s__rosidl_typesupport_introspection_c.cpython-310-x86_64-linux-gnu.so[0m
[63.739s] [100%] Built target dwb_msgs__rosidl_typesupport_introspection_c__pyext
[63.806s] Invoked command in '/home/wheeltec/XiouGai-src/src/build/dwb_msgs' returned '0': AMENT_PREFIX_PATH=/home/wheeltec/XiouGai-src/src/install/nav_2d_msgs:${AMENT_PREFIX_PATH} CMAKE_PREFIX_PATH=/home/wheeltec/XiouGai-src/src/install/nav_2d_msgs:/home/wheeltec/rtabmap_ws/install/rtabmap_ros:/home/wheeltec/rtabmap_ws/install/rtabmap_launch:/home/wheeltec/rtabmap_ws/install/rtabmap_examples:/home/wheeltec/rtabmap_ws/install/rtabmap_demos:/home/wheeltec/rtabmap_ws/install/rtabmap_viz:/home/wheeltec/rtabmap_ws/install/rtabmap_slam:/home/wheeltec/rtabmap_ws/install/rtabmap_odom:/home/wheeltec/rtabmap_ws/install/rtabmap_util:/home/wheeltec/rtabmap_ws/install/rtabmap_sync:/home/wheeltec/rtabmap_ws/install/rtabmap_rviz_plugins:/home/wheeltec/rtabmap_ws/install/rtabmap_conversions:/home/wheeltec/rtabmap_ws/install/rtabmap_python:/opt/ros/humble:/home/wheeltec/rtabmap_ws/install/rtabmap_msgs:/home/wheeltec/rtabmap_ws/install/rtabmap LD_LIBRARY_PATH=/home/wheeltec/XiouGai-src/src/install/nav_2d_msgs/lib:${LD_LIBRARY_PATH} PYTHONPATH=/home/wheeltec/XiouGai-src/src/install/nav_2d_msgs/local/lib/python3.10/dist-packages:${PYTHONPATH} /usr/bin/cmake --build /home/wheeltec/XiouGai-src/src/build/dwb_msgs -- -j4 -l4
[65.929s] Invoking command in '/home/wheeltec/XiouGai-src/src/build/dwb_msgs': AMENT_PREFIX_PATH=/home/wheeltec/XiouGai-src/src/install/nav_2d_msgs:${AMENT_PREFIX_PATH} CMAKE_PREFIX_PATH=/home/wheeltec/XiouGai-src/src/install/nav_2d_msgs:/home/wheeltec/rtabmap_ws/install/rtabmap_ros:/home/wheeltec/rtabmap_ws/install/rtabmap_launch:/home/wheeltec/rtabmap_ws/install/rtabmap_examples:/home/wheeltec/rtabmap_ws/install/rtabmap_demos:/home/wheeltec/rtabmap_ws/install/rtabmap_viz:/home/wheeltec/rtabmap_ws/install/rtabmap_slam:/home/wheeltec/rtabmap_ws/install/rtabmap_odom:/home/wheeltec/rtabmap_ws/install/rtabmap_util:/home/wheeltec/rtabmap_ws/install/rtabmap_sync:/home/wheeltec/rtabmap_ws/install/rtabmap_rviz_plugins:/home/wheeltec/rtabmap_ws/install/rtabmap_conversions:/home/wheeltec/rtabmap_ws/install/rtabmap_python:/opt/ros/humble:/home/wheeltec/rtabmap_ws/install/rtabmap_msgs:/home/wheeltec/rtabmap_ws/install/rtabmap LD_LIBRARY_PATH=/home/wheeltec/XiouGai-src/src/install/nav_2d_msgs/lib:${LD_LIBRARY_PATH} PYTHONPATH=/home/wheeltec/XiouGai-src/src/install/nav_2d_msgs/local/lib/python3.10/dist-packages:${PYTHONPATH} /usr/bin/cmake --install /home/wheeltec/XiouGai-src/src/build/dwb_msgs
[65.973s] -- Install configuration: ""
[65.973s] -- Installing: /home/wheeltec/XiouGai-src/src/install/dwb_msgs/share/ament_index/resource_index/rosidl_interfaces/dwb_msgs
[65.974s] -- Installing: /home/wheeltec/XiouGai-src/src/install/dwb_msgs/include/dwb_msgs/dwb_msgs
[65.977s] -- Installing: /home/wheeltec/XiouGai-src/src/install/dwb_msgs/include/dwb_msgs/dwb_msgs/msg
[65.978s] -- Installing: /home/wheeltec/XiouGai-src/src/install/dwb_msgs/include/dwb_msgs/dwb_msgs/msg/trajectory2_d.h
[65.978s] -- Installing: /home/wheeltec/XiouGai-src/src/install/dwb_msgs/include/dwb_msgs/dwb_msgs/msg/trajectory_score.h
[65.978s] -- Installing: /home/wheeltec/XiouGai-src/src/install/dwb_msgs/include/dwb_msgs/dwb_msgs/msg/critic_score.h
[65.978s] -- Installing: /home/wheeltec/XiouGai-src/src/install/dwb_msgs/include/dwb_msgs/dwb_msgs/msg/detail
[65.979s] -- Installing: /home/wheeltec/XiouGai-src/src/install/dwb_msgs/include/dwb_msgs/dwb_msgs/msg/detail/local_plan_evaluation__type_support.h
[65.982s] -- Installing: /home/wheeltec/XiouGai-src/src/install/dwb_msgs/include/dwb_msgs/dwb_msgs/msg/detail/trajectory_score__functions.c
[65.982s] -- Installing: /home/wheeltec/XiouGai-src/src/install/dwb_msgs/include/dwb_msgs/dwb_msgs/msg/detail/trajectory_score__functions.h
[65.983s] -- Installing: /home/wheeltec/XiouGai-src/src/install/dwb_msgs/include/dwb_msgs/dwb_msgs/msg/detail/critic_score__functions.c
[65.983s] -- Installing: /home/wheeltec/XiouGai-src/src/install/dwb_msgs/include/dwb_msgs/dwb_msgs/msg/detail/critic_score__struct.h
[65.984s] -- Installing: /home/wheeltec/XiouGai-src/src/install/dwb_msgs/include/dwb_msgs/dwb_msgs/msg/detail/trajectory2_d__functions.c
[65.985s] -- Installing: /home/wheeltec/XiouGai-src/src/install/dwb_msgs/include/dwb_msgs/dwb_msgs/msg/detail/critic_score__type_support.h
[65.990s] -- Installing: /home/wheeltec/XiouGai-src/src/install/dwb_msgs/include/dwb_msgs/dwb_msgs/msg/detail/trajectory_score__struct.h
[65.991s] -- Installing: /home/wheeltec/XiouGai-src/src/install/dwb_msgs/include/dwb_msgs/dwb_msgs/msg/detail/trajectory2_d__functions.h
[65.994s] -- Installing: /home/wheeltec/XiouGai-src/src/install/dwb_msgs/include/dwb_msgs/dwb_msgs/msg/detail/local_plan_evaluation__functions.c
[65.995s] -- Installing: /home/wheeltec/XiouGai-src/src/install/dwb_msgs/include/dwb_msgs/dwb_msgs/msg/detail/local_plan_evaluation__functions.h
[65.995s] -- Installing: /home/wheeltec/XiouGai-src/src/install/dwb_msgs/include/dwb_msgs/dwb_msgs/msg/detail/local_plan_evaluation__struct.h
[65.995s] -- Installing: /home/wheeltec/XiouGai-src/src/install/dwb_msgs/include/dwb_msgs/dwb_msgs/msg/detail/trajectory2_d__struct.h
[65.995s] -- Installing: /home/wheeltec/XiouGai-src/src/install/dwb_msgs/include/dwb_msgs/dwb_msgs/msg/detail/critic_score__functions.h
[65.995s] -- Installing: /home/wheeltec/XiouGai-src/src/install/dwb_msgs/include/dwb_msgs/dwb_msgs/msg/detail/trajectory_score__type_support.h
[65.995s] -- Installing: /home/wheeltec/XiouGai-src/src/install/dwb_msgs/include/dwb_msgs/dwb_msgs/msg/detail/trajectory2_d__type_support.h
[66.003s] -- Installing: /home/wheeltec/XiouGai-src/src/install/dwb_msgs/include/dwb_msgs/dwb_msgs/msg/local_plan_evaluation.h
[66.003s] -- Installing: /home/wheeltec/XiouGai-src/src/install/dwb_msgs/include/dwb_msgs/dwb_msgs/msg/rosidl_generator_c__visibility_control.h
[66.004s] -- Installing: /home/wheeltec/XiouGai-src/src/install/dwb_msgs/include/dwb_msgs/dwb_msgs/srv
[66.006s] -- Installing: /home/wheeltec/XiouGai-src/src/install/dwb_msgs/include/dwb_msgs/dwb_msgs/srv/generate_trajectory.h
[66.006s] -- Installing: /home/wheeltec/XiouGai-src/src/install/dwb_msgs/include/dwb_msgs/dwb_msgs/srv/score_trajectory.h
[66.006s] -- Installing: /home/wheeltec/XiouGai-src/src/install/dwb_msgs/include/dwb_msgs/dwb_msgs/srv/detail
[66.007s] -- Installing: /home/wheeltec/XiouGai-src/src/install/dwb_msgs/include/dwb_msgs/dwb_msgs/srv/detail/score_trajectory__functions.c
[66.007s] -- Installing: /home/wheeltec/XiouGai-src/src/install/dwb_msgs/include/dwb_msgs/dwb_msgs/srv/detail/debug_local_plan__struct.h
[66.007s] -- Installing: /home/wheeltec/XiouGai-src/src/install/dwb_msgs/include/dwb_msgs/dwb_msgs/srv/detail/get_critic_score__functions.h
[66.007s] -- Installing: /home/wheeltec/XiouGai-src/src/install/dwb_msgs/include/dwb_msgs/dwb_msgs/srv/detail/generate_trajectory__functions.h
[66.008s] -- Installing: /home/wheeltec/XiouGai-src/src/install/dwb_msgs/include/dwb_msgs/dwb_msgs/srv/detail/generate_twists__type_support.h
[66.008s] -- Installing: /home/wheeltec/XiouGai-src/src/install/dwb_msgs/include/dwb_msgs/dwb_msgs/srv/detail/score_trajectory__functions.h
[66.008s] -- Installing: /home/wheeltec/XiouGai-src/src/install/dwb_msgs/include/dwb_msgs/dwb_msgs/srv/detail/score_trajectory__struct.h
[66.009s] -- Installing: /home/wheeltec/XiouGai-src/src/install/dwb_msgs/include/dwb_msgs/dwb_msgs/srv/detail/debug_local_plan__functions.h
[66.009s] -- Installing: /home/wheeltec/XiouGai-src/src/install/dwb_msgs/include/dwb_msgs/dwb_msgs/srv/detail/generate_twists__functions.c
[66.009s] -- Installing: /home/wheeltec/XiouGai-src/src/install/dwb_msgs/include/dwb_msgs/dwb_msgs/srv/detail/get_critic_score__functions.c
[66.009s] -- Installing: /home/wheeltec/XiouGai-src/src/install/dwb_msgs/include/dwb_msgs/dwb_msgs/srv/detail/score_trajectory__type_support.h
[66.009s] -- Installing: /home/wheeltec/XiouGai-src/src/install/dwb_msgs/include/dwb_msgs/dwb_msgs/srv/detail/generate_twists__functions.h
[66.010s] -- Installing: /home/wheeltec/XiouGai-src/src/install/dwb_msgs/include/dwb_msgs/dwb_msgs/srv/detail/get_critic_score__struct.h
[66.010s] -- Installing: /home/wheeltec/XiouGai-src/src/install/dwb_msgs/include/dwb_msgs/dwb_msgs/srv/detail/generate_twists__struct.h
[66.010s] -- Installing: /home/wheeltec/XiouGai-src/src/install/dwb_msgs/include/dwb_msgs/dwb_msgs/srv/detail/debug_local_plan__functions.c
[66.010s] -- Installing: /home/wheeltec/XiouGai-src/src/install/dwb_msgs/include/dwb_msgs/dwb_msgs/srv/detail/generate_trajectory__struct.h
[66.010s] -- Installing: /home/wheeltec/XiouGai-src/src/install/dwb_msgs/include/dwb_msgs/dwb_msgs/srv/detail/get_critic_score__type_support.h
[66.011s] -- Installing: /home/wheeltec/XiouGai-src/src/install/dwb_msgs/include/dwb_msgs/dwb_msgs/srv/detail/generate_trajectory__type_support.h
[66.011s] -- Installing: /home/wheeltec/XiouGai-src/src/install/dwb_msgs/include/dwb_msgs/dwb_msgs/srv/detail/generate_trajectory__functions.c
[66.011s] -- Installing: /home/wheeltec/XiouGai-src/src/install/dwb_msgs/include/dwb_msgs/dwb_msgs/srv/detail/debug_local_plan__type_support.h
[66.011s] -- Installing: /home/wheeltec/XiouGai-src/src/install/dwb_msgs/include/dwb_msgs/dwb_msgs/srv/get_critic_score.h
[66.011s] -- Installing: /home/wheeltec/XiouGai-src/src/install/dwb_msgs/include/dwb_msgs/dwb_msgs/srv/generate_twists.h
[66.012s] -- Installing: /home/wheeltec/XiouGai-src/src/install/dwb_msgs/include/dwb_msgs/dwb_msgs/srv/debug_local_plan.h
[66.014s] -- Installing: /home/wheeltec/XiouGai-src/src/install/dwb_msgs/share/dwb_msgs/environment/library_path.sh
[66.020s] -- Installing: /home/wheeltec/XiouGai-src/src/install/dwb_msgs/share/dwb_msgs/environment/library_path.dsv
[66.025s] -- Installing: /home/wheeltec/XiouGai-src/src/install/dwb_msgs/lib/libdwb_msgs__rosidl_generator_c.so
[66.031s] -- Set runtime path of "/home/wheeltec/XiouGai-src/src/install/dwb_msgs/lib/libdwb_msgs__rosidl_generator_c.so" to ""
[66.036s] -- Up-to-date: /home/wheeltec/XiouGai-src/src/install/dwb_msgs/include/dwb_msgs/dwb_msgs
[66.037s] -- Up-to-date: /home/wheeltec/XiouGai-src/src/install/dwb_msgs/include/dwb_msgs/dwb_msgs/msg
[66.037s] -- Up-to-date: /home/wheeltec/XiouGai-src/src/install/dwb_msgs/include/dwb_msgs/dwb_msgs/msg/detail
[66.037s] -- Installing: /home/wheeltec/XiouGai-src/src/install/dwb_msgs/include/dwb_msgs/dwb_msgs/msg/detail/trajectory_score__rosidl_typesupport_fastrtps_c.h
[66.039s] -- Installing: /home/wheeltec/XiouGai-src/src/install/dwb_msgs/include/dwb_msgs/dwb_msgs/msg/detail/trajectory2_d__rosidl_typesupport_fastrtps_c.h
[66.039s] -- Installing: /home/wheeltec/XiouGai-src/src/install/dwb_msgs/include/dwb_msgs/dwb_msgs/msg/detail/local_plan_evaluation__rosidl_typesupport_fastrtps_c.h
[66.039s] -- Installing: /home/wheeltec/XiouGai-src/src/install/dwb_msgs/include/dwb_msgs/dwb_msgs/msg/detail/critic_score__rosidl_typesupport_fastrtps_c.h
[66.039s] -- Installing: /home/wheeltec/XiouGai-src/src/install/dwb_msgs/include/dwb_msgs/dwb_msgs/msg/rosidl_typesupport_fastrtps_c__visibility_control.h
[66.039s] -- Up-to-date: /home/wheeltec/XiouGai-src/src/install/dwb_msgs/include/dwb_msgs/dwb_msgs/srv
[66.043s] -- Up-to-date: /home/wheeltec/XiouGai-src/src/install/dwb_msgs/include/dwb_msgs/dwb_msgs/srv/detail
[66.044s] -- Installing: /home/wheeltec/XiouGai-src/src/install/dwb_msgs/include/dwb_msgs/dwb_msgs/srv/detail/generate_twists__rosidl_typesupport_fastrtps_c.h
[66.044s] -- Installing: /home/wheeltec/XiouGai-src/src/install/dwb_msgs/include/dwb_msgs/dwb_msgs/srv/detail/debug_local_plan__rosidl_typesupport_fastrtps_c.h
[66.044s] -- Installing: /home/wheeltec/XiouGai-src/src/install/dwb_msgs/include/dwb_msgs/dwb_msgs/srv/detail/generate_trajectory__rosidl_typesupport_fastrtps_c.h
[66.044s] -- Installing: /home/wheeltec/XiouGai-src/src/install/dwb_msgs/include/dwb_msgs/dwb_msgs/srv/detail/score_trajectory__rosidl_typesupport_fastrtps_c.h
[66.047s] -- Installing: /home/wheeltec/XiouGai-src/src/install/dwb_msgs/include/dwb_msgs/dwb_msgs/srv/detail/get_critic_score__rosidl_typesupport_fastrtps_c.h
[66.047s] -- Installing: /home/wheeltec/XiouGai-src/src/install/dwb_msgs/lib/libdwb_msgs__rosidl_typesupport_fastrtps_c.so
[66.056s] -- Set runtime path of "/home/wheeltec/XiouGai-src/src/install/dwb_msgs/lib/libdwb_msgs__rosidl_typesupport_fastrtps_c.so" to ""
[66.056s] -- Up-to-date: /home/wheeltec/XiouGai-src/src/install/dwb_msgs/include/dwb_msgs/dwb_msgs
[66.056s] -- Up-to-date: /home/wheeltec/XiouGai-src/src/install/dwb_msgs/include/dwb_msgs/dwb_msgs/msg
[66.056s] -- Installing: /home/wheeltec/XiouGai-src/src/install/dwb_msgs/include/dwb_msgs/dwb_msgs/msg/critic_score.hpp
[66.058s] -- Installing: /home/wheeltec/XiouGai-src/src/install/dwb_msgs/include/dwb_msgs/dwb_msgs/msg/trajectory_score.hpp
[66.059s] -- Installing: /home/wheeltec/XiouGai-src/src/install/dwb_msgs/include/dwb_msgs/dwb_msgs/msg/local_plan_evaluation.hpp
[66.060s] -- Up-to-date: /home/wheeltec/XiouGai-src/src/install/dwb_msgs/include/dwb_msgs/dwb_msgs/msg/detail
[66.061s] -- Installing: /home/wheeltec/XiouGai-src/src/install/dwb_msgs/include/dwb_msgs/dwb_msgs/msg/detail/critic_score__builder.hpp
[66.063s] -- Installing: /home/wheeltec/XiouGai-src/src/install/dwb_msgs/include/dwb_msgs/dwb_msgs/msg/detail/trajectory_score__traits.hpp
[66.064s] -- Installing: /home/wheeltec/XiouGai-src/src/install/dwb_msgs/include/dwb_msgs/dwb_msgs/msg/detail/trajectory2_d__builder.hpp
[66.065s] -- Installing: /home/wheeltec/XiouGai-src/src/install/dwb_msgs/include/dwb_msgs/dwb_msgs/msg/detail/local_plan_evaluation__traits.hpp
[66.071s] -- Installing: /home/wheeltec/XiouGai-src/src/install/dwb_msgs/include/dwb_msgs/dwb_msgs/msg/detail/local_plan_evaluation__builder.hpp
[66.071s] -- Installing: /home/wheeltec/XiouGai-src/src/install/dwb_msgs/include/dwb_msgs/dwb_msgs/msg/detail/trajectory_score__builder.hpp
[66.072s] -- Installing: /home/wheeltec/XiouGai-src/src/install/dwb_msgs/include/dwb_msgs/dwb_msgs/msg/detail/trajectory_score__struct.hpp
[66.072s] -- Installing: /home/wheeltec/XiouGai-src/src/install/dwb_msgs/include/dwb_msgs/dwb_msgs/msg/detail/local_plan_evaluation__struct.hpp
[66.072s] -- Installing: /home/wheeltec/XiouGai-src/src/install/dwb_msgs/include/dwb_msgs/dwb_msgs/msg/detail/trajectory2_d__struct.hpp
[66.072s] -- Installing: /home/wheeltec/XiouGai-src/src/install/dwb_msgs/include/dwb_msgs/dwb_msgs/msg/detail/critic_score__struct.hpp
[66.072s] -- Installing: /home/wheeltec/XiouGai-src/src/install/dwb_msgs/include/dwb_msgs/dwb_msgs/msg/detail/critic_score__traits.hpp
[66.072s] -- Installing: /home/wheeltec/XiouGai-src/src/install/dwb_msgs/include/dwb_msgs/dwb_msgs/msg/detail/trajectory2_d__traits.hpp
[66.073s] -- Installing: /home/wheeltec/XiouGai-src/src/install/dwb_msgs/include/dwb_msgs/dwb_msgs/msg/trajectory2_d.hpp
[66.073s] -- Up-to-date: /home/wheeltec/XiouGai-src/src/install/dwb_msgs/include/dwb_msgs/dwb_msgs/srv
[66.073s] -- Installing: /home/wheeltec/XiouGai-src/src/install/dwb_msgs/include/dwb_msgs/dwb_msgs/srv/score_trajectory.hpp
[66.077s] -- Installing: /home/wheeltec/XiouGai-src/src/install/dwb_msgs/include/dwb_msgs/dwb_msgs/srv/get_critic_score.hpp
[66.077s] -- Up-to-date: /home/wheeltec/XiouGai-src/src/install/dwb_msgs/include/dwb_msgs/dwb_msgs/srv/detail
[66.078s] -- Installing: /home/wheeltec/XiouGai-src/src/install/dwb_msgs/include/dwb_msgs/dwb_msgs/srv/detail/score_trajectory__builder.hpp
[66.078s] -- Installing: /home/wheeltec/XiouGai-src/src/install/dwb_msgs/include/dwb_msgs/dwb_msgs/srv/detail/generate_twists__builder.hpp
[66.079s] -- Installing: /home/wheeltec/XiouGai-src/src/install/dwb_msgs/include/dwb_msgs/dwb_msgs/srv/detail/generate_trajectory__struct.hpp
[66.079s] -- Installing: /home/wheeltec/XiouGai-src/src/install/dwb_msgs/include/dwb_msgs/dwb_msgs/srv/detail/generate_trajectory__traits.hpp
[66.079s] -- Installing: /home/wheeltec/XiouGai-src/src/install/dwb_msgs/include/dwb_msgs/dwb_msgs/srv/detail/debug_local_plan__struct.hpp
[66.079s] -- Installing: /home/wheeltec/XiouGai-src/src/install/dwb_msgs/include/dwb_msgs/dwb_msgs/srv/detail/generate_twists__traits.hpp
[66.081s] -- Installing: /home/wheeltec/XiouGai-src/src/install/dwb_msgs/include/dwb_msgs/dwb_msgs/srv/detail/get_critic_score__traits.hpp
[66.082s] -- Installing: /home/wheeltec/XiouGai-src/src/install/dwb_msgs/include/dwb_msgs/dwb_msgs/srv/detail/generate_trajectory__builder.hpp
[66.082s] -- Installing: /home/wheeltec/XiouGai-src/src/install/dwb_msgs/include/dwb_msgs/dwb_msgs/srv/detail/get_critic_score__builder.hpp
[66.082s] -- Installing: /home/wheeltec/XiouGai-src/src/install/dwb_msgs/include/dwb_msgs/dwb_msgs/srv/detail/score_trajectory__traits.hpp
[66.082s] -- Installing: /home/wheeltec/XiouGai-src/src/install/dwb_msgs/include/dwb_msgs/dwb_msgs/srv/detail/debug_local_plan__traits.hpp
[66.082s] -- Installing: /home/wheeltec/XiouGai-src/src/install/dwb_msgs/include/dwb_msgs/dwb_msgs/srv/detail/debug_local_plan__builder.hpp
[66.086s] -- Installing: /home/wheeltec/XiouGai-src/src/install/dwb_msgs/include/dwb_msgs/dwb_msgs/srv/detail/score_trajectory__struct.hpp
[66.089s] -- Installing: /home/wheeltec/XiouGai-src/src/install/dwb_msgs/include/dwb_msgs/dwb_msgs/srv/detail/get_critic_score__struct.hpp
[66.090s] -- Installing: /home/wheeltec/XiouGai-src/src/install/dwb_msgs/include/dwb_msgs/dwb_msgs/srv/detail/generate_twists__struct.hpp
[66.090s] -- Installing: /home/wheeltec/XiouGai-src/src/install/dwb_msgs/include/dwb_msgs/dwb_msgs/srv/generate_twists.hpp
[66.093s] -- Installing: /home/wheeltec/XiouGai-src/src/install/dwb_msgs/include/dwb_msgs/dwb_msgs/srv/generate_trajectory.hpp
[66.093s] -- Installing: /home/wheeltec/XiouGai-src/src/install/dwb_msgs/include/dwb_msgs/dwb_msgs/srv/debug_local_plan.hpp
[66.093s] -- Up-to-date: /home/wheeltec/XiouGai-src/src/install/dwb_msgs/include/dwb_msgs/dwb_msgs
[66.093s] -- Up-to-date: /home/wheeltec/XiouGai-src/src/install/dwb_msgs/include/dwb_msgs/dwb_msgs/msg
[66.093s] -- Up-to-date: /home/wheeltec/XiouGai-src/src/install/dwb_msgs/include/dwb_msgs/dwb_msgs/msg/detail
[66.094s] -- Installing: /home/wheeltec/XiouGai-src/src/install/dwb_msgs/include/dwb_msgs/dwb_msgs/msg/detail/local_plan_evaluation__rosidl_typesupport_fastrtps_cpp.hpp
[66.094s] -- Installing: /home/wheeltec/XiouGai-src/src/install/dwb_msgs/include/dwb_msgs/dwb_msgs/msg/detail/trajectory2_d__rosidl_typesupport_fastrtps_cpp.hpp
[66.094s] -- Installing: /home/wheeltec/XiouGai-src/src/install/dwb_msgs/include/dwb_msgs/dwb_msgs/msg/detail/dds_fastrtps
[66.094s] -- Installing: /home/wheeltec/XiouGai-src/src/install/dwb_msgs/include/dwb_msgs/dwb_msgs/msg/detail/trajectory_score__rosidl_typesupport_fastrtps_cpp.hpp
[66.096s] -- Installing: /home/wheeltec/XiouGai-src/src/install/dwb_msgs/include/dwb_msgs/dwb_msgs/msg/detail/critic_score__rosidl_typesupport_fastrtps_cpp.hpp
[66.096s] -- Installing: /home/wheeltec/XiouGai-src/src/install/dwb_msgs/include/dwb_msgs/dwb_msgs/msg/rosidl_typesupport_fastrtps_cpp__visibility_control.h
[66.096s] -- Up-to-date: /home/wheeltec/XiouGai-src/src/install/dwb_msgs/include/dwb_msgs/dwb_msgs/srv
[66.096s] -- Up-to-date: /home/wheeltec/XiouGai-src/src/install/dwb_msgs/include/dwb_msgs/dwb_msgs/srv/detail
[66.097s] -- Installing: /home/wheeltec/XiouGai-src/src/install/dwb_msgs/include/dwb_msgs/dwb_msgs/srv/detail/score_trajectory__rosidl_typesupport_fastrtps_cpp.hpp
[66.097s] -- Installing: /home/wheeltec/XiouGai-src/src/install/dwb_msgs/include/dwb_msgs/dwb_msgs/srv/detail/get_critic_score__rosidl_typesupport_fastrtps_cpp.hpp
[66.097s] -- Installing: /home/wheeltec/XiouGai-src/src/install/dwb_msgs/include/dwb_msgs/dwb_msgs/srv/detail/debug_local_plan__rosidl_typesupport_fastrtps_cpp.hpp
[66.097s] -- Installing: /home/wheeltec/XiouGai-src/src/install/dwb_msgs/include/dwb_msgs/dwb_msgs/srv/detail/generate_trajectory__rosidl_typesupport_fastrtps_cpp.hpp
[66.098s] -- Installing: /home/wheeltec/XiouGai-src/src/install/dwb_msgs/include/dwb_msgs/dwb_msgs/srv/detail/dds_fastrtps
[66.098s] -- Installing: /home/wheeltec/XiouGai-src/src/install/dwb_msgs/include/dwb_msgs/dwb_msgs/srv/detail/generate_twists__rosidl_typesupport_fastrtps_cpp.hpp
[66.098s] -- Installing: /home/wheeltec/XiouGai-src/src/install/dwb_msgs/lib/libdwb_msgs__rosidl_typesupport_fastrtps_cpp.so
[66.100s] -- Set runtime path of "/home/wheeltec/XiouGai-src/src/install/dwb_msgs/lib/libdwb_msgs__rosidl_typesupport_fastrtps_cpp.so" to ""
[66.101s] -- Up-to-date: /home/wheeltec/XiouGai-src/src/install/dwb_msgs/include/dwb_msgs/dwb_msgs
[66.102s] -- Up-to-date: /home/wheeltec/XiouGai-src/src/install/dwb_msgs/include/dwb_msgs/dwb_msgs/msg
[66.102s] -- Up-to-date: /home/wheeltec/XiouGai-src/src/install/dwb_msgs/include/dwb_msgs/dwb_msgs/msg/detail
[66.102s] -- Installing: /home/wheeltec/XiouGai-src/src/install/dwb_msgs/include/dwb_msgs/dwb_msgs/msg/detail/local_plan_evaluation__rosidl_typesupport_introspection_c.h
[66.103s] -- Installing: /home/wheeltec/XiouGai-src/src/install/dwb_msgs/include/dwb_msgs/dwb_msgs/msg/detail/trajectory2_d__type_support.c
[66.106s] -- Installing: /home/wheeltec/XiouGai-src/src/install/dwb_msgs/include/dwb_msgs/dwb_msgs/msg/detail/critic_score__rosidl_typesupport_introspection_c.h
[66.107s] -- Installing: /home/wheeltec/XiouGai-src/src/install/dwb_msgs/include/dwb_msgs/dwb_msgs/msg/detail/critic_score__type_support.c
[66.108s] -- Installing: /home/wheeltec/XiouGai-src/src/install/dwb_msgs/include/dwb_msgs/dwb_msgs/msg/detail/trajectory_score__rosidl_typesupport_introspection_c.h
[66.108s] -- Installing: /home/wheeltec/XiouGai-src/src/install/dwb_msgs/include/dwb_msgs/dwb_msgs/msg/detail/local_plan_evaluation__type_support.c
[66.109s] -- Installing: /home/wheeltec/XiouGai-src/src/install/dwb_msgs/include/dwb_msgs/dwb_msgs/msg/detail/trajectory2_d__rosidl_typesupport_introspection_c.h
[66.109s] -- Installing: /home/wheeltec/XiouGai-src/src/install/dwb_msgs/include/dwb_msgs/dwb_msgs/msg/detail/trajectory_score__type_support.c
[66.109s] -- Installing: /home/wheeltec/XiouGai-src/src/install/dwb_msgs/include/dwb_msgs/dwb_msgs/msg/rosidl_typesupport_introspection_c__visibility_control.h
[66.110s] -- Up-to-date: /home/wheeltec/XiouGai-src/src/install/dwb_msgs/include/dwb_msgs/dwb_msgs/srv
[66.110s] -- Up-to-date: /home/wheeltec/XiouGai-src/src/install/dwb_msgs/include/dwb_msgs/dwb_msgs/srv/detail
[66.110s] -- Installing: /home/wheeltec/XiouGai-src/src/install/dwb_msgs/include/dwb_msgs/dwb_msgs/srv/detail/debug_local_plan__rosidl_typesupport_introspection_c.h
[66.114s] -- Installing: /home/wheeltec/XiouGai-src/src/install/dwb_msgs/include/dwb_msgs/dwb_msgs/srv/detail/debug_local_plan__type_support.c
[66.115s] -- Installing: /home/wheeltec/XiouGai-src/src/install/dwb_msgs/include/dwb_msgs/dwb_msgs/srv/detail/score_trajectory__rosidl_typesupport_introspection_c.h
[66.115s] -- Installing: /home/wheeltec/XiouGai-src/src/install/dwb_msgs/include/dwb_msgs/dwb_msgs/srv/detail/generate_twists__rosidl_typesupport_introspection_c.h
[66.117s] -- Installing: /home/wheeltec/XiouGai-src/src/install/dwb_msgs/include/dwb_msgs/dwb_msgs/srv/detail/generate_trajectory__type_support.c
[66.119s] -- Installing: /home/wheeltec/XiouGai-src/src/install/dwb_msgs/include/dwb_msgs/dwb_msgs/srv/detail/score_trajectory__type_support.c
[66.119s] -- Installing: /home/wheeltec/XiouGai-src/src/install/dwb_msgs/include/dwb_msgs/dwb_msgs/srv/detail/get_critic_score__rosidl_typesupport_introspection_c.h
[66.119s] -- Installing: /home/wheeltec/XiouGai-src/src/install/dwb_msgs/include/dwb_msgs/dwb_msgs/srv/detail/generate_trajectory__rosidl_typesupport_introspection_c.h
[66.119s] -- Installing: /home/wheeltec/XiouGai-src/src/install/dwb_msgs/include/dwb_msgs/dwb_msgs/srv/detail/generate_twists__type_support.c
[66.120s] -- Installing: /home/wheeltec/XiouGai-src/src/install/dwb_msgs/include/dwb_msgs/dwb_msgs/srv/detail/get_critic_score__type_support.c
[66.120s] -- Installing: /home/wheeltec/XiouGai-src/src/install/dwb_msgs/lib/libdwb_msgs__rosidl_typesupport_introspection_c.so
[66.127s] -- Set runtime path of "/home/wheeltec/XiouGai-src/src/install/dwb_msgs/lib/libdwb_msgs__rosidl_typesupport_introspection_c.so" to ""
[66.127s] -- Installing: /home/wheeltec/XiouGai-src/src/install/dwb_msgs/lib/libdwb_msgs__rosidl_typesupport_c.so
[66.131s] -- Set runtime path of "/home/wheeltec/XiouGai-src/src/install/dwb_msgs/lib/libdwb_msgs__rosidl_typesupport_c.so" to ""
[66.132s] -- Up-to-date: /home/wheeltec/XiouGai-src/src/install/dwb_msgs/include/dwb_msgs/dwb_msgs
[66.133s] -- Up-to-date: /home/wheeltec/XiouGai-src/src/install/dwb_msgs/include/dwb_msgs/dwb_msgs/msg
[66.133s] -- Up-to-date: /home/wheeltec/XiouGai-src/src/install/dwb_msgs/include/dwb_msgs/dwb_msgs/msg/detail
[66.133s] -- Installing: /home/wheeltec/XiouGai-src/src/install/dwb_msgs/include/dwb_msgs/dwb_msgs/msg/detail/local_plan_evaluation__type_support.cpp
[66.134s] -- Installing: /home/wheeltec/XiouGai-src/src/install/dwb_msgs/include/dwb_msgs/dwb_msgs/msg/detail/trajectory_score__rosidl_typesupport_introspection_cpp.hpp
[66.134s] -- Installing: /home/wheeltec/XiouGai-src/src/install/dwb_msgs/include/dwb_msgs/dwb_msgs/msg/detail/local_plan_evaluation__rosidl_typesupport_introspection_cpp.hpp
[66.136s] -- Installing: /home/wheeltec/XiouGai-src/src/install/dwb_msgs/include/dwb_msgs/dwb_msgs/msg/detail/trajectory_score__type_support.cpp
[66.137s] -- Installing: /home/wheeltec/XiouGai-src/src/install/dwb_msgs/include/dwb_msgs/dwb_msgs/msg/detail/critic_score__type_support.cpp
[66.137s] -- Installing: /home/wheeltec/XiouGai-src/src/install/dwb_msgs/include/dwb_msgs/dwb_msgs/msg/detail/critic_score__rosidl_typesupport_introspection_cpp.hpp
[66.140s] -- Installing: /home/wheeltec/XiouGai-src/src/install/dwb_msgs/include/dwb_msgs/dwb_msgs/msg/detail/trajectory2_d__type_support.cpp
[66.140s] -- Installing: /home/wheeltec/XiouGai-src/src/install/dwb_msgs/include/dwb_msgs/dwb_msgs/msg/detail/trajectory2_d__rosidl_typesupport_introspection_cpp.hpp
[66.141s] -- Up-to-date: /home/wheeltec/XiouGai-src/src/install/dwb_msgs/include/dwb_msgs/dwb_msgs/srv
[66.142s] -- Up-to-date: /home/wheeltec/XiouGai-src/src/install/dwb_msgs/include/dwb_msgs/dwb_msgs/srv/detail
[66.142s] -- Installing: /home/wheeltec/XiouGai-src/src/install/dwb_msgs/include/dwb_msgs/dwb_msgs/srv/detail/generate_trajectory__rosidl_typesupport_introspection_cpp.hpp
[66.142s] -- Installing: /home/wheeltec/XiouGai-src/src/install/dwb_msgs/include/dwb_msgs/dwb_msgs/srv/detail/debug_local_plan__rosidl_typesupport_introspection_cpp.hpp
[66.142s] -- Installing: /home/wheeltec/XiouGai-src/src/install/dwb_msgs/include/dwb_msgs/dwb_msgs/srv/detail/get_critic_score__type_support.cpp
[66.142s] -- Installing: /home/wheeltec/XiouGai-src/src/install/dwb_msgs/include/dwb_msgs/dwb_msgs/srv/detail/get_critic_score__rosidl_typesupport_introspection_cpp.hpp
[66.143s] -- Installing: /home/wheeltec/XiouGai-src/src/install/dwb_msgs/include/dwb_msgs/dwb_msgs/srv/detail/generate_twists__type_support.cpp
[66.144s] -- Installing: /home/wheeltec/XiouGai-src/src/install/dwb_msgs/include/dwb_msgs/dwb_msgs/srv/detail/score_trajectory__rosidl_typesupport_introspection_cpp.hpp
[66.147s] -- Installing: /home/wheeltec/XiouGai-src/src/install/dwb_msgs/include/dwb_msgs/dwb_msgs/srv/detail/generate_trajectory__type_support.cpp
[66.147s] -- Installing: /home/wheeltec/XiouGai-src/src/install/dwb_msgs/include/dwb_msgs/dwb_msgs/srv/detail/score_trajectory__type_support.cpp
[66.147s] -- Installing: /home/wheeltec/XiouGai-src/src/install/dwb_msgs/include/dwb_msgs/dwb_msgs/srv/detail/debug_local_plan__type_support.cpp
[66.147s] -- Installing: /home/wheeltec/XiouGai-src/src/install/dwb_msgs/include/dwb_msgs/dwb_msgs/srv/detail/generate_twists__rosidl_typesupport_introspection_cpp.hpp
[66.147s] -- Installing: /home/wheeltec/XiouGai-src/src/install/dwb_msgs/lib/libdwb_msgs__rosidl_typesupport_introspection_cpp.so
[66.159s] -- Set runtime path of "/home/wheeltec/XiouGai-src/src/install/dwb_msgs/lib/libdwb_msgs__rosidl_typesupport_introspection_cpp.so" to ""
[66.160s] -- Installing: /home/wheeltec/XiouGai-src/src/install/dwb_msgs/lib/libdwb_msgs__rosidl_typesupport_cpp.so
[66.166s] -- Set runtime path of "/home/wheeltec/XiouGai-src/src/install/dwb_msgs/lib/libdwb_msgs__rosidl_typesupport_cpp.so" to ""
[66.167s] -- Installing: /home/wheeltec/XiouGai-src/src/install/dwb_msgs/share/dwb_msgs/environment/pythonpath.sh
[66.168s] -- Installing: /home/wheeltec/XiouGai-src/src/install/dwb_msgs/share/dwb_msgs/environment/pythonpath.dsv
[66.169s] -- Installing: /home/wheeltec/XiouGai-src/src/install/dwb_msgs/local/lib/python3.10/dist-packages/dwb_msgs-1.1.6-py3.10.egg-info
[66.170s] -- Installing: /home/wheeltec/XiouGai-src/src/install/dwb_msgs/local/lib/python3.10/dist-packages/dwb_msgs-1.1.6-py3.10.egg-info/SOURCES.txt
[66.170s] -- Installing: /home/wheeltec/XiouGai-src/src/install/dwb_msgs/local/lib/python3.10/dist-packages/dwb_msgs-1.1.6-py3.10.egg-info/PKG-INFO
[66.171s] -- Installing: /home/wheeltec/XiouGai-src/src/install/dwb_msgs/local/lib/python3.10/dist-packages/dwb_msgs-1.1.6-py3.10.egg-info/dependency_links.txt
[66.171s] -- Installing: /home/wheeltec/XiouGai-src/src/install/dwb_msgs/local/lib/python3.10/dist-packages/dwb_msgs-1.1.6-py3.10.egg-info/top_level.txt
[66.173s] -- Installing: /home/wheeltec/XiouGai-src/src/install/dwb_msgs/local/lib/python3.10/dist-packages/dwb_msgs
[66.173s] -- Installing: /home/wheeltec/XiouGai-src/src/install/dwb_msgs/local/lib/python3.10/dist-packages/dwb_msgs/libdwb_msgs__rosidl_generator_py.so
[66.176s] -- Installing: /home/wheeltec/XiouGai-src/src/install/dwb_msgs/local/lib/python3.10/dist-packages/dwb_msgs/dwb_msgs_s__rosidl_typesupport_c.cpython-310-x86_64-linux-gnu.so
[66.177s] -- Installing: /home/wheeltec/XiouGai-src/src/install/dwb_msgs/local/lib/python3.10/dist-packages/dwb_msgs/msg
[66.178s] -- Installing: /home/wheeltec/XiouGai-src/src/install/dwb_msgs/local/lib/python3.10/dist-packages/dwb_msgs/msg/_trajectory_score.py
[66.180s] -- Installing: /home/wheeltec/XiouGai-src/src/install/dwb_msgs/local/lib/python3.10/dist-packages/dwb_msgs/msg/_critic_score_s.c
[66.181s] -- Installing: /home/wheeltec/XiouGai-src/src/install/dwb_msgs/local/lib/python3.10/dist-packages/dwb_msgs/msg/_critic_score.py
[66.181s] -- Installing: /home/wheeltec/XiouGai-src/src/install/dwb_msgs/local/lib/python3.10/dist-packages/dwb_msgs/msg/_trajectory_score_s.c
[66.182s] -- Installing: /home/wheeltec/XiouGai-src/src/install/dwb_msgs/local/lib/python3.10/dist-packages/dwb_msgs/msg/_local_plan_evaluation.py
[66.182s] -- Installing: /home/wheeltec/XiouGai-src/src/install/dwb_msgs/local/lib/python3.10/dist-packages/dwb_msgs/msg/_local_plan_evaluation_s.c
[66.182s] -- Installing: /home/wheeltec/XiouGai-src/src/install/dwb_msgs/local/lib/python3.10/dist-packages/dwb_msgs/msg/_trajectory2_d.py
[66.183s] -- Installing: /home/wheeltec/XiouGai-src/src/install/dwb_msgs/local/lib/python3.10/dist-packages/dwb_msgs/msg/__init__.py
[66.183s] -- Installing: /home/wheeltec/XiouGai-src/src/install/dwb_msgs/local/lib/python3.10/dist-packages/dwb_msgs/msg/_trajectory2_d_s.c
[66.184s] -- Installing: /home/wheeltec/XiouGai-src/src/install/dwb_msgs/local/lib/python3.10/dist-packages/dwb_msgs/_dwb_msgs_s.ep.rosidl_typesupport_c.c
[66.188s] -- Installing: /home/wheeltec/XiouGai-src/src/install/dwb_msgs/local/lib/python3.10/dist-packages/dwb_msgs/dwb_msgs_s__rosidl_typesupport_fastrtps_c.cpython-310-x86_64-linux-gnu.so
[66.188s] -- Installing: /home/wheeltec/XiouGai-src/src/install/dwb_msgs/local/lib/python3.10/dist-packages/dwb_msgs/srv
[66.188s] -- Installing: /home/wheeltec/XiouGai-src/src/install/dwb_msgs/local/lib/python3.10/dist-packages/dwb_msgs/srv/_debug_local_plan.py
[66.188s] -- Installing: /home/wheeltec/XiouGai-src/src/install/dwb_msgs/local/lib/python3.10/dist-packages/dwb_msgs/srv/_score_trajectory_s.c
[66.190s] -- Installing: /home/wheeltec/XiouGai-src/src/install/dwb_msgs/local/lib/python3.10/dist-packages/dwb_msgs/srv/_generate_twists.py
[66.192s] -- Installing: /home/wheeltec/XiouGai-src/src/install/dwb_msgs/local/lib/python3.10/dist-packages/dwb_msgs/srv/_generate_trajectory.py
[66.192s] -- Installing: /home/wheeltec/XiouGai-src/src/install/dwb_msgs/local/lib/python3.10/dist-packages/dwb_msgs/srv/_score_trajectory.py
[66.192s] -- Installing: /home/wheeltec/XiouGai-src/src/install/dwb_msgs/local/lib/python3.10/dist-packages/dwb_msgs/srv/_get_critic_score.py
[66.192s] -- Installing: /home/wheeltec/XiouGai-src/src/install/dwb_msgs/local/lib/python3.10/dist-packages/dwb_msgs/srv/_generate_twists_s.c
[66.194s] -- Installing: /home/wheeltec/XiouGai-src/src/install/dwb_msgs/local/lib/python3.10/dist-packages/dwb_msgs/srv/__init__.py
[66.196s] -- Installing: /home/wheeltec/XiouGai-src/src/install/dwb_msgs/local/lib/python3.10/dist-packages/dwb_msgs/srv/_get_critic_score_s.c
[66.196s] -- Installing: /home/wheeltec/XiouGai-src/src/install/dwb_msgs/local/lib/python3.10/dist-packages/dwb_msgs/srv/_debug_local_plan_s.c
[66.197s] -- Installing: /home/wheeltec/XiouGai-src/src/install/dwb_msgs/local/lib/python3.10/dist-packages/dwb_msgs/srv/_generate_trajectory_s.c
[66.197s] -- Installing: /home/wheeltec/XiouGai-src/src/install/dwb_msgs/local/lib/python3.10/dist-packages/dwb_msgs/_dwb_msgs_s.ep.rosidl_typesupport_introspection_c.c
[66.197s] -- Installing: /home/wheeltec/XiouGai-src/src/install/dwb_msgs/local/lib/python3.10/dist-packages/dwb_msgs/__init__.py
[66.197s] -- Installing: /home/wheeltec/XiouGai-src/src/install/dwb_msgs/local/lib/python3.10/dist-packages/dwb_msgs/_dwb_msgs_s.ep.rosidl_typesupport_fastrtps_c.c
[66.197s] -- Installing: /home/wheeltec/XiouGai-src/src/install/dwb_msgs/local/lib/python3.10/dist-packages/dwb_msgs/dwb_msgs_s__rosidl_typesupport_introspection_c.cpython-310-x86_64-linux-gnu.so
[66.307s] Listing '/home/wheeltec/XiouGai-src/src/install/dwb_msgs/local/lib/python3.10/dist-packages/dwb_msgs'...
[66.308s] Compiling '/home/wheeltec/XiouGai-src/src/install/dwb_msgs/local/lib/python3.10/dist-packages/dwb_msgs/__init__.py'...
[66.308s] Listing '/home/wheeltec/XiouGai-src/src/install/dwb_msgs/local/lib/python3.10/dist-packages/dwb_msgs/msg'...
[66.308s] Compiling '/home/wheeltec/XiouGai-src/src/install/dwb_msgs/local/lib/python3.10/dist-packages/dwb_msgs/msg/__init__.py'...
[66.310s] Compiling '/home/wheeltec/XiouGai-src/src/install/dwb_msgs/local/lib/python3.10/dist-packages/dwb_msgs/msg/_critic_score.py'...
[66.311s] Compiling '/home/wheeltec/XiouGai-src/src/install/dwb_msgs/local/lib/python3.10/dist-packages/dwb_msgs/msg/_local_plan_evaluation.py'...
[66.311s] Compiling '/home/wheeltec/XiouGai-src/src/install/dwb_msgs/local/lib/python3.10/dist-packages/dwb_msgs/msg/_trajectory2_d.py'...
[66.311s] Compiling '/home/wheeltec/XiouGai-src/src/install/dwb_msgs/local/lib/python3.10/dist-packages/dwb_msgs/msg/_trajectory_score.py'...
[66.311s] Listing '/home/wheeltec/XiouGai-src/src/install/dwb_msgs/local/lib/python3.10/dist-packages/dwb_msgs/srv'...
[66.311s] Compiling '/home/wheeltec/XiouGai-src/src/install/dwb_msgs/local/lib/python3.10/dist-packages/dwb_msgs/srv/__init__.py'...
[66.312s] Compiling '/home/wheeltec/XiouGai-src/src/install/dwb_msgs/local/lib/python3.10/dist-packages/dwb_msgs/srv/_debug_local_plan.py'...
[66.313s] Compiling '/home/wheeltec/XiouGai-src/src/install/dwb_msgs/local/lib/python3.10/dist-packages/dwb_msgs/srv/_generate_trajectory.py'...
[66.313s] Compiling '/home/wheeltec/XiouGai-src/src/install/dwb_msgs/local/lib/python3.10/dist-packages/dwb_msgs/srv/_generate_twists.py'...
[66.314s] Compiling '/home/wheeltec/XiouGai-src/src/install/dwb_msgs/local/lib/python3.10/dist-packages/dwb_msgs/srv/_get_critic_score.py'...
[66.314s] Compiling '/home/wheeltec/XiouGai-src/src/install/dwb_msgs/local/lib/python3.10/dist-packages/dwb_msgs/srv/_score_trajectory.py'...
[66.314s] -- Installing: /home/wheeltec/XiouGai-src/src/install/dwb_msgs/local/lib/python3.10/dist-packages/dwb_msgs/dwb_msgs_s__rosidl_typesupport_fastrtps_c.cpython-310-x86_64-linux-gnu.so
[66.323s] -- Set runtime path of "/home/wheeltec/XiouGai-src/src/install/dwb_msgs/local/lib/python3.10/dist-packages/dwb_msgs/dwb_msgs_s__rosidl_typesupport_fastrtps_c.cpython-310-x86_64-linux-gnu.so" to ""
[66.327s] -- Installing: /home/wheeltec/XiouGai-src/src/install/dwb_msgs/local/lib/python3.10/dist-packages/dwb_msgs/dwb_msgs_s__rosidl_typesupport_introspection_c.cpython-310-x86_64-linux-gnu.so
[66.339s] -- Set runtime path of "/home/wheeltec/XiouGai-src/src/install/dwb_msgs/local/lib/python3.10/dist-packages/dwb_msgs/dwb_msgs_s__rosidl_typesupport_introspection_c.cpython-310-x86_64-linux-gnu.so" to ""
[66.339s] -- Installing: /home/wheeltec/XiouGai-src/src/install/dwb_msgs/local/lib/python3.10/dist-packages/dwb_msgs/dwb_msgs_s__rosidl_typesupport_c.cpython-310-x86_64-linux-gnu.so
[66.346s] -- Set runtime path of "/home/wheeltec/XiouGai-src/src/install/dwb_msgs/local/lib/python3.10/dist-packages/dwb_msgs/dwb_msgs_s__rosidl_typesupport_c.cpython-310-x86_64-linux-gnu.so" to ""
[66.346s] -- Installing: /home/wheeltec/XiouGai-src/src/install/dwb_msgs/lib/libdwb_msgs__rosidl_generator_py.so
[66.357s] -- Set runtime path of "/home/wheeltec/XiouGai-src/src/install/dwb_msgs/lib/libdwb_msgs__rosidl_generator_py.so" to ""
[66.358s] -- Installing: /home/wheeltec/XiouGai-src/src/install/dwb_msgs/share/dwb_msgs/msg/CriticScore.idl
[66.358s] -- Installing: /home/wheeltec/XiouGai-src/src/install/dwb_msgs/share/dwb_msgs/msg/LocalPlanEvaluation.idl
[66.362s] -- Installing: /home/wheeltec/XiouGai-src/src/install/dwb_msgs/share/dwb_msgs/msg/Trajectory2D.idl
[66.364s] -- Installing: /home/wheeltec/XiouGai-src/src/install/dwb_msgs/share/dwb_msgs/msg/TrajectoryScore.idl
[66.367s] -- Installing: /home/wheeltec/XiouGai-src/src/install/dwb_msgs/share/dwb_msgs/srv/DebugLocalPlan.idl
[66.370s] -- Installing: /home/wheeltec/XiouGai-src/src/install/dwb_msgs/share/dwb_msgs/srv/GenerateTrajectory.idl
[66.373s] -- Installing: /home/wheeltec/XiouGai-src/src/install/dwb_msgs/share/dwb_msgs/srv/GenerateTwists.idl
[66.376s] -- Installing: /home/wheeltec/XiouGai-src/src/install/dwb_msgs/share/dwb_msgs/srv/GetCriticScore.idl
[66.376s] -- Installing: /home/wheeltec/XiouGai-src/src/install/dwb_msgs/share/dwb_msgs/srv/ScoreTrajectory.idl
[66.381s] -- Installing: /home/wheeltec/XiouGai-src/src/install/dwb_msgs/share/dwb_msgs/msg/CriticScore.msg
[66.382s] -- Installing: /home/wheeltec/XiouGai-src/src/install/dwb_msgs/share/dwb_msgs/msg/LocalPlanEvaluation.msg
[66.383s] -- Installing: /home/wheeltec/XiouGai-src/src/install/dwb_msgs/share/dwb_msgs/msg/Trajectory2D.msg
[66.384s] -- Installing: /home/wheeltec/XiouGai-src/src/install/dwb_msgs/share/dwb_msgs/msg/TrajectoryScore.msg
[66.388s] -- Installing: /home/wheeltec/XiouGai-src/src/install/dwb_msgs/share/dwb_msgs/srv/DebugLocalPlan.srv
[66.389s] -- Installing: /home/wheeltec/XiouGai-src/src/install/dwb_msgs/share/dwb_msgs/srv/DebugLocalPlan_Request.msg
[66.392s] -- Installing: /home/wheeltec/XiouGai-src/src/install/dwb_msgs/share/dwb_msgs/srv/DebugLocalPlan_Response.msg
[66.394s] -- Installing: /home/wheeltec/XiouGai-src/src/install/dwb_msgs/share/dwb_msgs/srv/GenerateTrajectory.srv
[66.397s] -- Installing: /home/wheeltec/XiouGai-src/src/install/dwb_msgs/share/dwb_msgs/srv/GenerateTrajectory_Request.msg
[66.408s] -- Installing: /home/wheeltec/XiouGai-src/src/install/dwb_msgs/share/dwb_msgs/srv/GenerateTrajectory_Response.msg
[66.408s] -- Installing: /home/wheeltec/XiouGai-src/src/install/dwb_msgs/share/dwb_msgs/srv/GenerateTwists.srv
[66.408s] -- Installing: /home/wheeltec/XiouGai-src/src/install/dwb_msgs/share/dwb_msgs/srv/GenerateTwists_Request.msg
[66.409s] -- Installing: /home/wheeltec/XiouGai-src/src/install/dwb_msgs/share/dwb_msgs/srv/GenerateTwists_Response.msg
[66.409s] -- Installing: /home/wheeltec/XiouGai-src/src/install/dwb_msgs/share/dwb_msgs/srv/GetCriticScore.srv
[66.409s] -- Installing: /home/wheeltec/XiouGai-src/src/install/dwb_msgs/share/dwb_msgs/srv/GetCriticScore_Request.msg
[66.410s] -- Installing: /home/wheeltec/XiouGai-src/src/install/dwb_msgs/share/dwb_msgs/srv/GetCriticScore_Response.msg
[66.411s] -- Installing: /home/wheeltec/XiouGai-src/src/install/dwb_msgs/share/dwb_msgs/srv/ScoreTrajectory.srv
[66.412s] -- Installing: /home/wheeltec/XiouGai-src/src/install/dwb_msgs/share/dwb_msgs/srv/ScoreTrajectory_Request.msg
[66.417s] -- Installing: /home/wheeltec/XiouGai-src/src/install/dwb_msgs/share/dwb_msgs/srv/ScoreTrajectory_Response.msg
[66.420s] -- Installing: /home/wheeltec/XiouGai-src/src/install/dwb_msgs/share/ament_index/resource_index/package_run_dependencies/dwb_msgs
[66.420s] -- Installing: /home/wheeltec/XiouGai-src/src/install/dwb_msgs/share/ament_index/resource_index/parent_prefix_path/dwb_msgs
[66.424s] -- Installing: /home/wheeltec/XiouGai-src/src/install/dwb_msgs/share/dwb_msgs/environment/ament_prefix_path.sh
[66.424s] -- Installing: /home/wheeltec/XiouGai-src/src/install/dwb_msgs/share/dwb_msgs/environment/ament_prefix_path.dsv
[66.430s] -- Installing: /home/wheeltec/XiouGai-src/src/install/dwb_msgs/share/dwb_msgs/environment/path.sh
[66.430s] -- Installing: /home/wheeltec/XiouGai-src/src/install/dwb_msgs/share/dwb_msgs/environment/path.dsv
[66.435s] -- Installing: /home/wheeltec/XiouGai-src/src/install/dwb_msgs/share/dwb_msgs/local_setup.bash
[66.436s] -- Installing: /home/wheeltec/XiouGai-src/src/install/dwb_msgs/share/dwb_msgs/local_setup.sh
[66.442s] -- Installing: /home/wheeltec/XiouGai-src/src/install/dwb_msgs/share/dwb_msgs/local_setup.zsh
[66.442s] -- Installing: /home/wheeltec/XiouGai-src/src/install/dwb_msgs/share/dwb_msgs/local_setup.dsv
[66.443s] -- Installing: /home/wheeltec/XiouGai-src/src/install/dwb_msgs/share/dwb_msgs/package.dsv
[66.444s] -- Installing: /home/wheeltec/XiouGai-src/src/install/dwb_msgs/share/ament_index/resource_index/packages/dwb_msgs
[66.451s] -- Installing: /home/wheeltec/XiouGai-src/src/install/dwb_msgs/share/dwb_msgs/cmake/export_dwb_msgs__rosidl_generator_cExport.cmake
[66.451s] -- Installing: /home/wheeltec/XiouGai-src/src/install/dwb_msgs/share/dwb_msgs/cmake/export_dwb_msgs__rosidl_generator_cExport-noconfig.cmake
[66.452s] -- Installing: /home/wheeltec/XiouGai-src/src/install/dwb_msgs/share/dwb_msgs/cmake/export_dwb_msgs__rosidl_typesupport_fastrtps_cExport.cmake
[66.452s] -- Installing: /home/wheeltec/XiouGai-src/src/install/dwb_msgs/share/dwb_msgs/cmake/export_dwb_msgs__rosidl_typesupport_fastrtps_cExport-noconfig.cmake
[66.452s] -- Installing: /home/wheeltec/XiouGai-src/src/install/dwb_msgs/share/dwb_msgs/cmake/export_dwb_msgs__rosidl_generator_cppExport.cmake
[66.456s] -- Installing: /home/wheeltec/XiouGai-src/src/install/dwb_msgs/share/dwb_msgs/cmake/export_dwb_msgs__rosidl_typesupport_fastrtps_cppExport.cmake
[66.459s] -- Installing: /home/wheeltec/XiouGai-src/src/install/dwb_msgs/share/dwb_msgs/cmake/export_dwb_msgs__rosidl_typesupport_fastrtps_cppExport-noconfig.cmake
[66.459s] -- Installing: /home/wheeltec/XiouGai-src/src/install/dwb_msgs/share/dwb_msgs/cmake/dwb_msgs__rosidl_typesupport_introspection_cExport.cmake
[66.459s] -- Installing: /home/wheeltec/XiouGai-src/src/install/dwb_msgs/share/dwb_msgs/cmake/dwb_msgs__rosidl_typesupport_introspection_cExport-noconfig.cmake
[66.460s] -- Installing: /home/wheeltec/XiouGai-src/src/install/dwb_msgs/share/dwb_msgs/cmake/dwb_msgs__rosidl_typesupport_cExport.cmake
[66.462s] -- Installing: /home/wheeltec/XiouGai-src/src/install/dwb_msgs/share/dwb_msgs/cmake/dwb_msgs__rosidl_typesupport_cExport-noconfig.cmake
[66.466s] -- Installing: /home/wheeltec/XiouGai-src/src/install/dwb_msgs/share/dwb_msgs/cmake/dwb_msgs__rosidl_typesupport_introspection_cppExport.cmake
[66.466s] -- Installing: /home/wheeltec/XiouGai-src/src/install/dwb_msgs/share/dwb_msgs/cmake/dwb_msgs__rosidl_typesupport_introspection_cppExport-noconfig.cmake
[66.467s] -- Installing: /home/wheeltec/XiouGai-src/src/install/dwb_msgs/share/dwb_msgs/cmake/dwb_msgs__rosidl_typesupport_cppExport.cmake
[66.470s] -- Installing: /home/wheeltec/XiouGai-src/src/install/dwb_msgs/share/dwb_msgs/cmake/dwb_msgs__rosidl_typesupport_cppExport-noconfig.cmake
[66.473s] -- Installing: /home/wheeltec/XiouGai-src/src/install/dwb_msgs/share/dwb_msgs/cmake/export_dwb_msgs__rosidl_generator_pyExport.cmake
[66.473s] -- Installing: /home/wheeltec/XiouGai-src/src/install/dwb_msgs/share/dwb_msgs/cmake/export_dwb_msgs__rosidl_generator_pyExport-noconfig.cmake
[66.473s] -- Installing: /home/wheeltec/XiouGai-src/src/install/dwb_msgs/share/dwb_msgs/cmake/rosidl_cmake-extras.cmake
[66.476s] -- Installing: /home/wheeltec/XiouGai-src/src/install/dwb_msgs/share/dwb_msgs/cmake/ament_cmake_export_dependencies-extras.cmake
[66.477s] -- Installing: /home/wheeltec/XiouGai-src/src/install/dwb_msgs/share/dwb_msgs/cmake/ament_cmake_export_include_directories-extras.cmake
[66.481s] -- Installing: /home/wheeltec/XiouGai-src/src/install/dwb_msgs/share/dwb_msgs/cmake/ament_cmake_export_libraries-extras.cmake
[66.481s] -- Installing: /home/wheeltec/XiouGai-src/src/install/dwb_msgs/share/dwb_msgs/cmake/ament_cmake_export_targets-extras.cmake
[66.484s] -- Installing: /home/wheeltec/XiouGai-src/src/install/dwb_msgs/share/dwb_msgs/cmake/rosidl_cmake_export_typesupport_targets-extras.cmake
[66.485s] -- Installing: /home/wheeltec/XiouGai-src/src/install/dwb_msgs/share/dwb_msgs/cmake/rosidl_cmake_export_typesupport_libraries-extras.cmake
[66.489s] -- Installing: /home/wheeltec/XiouGai-src/src/install/dwb_msgs/share/dwb_msgs/cmake/dwb_msgsConfig.cmake
[66.490s] -- Installing: /home/wheeltec/XiouGai-src/src/install/dwb_msgs/share/dwb_msgs/cmake/dwb_msgsConfig-version.cmake
[66.494s] -- Installing: /home/wheeltec/XiouGai-src/src/install/dwb_msgs/share/dwb_msgs/package.xml
[66.500s] Invoked command in '/home/wheeltec/XiouGai-src/src/build/dwb_msgs' returned '0': AMENT_PREFIX_PATH=/home/wheeltec/XiouGai-src/src/install/nav_2d_msgs:${AMENT_PREFIX_PATH} CMAKE_PREFIX_PATH=/home/wheeltec/XiouGai-src/src/install/nav_2d_msgs:/home/wheeltec/rtabmap_ws/install/rtabmap_ros:/home/wheeltec/rtabmap_ws/install/rtabmap_launch:/home/wheeltec/rtabmap_ws/install/rtabmap_examples:/home/wheeltec/rtabmap_ws/install/rtabmap_demos:/home/wheeltec/rtabmap_ws/install/rtabmap_viz:/home/wheeltec/rtabmap_ws/install/rtabmap_slam:/home/wheeltec/rtabmap_ws/install/rtabmap_odom:/home/wheeltec/rtabmap_ws/install/rtabmap_util:/home/wheeltec/rtabmap_ws/install/rtabmap_sync:/home/wheeltec/rtabmap_ws/install/rtabmap_rviz_plugins:/home/wheeltec/rtabmap_ws/install/rtabmap_conversions:/home/wheeltec/rtabmap_ws/install/rtabmap_python:/opt/ros/humble:/home/wheeltec/rtabmap_ws/install/rtabmap_msgs:/home/wheeltec/rtabmap_ws/install/rtabmap LD_LIBRARY_PATH=/home/wheeltec/XiouGai-src/src/install/nav_2d_msgs/lib:${LD_LIBRARY_PATH} PYTHONPATH=/home/wheeltec/XiouGai-src/src/install/nav_2d_msgs/local/lib/python3.10/dist-packages:${PYTHONPATH} /usr/bin/cmake --install /home/wheeltec/XiouGai-src/src/build/dwb_msgs
