[0.107s] Invoking command in '/home/wheeltec/XiouGai-src/src/build/nav2_common': CMAKE_PREFIX_PATH=/home/wheeltec/rtabmap_ws/install/rtabmap_ros:/home/wheeltec/rtabmap_ws/install/rtabmap_launch:/home/wheeltec/rtabmap_ws/install/rtabmap_examples:/home/wheeltec/rtabmap_ws/install/rtabmap_demos:/home/wheeltec/rtabmap_ws/install/rtabmap_viz:/home/wheeltec/rtabmap_ws/install/rtabmap_slam:/home/wheeltec/rtabmap_ws/install/rtabmap_odom:/home/wheeltec/rtabmap_ws/install/rtabmap_util:/home/wheeltec/rtabmap_ws/install/rtabmap_sync:/home/wheeltec/rtabmap_ws/install/rtabmap_rviz_plugins:/home/wheeltec/rtabmap_ws/install/rtabmap_conversions:/home/wheeltec/rtabmap_ws/install/rtabmap_python:/opt/ros/humble:/home/wheeltec/rtabmap_ws/install/rtabmap_msgs:/home/wheeltec/rtabmap_ws/install/rtabmap /usr/bin/cmake /home/wheeltec/XiouGai-src/src/navigation2-humble/nav2_common -DCMAKE_INSTALL_PREFIX=/home/wheeltec/XiouGai-src/src/install/nav2_common
[0.254s] -- Found ament_cmake_core: 1.3.9 (/opt/ros/humble/share/ament_cmake_core/cmake)
[0.625s] -- Found Python3: /usr/bin/python3 (found version "3.10.12") found components: Interpreter 
[0.868s] -- Found ament_cmake_python: 1.3.9 (/opt/ros/humble/share/ament_cmake_python/cmake)
[1.262s] -- Configuring done
[1.285s] -- Generating done
[1.285s] -- Build files have been written to: /home/wheeltec/XiouGai-src/src/build/nav2_common
[1.301s] Invoked command in '/home/wheeltec/XiouGai-src/src/build/nav2_common' returned '0': CMAKE_PREFIX_PATH=/home/wheeltec/rtabmap_ws/install/rtabmap_ros:/home/wheeltec/rtabmap_ws/install/rtabmap_launch:/home/wheeltec/rtabmap_ws/install/rtabmap_examples:/home/wheeltec/rtabmap_ws/install/rtabmap_demos:/home/wheeltec/rtabmap_ws/install/rtabmap_viz:/home/wheeltec/rtabmap_ws/install/rtabmap_slam:/home/wheeltec/rtabmap_ws/install/rtabmap_odom:/home/wheeltec/rtabmap_ws/install/rtabmap_util:/home/wheeltec/rtabmap_ws/install/rtabmap_sync:/home/wheeltec/rtabmap_ws/install/rtabmap_rviz_plugins:/home/wheeltec/rtabmap_ws/install/rtabmap_conversions:/home/wheeltec/rtabmap_ws/install/rtabmap_python:/opt/ros/humble:/home/wheeltec/rtabmap_ws/install/rtabmap_msgs:/home/wheeltec/rtabmap_ws/install/rtabmap /usr/bin/cmake /home/wheeltec/XiouGai-src/src/navigation2-humble/nav2_common -DCMAKE_INSTALL_PREFIX=/home/wheeltec/XiouGai-src/src/install/nav2_common
[1.302s] Invoking command in '/home/wheeltec/XiouGai-src/src/build/nav2_common': CMAKE_PREFIX_PATH=/home/wheeltec/rtabmap_ws/install/rtabmap_ros:/home/wheeltec/rtabmap_ws/install/rtabmap_launch:/home/wheeltec/rtabmap_ws/install/rtabmap_examples:/home/wheeltec/rtabmap_ws/install/rtabmap_demos:/home/wheeltec/rtabmap_ws/install/rtabmap_viz:/home/wheeltec/rtabmap_ws/install/rtabmap_slam:/home/wheeltec/rtabmap_ws/install/rtabmap_odom:/home/wheeltec/rtabmap_ws/install/rtabmap_util:/home/wheeltec/rtabmap_ws/install/rtabmap_sync:/home/wheeltec/rtabmap_ws/install/rtabmap_rviz_plugins:/home/wheeltec/rtabmap_ws/install/rtabmap_conversions:/home/wheeltec/rtabmap_ws/install/rtabmap_python:/opt/ros/humble:/home/wheeltec/rtabmap_ws/install/rtabmap_msgs:/home/wheeltec/rtabmap_ws/install/rtabmap /usr/bin/cmake --build /home/wheeltec/XiouGai-src/src/build/nav2_common -- -j4 -l4
[1.570s] Built target ament_cmake_python_copy_nav2_common
[2.011s] running egg_info
[2.011s] creating nav2_common.egg-info
[2.011s] writing nav2_common.egg-info/PKG-INFO
[2.011s] writing dependency_links to nav2_common.egg-info/dependency_links.txt
[2.011s] writing top-level names to nav2_common.egg-info/top_level.txt
[2.011s] writing manifest file 'nav2_common.egg-info/SOURCES.txt'
[2.019s] reading manifest file 'nav2_common.egg-info/SOURCES.txt'
[2.019s] writing manifest file 'nav2_common.egg-info/SOURCES.txt'
[2.067s] Built target ament_cmake_python_build_nav2_common_egg
[2.099s] Invoked command in '/home/wheeltec/XiouGai-src/src/build/nav2_common' returned '0': CMAKE_PREFIX_PATH=/home/wheeltec/rtabmap_ws/install/rtabmap_ros:/home/wheeltec/rtabmap_ws/install/rtabmap_launch:/home/wheeltec/rtabmap_ws/install/rtabmap_examples:/home/wheeltec/rtabmap_ws/install/rtabmap_demos:/home/wheeltec/rtabmap_ws/install/rtabmap_viz:/home/wheeltec/rtabmap_ws/install/rtabmap_slam:/home/wheeltec/rtabmap_ws/install/rtabmap_odom:/home/wheeltec/rtabmap_ws/install/rtabmap_util:/home/wheeltec/rtabmap_ws/install/rtabmap_sync:/home/wheeltec/rtabmap_ws/install/rtabmap_rviz_plugins:/home/wheeltec/rtabmap_ws/install/rtabmap_conversions:/home/wheeltec/rtabmap_ws/install/rtabmap_python:/opt/ros/humble:/home/wheeltec/rtabmap_ws/install/rtabmap_msgs:/home/wheeltec/rtabmap_ws/install/rtabmap /usr/bin/cmake --build /home/wheeltec/XiouGai-src/src/build/nav2_common -- -j4 -l4
[2.230s] Invoking command in '/home/wheeltec/XiouGai-src/src/build/nav2_common': CMAKE_PREFIX_PATH=/home/wheeltec/rtabmap_ws/install/rtabmap_ros:/home/wheeltec/rtabmap_ws/install/rtabmap_launch:/home/wheeltec/rtabmap_ws/install/rtabmap_examples:/home/wheeltec/rtabmap_ws/install/rtabmap_demos:/home/wheeltec/rtabmap_ws/install/rtabmap_viz:/home/wheeltec/rtabmap_ws/install/rtabmap_slam:/home/wheeltec/rtabmap_ws/install/rtabmap_odom:/home/wheeltec/rtabmap_ws/install/rtabmap_util:/home/wheeltec/rtabmap_ws/install/rtabmap_sync:/home/wheeltec/rtabmap_ws/install/rtabmap_rviz_plugins:/home/wheeltec/rtabmap_ws/install/rtabmap_conversions:/home/wheeltec/rtabmap_ws/install/rtabmap_python:/opt/ros/humble:/home/wheeltec/rtabmap_ws/install/rtabmap_msgs:/home/wheeltec/rtabmap_ws/install/rtabmap /usr/bin/cmake --install /home/wheeltec/XiouGai-src/src/build/nav2_common
[2.255s] -- Install configuration: ""
[2.256s] -- Installing: /home/wheeltec/XiouGai-src/src/install/nav2_common/share/nav2_common/environment/pythonpath.sh
[2.257s] -- Installing: /home/wheeltec/XiouGai-src/src/install/nav2_common/share/nav2_common/environment/pythonpath.dsv
[2.257s] -- Installing: /home/wheeltec/XiouGai-src/src/install/nav2_common/local/lib/python3.10/dist-packages/nav2_common-1.1.6-py3.10.egg-info
[2.258s] -- Installing: /home/wheeltec/XiouGai-src/src/install/nav2_common/local/lib/python3.10/dist-packages/nav2_common-1.1.6-py3.10.egg-info/SOURCES.txt
[2.259s] -- Installing: /home/wheeltec/XiouGai-src/src/install/nav2_common/local/lib/python3.10/dist-packages/nav2_common-1.1.6-py3.10.egg-info/PKG-INFO
[2.260s] -- Installing: /home/wheeltec/XiouGai-src/src/install/nav2_common/local/lib/python3.10/dist-packages/nav2_common-1.1.6-py3.10.egg-info/dependency_links.txt
[2.261s] -- Installing: /home/wheeltec/XiouGai-src/src/install/nav2_common/local/lib/python3.10/dist-packages/nav2_common-1.1.6-py3.10.egg-info/top_level.txt
[2.262s] -- Installing: /home/wheeltec/XiouGai-src/src/install/nav2_common/local/lib/python3.10/dist-packages/nav2_common
[2.262s] -- Installing: /home/wheeltec/XiouGai-src/src/install/nav2_common/local/lib/python3.10/dist-packages/nav2_common/launch
[2.262s] -- Installing: /home/wheeltec/XiouGai-src/src/install/nav2_common/local/lib/python3.10/dist-packages/nav2_common/launch/replace_string.py
[2.262s] -- Installing: /home/wheeltec/XiouGai-src/src/install/nav2_common/local/lib/python3.10/dist-packages/nav2_common/launch/has_node_params.py
[2.264s] -- Installing: /home/wheeltec/XiouGai-src/src/install/nav2_common/local/lib/python3.10/dist-packages/nav2_common/launch/rewritten_yaml.py
[2.264s] -- Installing: /home/wheeltec/XiouGai-src/src/install/nav2_common/local/lib/python3.10/dist-packages/nav2_common/launch/__init__.py
[2.265s] -- Installing: /home/wheeltec/XiouGai-src/src/install/nav2_common/local/lib/python3.10/dist-packages/nav2_common/__init__.py
[2.323s] Listing '/home/wheeltec/XiouGai-src/src/install/nav2_common/local/lib/python3.10/dist-packages/nav2_common'...
[2.323s] Compiling '/home/wheeltec/XiouGai-src/src/install/nav2_common/local/lib/python3.10/dist-packages/nav2_common/__init__.py'...
[2.323s] Listing '/home/wheeltec/XiouGai-src/src/install/nav2_common/local/lib/python3.10/dist-packages/nav2_common/launch'...
[2.323s] Compiling '/home/wheeltec/XiouGai-src/src/install/nav2_common/local/lib/python3.10/dist-packages/nav2_common/launch/__init__.py'...
[2.324s] Compiling '/home/wheeltec/XiouGai-src/src/install/nav2_common/local/lib/python3.10/dist-packages/nav2_common/launch/has_node_params.py'...
[2.324s] Compiling '/home/wheeltec/XiouGai-src/src/install/nav2_common/local/lib/python3.10/dist-packages/nav2_common/launch/replace_string.py'...
[2.324s] Compiling '/home/wheeltec/XiouGai-src/src/install/nav2_common/local/lib/python3.10/dist-packages/nav2_common/launch/rewritten_yaml.py'...
[2.328s] -- Installing: /home/wheeltec/XiouGai-src/src/install/nav2_common/share/ament_index/resource_index/package_run_dependencies/nav2_common
[2.328s] -- Installing: /home/wheeltec/XiouGai-src/src/install/nav2_common/share/ament_index/resource_index/parent_prefix_path/nav2_common
[2.330s] -- Installing: /home/wheeltec/XiouGai-src/src/install/nav2_common/share/nav2_common/environment/ament_prefix_path.sh
[2.333s] -- Installing: /home/wheeltec/XiouGai-src/src/install/nav2_common/share/nav2_common/environment/ament_prefix_path.dsv
[2.333s] -- Installing: /home/wheeltec/XiouGai-src/src/install/nav2_common/share/nav2_common/environment/path.sh
[2.333s] -- Installing: /home/wheeltec/XiouGai-src/src/install/nav2_common/share/nav2_common/environment/path.dsv
[2.333s] -- Installing: /home/wheeltec/XiouGai-src/src/install/nav2_common/share/nav2_common/local_setup.bash
[2.333s] -- Installing: /home/wheeltec/XiouGai-src/src/install/nav2_common/share/nav2_common/local_setup.sh
[2.333s] -- Installing: /home/wheeltec/XiouGai-src/src/install/nav2_common/share/nav2_common/local_setup.zsh
[2.334s] -- Installing: /home/wheeltec/XiouGai-src/src/install/nav2_common/share/nav2_common/local_setup.dsv
[2.335s] -- Installing: /home/wheeltec/XiouGai-src/src/install/nav2_common/share/nav2_common/package.dsv
[2.335s] -- Installing: /home/wheeltec/XiouGai-src/src/install/nav2_common/share/ament_index/resource_index/packages/nav2_common
[2.336s] -- Installing: /home/wheeltec/XiouGai-src/src/install/nav2_common/share/nav2_common/cmake/nav2_common-extras.cmake
[2.337s] -- Installing: /home/wheeltec/XiouGai-src/src/install/nav2_common/share/nav2_common/cmake/nav2_commonConfig.cmake
[2.337s] -- Installing: /home/wheeltec/XiouGai-src/src/install/nav2_common/share/nav2_common/cmake/nav2_commonConfig-version.cmake
[2.340s] -- Installing: /home/wheeltec/XiouGai-src/src/install/nav2_common/share/nav2_common/package.xml
[2.340s] -- Up-to-date: /home/wheeltec/XiouGai-src/src/install/nav2_common/share/nav2_common/cmake
[2.340s] -- Installing: /home/wheeltec/XiouGai-src/src/install/nav2_common/share/nav2_common/cmake/nav2_package.cmake
[2.346s] Invoked command in '/home/wheeltec/XiouGai-src/src/build/nav2_common' returned '0': CMAKE_PREFIX_PATH=/home/wheeltec/rtabmap_ws/install/rtabmap_ros:/home/wheeltec/rtabmap_ws/install/rtabmap_launch:/home/wheeltec/rtabmap_ws/install/rtabmap_examples:/home/wheeltec/rtabmap_ws/install/rtabmap_demos:/home/wheeltec/rtabmap_ws/install/rtabmap_viz:/home/wheeltec/rtabmap_ws/install/rtabmap_slam:/home/wheeltec/rtabmap_ws/install/rtabmap_odom:/home/wheeltec/rtabmap_ws/install/rtabmap_util:/home/wheeltec/rtabmap_ws/install/rtabmap_sync:/home/wheeltec/rtabmap_ws/install/rtabmap_rviz_plugins:/home/wheeltec/rtabmap_ws/install/rtabmap_conversions:/home/wheeltec/rtabmap_ws/install/rtabmap_python:/opt/ros/humble:/home/wheeltec/rtabmap_ws/install/rtabmap_msgs:/home/wheeltec/rtabmap_ws/install/rtabmap /usr/bin/cmake --install /home/wheeltec/XiouGai-src/src/build/nav2_common
