[0.087s] Invoking command in '/home/wheeltec/XiouGai-src/src/build/nav_2d_msgs': CMAKE_PREFIX_PATH=/home/wheeltec/rtabmap_ws/install/rtabmap_ros:/home/wheeltec/rtabmap_ws/install/rtabmap_launch:/home/wheeltec/rtabmap_ws/install/rtabmap_examples:/home/wheeltec/rtabmap_ws/install/rtabmap_demos:/home/wheeltec/rtabmap_ws/install/rtabmap_viz:/home/wheeltec/rtabmap_ws/install/rtabmap_slam:/home/wheeltec/rtabmap_ws/install/rtabmap_odom:/home/wheeltec/rtabmap_ws/install/rtabmap_util:/home/wheeltec/rtabmap_ws/install/rtabmap_sync:/home/wheeltec/rtabmap_ws/install/rtabmap_rviz_plugins:/home/wheeltec/rtabmap_ws/install/rtabmap_conversions:/home/wheeltec/rtabmap_ws/install/rtabmap_python:/opt/ros/humble:/home/wheeltec/rtabmap_ws/install/rtabmap_msgs:/home/wheeltec/rtabmap_ws/install/rtabmap /usr/bin/cmake /home/wheeltec/XiouGai-src/src/navigation2-humble/nav2_dwb_controller/nav_2d_msgs -DCMAKE_INSTALL_PREFIX=/home/wheeltec/XiouGai-src/src/install/nav_2d_msgs
[0.450s] -- The C compiler identification is GNU 11.4.0
[0.835s] -- The CXX compiler identification is GNU 11.4.0
[0.866s] -- Detecting C compiler ABI info
[1.162s] -- Detecting C compiler ABI info - done
[1.166s] -- Check for working C compiler: /usr/bin/cc - skipped
[1.169s] -- Detecting C compile features
[1.172s] -- Detecting C compile features - done
[1.196s] -- Detecting CXX compiler ABI info
[1.590s] -- Detecting CXX compiler ABI info - done
[1.608s] -- Check for working CXX compiler: /usr/bin/c++ - skipped
[1.610s] -- Detecting CXX compile features
[1.611s] -- Detecting CXX compile features - done
[1.629s] -- Found geometry_msgs: 4.2.4 (/opt/ros/humble/share/geometry_msgs/cmake)
[1.907s] -- Found Python3: /usr/bin/python3 (found version "3.10.12") found components: Interpreter 
[2.356s] -- Found rosidl_generator_c: 3.1.5 (/opt/ros/humble/share/rosidl_generator_c/cmake)
[2.376s] -- Found rosidl_adapter: 3.1.5 (/opt/ros/humble/share/rosidl_adapter/cmake)
[2.419s] -- Found rosidl_generator_cpp: 3.1.5 (/opt/ros/humble/share/rosidl_generator_cpp/cmake)
[2.481s] -- Using all available rosidl_typesupport_c: rosidl_typesupport_fastrtps_c;rosidl_typesupport_introspection_c
[2.567s] -- Using all available rosidl_typesupport_cpp: rosidl_typesupport_fastrtps_cpp;rosidl_typesupport_introspection_cpp
[2.845s] -- Found rosidl_default_generators: 1.2.0 (/opt/ros/humble/share/rosidl_default_generators/cmake)
[3.956s] -- Found ament_cmake_ros: 0.10.0 (/opt/ros/humble/share/ament_cmake_ros/cmake)
[5.055s] -- Using all available rosidl_typesupport_c: rosidl_typesupport_fastrtps_c;rosidl_typesupport_introspection_c
[5.512s] -- Using all available rosidl_typesupport_cpp: rosidl_typesupport_fastrtps_cpp;rosidl_typesupport_introspection_cpp
[5.595s] -- Found PythonInterp: /usr/bin/python3 (found suitable version "3.10.12", minimum required is "3.6") 
[5.614s] -- Found python_cmake_module: 0.10.0 (/opt/ros/humble/share/python_cmake_module/cmake)
[5.752s] -- Found PythonLibs: /usr/lib/x86_64-linux-gnu/libpython3.10.so (found suitable version "3.10.12", minimum required is "3.5") 
[5.753s] -- Using PYTHON_EXECUTABLE: /usr/bin/python3
[5.753s] -- Using PYTHON_INCLUDE_DIRS: /usr/include/python3.10
[5.753s] -- Using PYTHON_LIBRARIES: /usr/lib/x86_64-linux-gnu/libpython3.10.so
[5.893s] -- Found PythonExtra: .so  
[6.500s] -- Configuring done
[6.721s] -- Generating done
[6.722s] -- Build files have been written to: /home/wheeltec/XiouGai-src/src/build/nav_2d_msgs
[6.750s] Invoked command in '/home/wheeltec/XiouGai-src/src/build/nav_2d_msgs' returned '0': CMAKE_PREFIX_PATH=/home/wheeltec/rtabmap_ws/install/rtabmap_ros:/home/wheeltec/rtabmap_ws/install/rtabmap_launch:/home/wheeltec/rtabmap_ws/install/rtabmap_examples:/home/wheeltec/rtabmap_ws/install/rtabmap_demos:/home/wheeltec/rtabmap_ws/install/rtabmap_viz:/home/wheeltec/rtabmap_ws/install/rtabmap_slam:/home/wheeltec/rtabmap_ws/install/rtabmap_odom:/home/wheeltec/rtabmap_ws/install/rtabmap_util:/home/wheeltec/rtabmap_ws/install/rtabmap_sync:/home/wheeltec/rtabmap_ws/install/rtabmap_rviz_plugins:/home/wheeltec/rtabmap_ws/install/rtabmap_conversions:/home/wheeltec/rtabmap_ws/install/rtabmap_python:/opt/ros/humble:/home/wheeltec/rtabmap_ws/install/rtabmap_msgs:/home/wheeltec/rtabmap_ws/install/rtabmap /usr/bin/cmake /home/wheeltec/XiouGai-src/src/navigation2-humble/nav2_dwb_controller/nav_2d_msgs -DCMAKE_INSTALL_PREFIX=/home/wheeltec/XiouGai-src/src/install/nav_2d_msgs
[6.768s] Invoking command in '/home/wheeltec/XiouGai-src/src/build/nav_2d_msgs': CMAKE_PREFIX_PATH=/home/wheeltec/rtabmap_ws/install/rtabmap_ros:/home/wheeltec/rtabmap_ws/install/rtabmap_launch:/home/wheeltec/rtabmap_ws/install/rtabmap_examples:/home/wheeltec/rtabmap_ws/install/rtabmap_demos:/home/wheeltec/rtabmap_ws/install/rtabmap_viz:/home/wheeltec/rtabmap_ws/install/rtabmap_slam:/home/wheeltec/rtabmap_ws/install/rtabmap_odom:/home/wheeltec/rtabmap_ws/install/rtabmap_util:/home/wheeltec/rtabmap_ws/install/rtabmap_sync:/home/wheeltec/rtabmap_ws/install/rtabmap_rviz_plugins:/home/wheeltec/rtabmap_ws/install/rtabmap_conversions:/home/wheeltec/rtabmap_ws/install/rtabmap_python:/opt/ros/humble:/home/wheeltec/rtabmap_ws/install/rtabmap_msgs:/home/wheeltec/rtabmap_ws/install/rtabmap /usr/bin/cmake --build /home/wheeltec/XiouGai-src/src/build/nav_2d_msgs -- -j4 -l4
[7.068s] [  1%] [34m[1mGenerating C code for ROS interfaces[0m
[7.163s] [  2%] [34m[1mGenerating C++ code for ROS interfaces[0m
[7.196s] [  2%] Built target ament_cmake_python_copy_nav_2d_msgs
[8.445s] running egg_info
[8.448s] creating nav_2d_msgs.egg-info
[8.456s] writing nav_2d_msgs.egg-info/PKG-INFO
[8.457s] writing dependency_links to nav_2d_msgs.egg-info/dependency_links.txt
[8.457s] writing top-level names to nav_2d_msgs.egg-info/top_level.txt
[8.457s] writing manifest file 'nav_2d_msgs.egg-info/SOURCES.txt'
[8.477s] reading manifest file 'nav_2d_msgs.egg-info/SOURCES.txt'
[8.477s] writing manifest file 'nav_2d_msgs.egg-info/SOURCES.txt'
[8.726s] [  2%] Built target ament_cmake_python_build_nav_2d_msgs_egg
[9.275s] [  2%] Built target nav_2d_msgs__cpp
[9.334s] [  4%] [34m[1mGenerating C++ type support dispatch for ROS interfaces[0m
[9.427s] [  5%] [34m[1mGenerating C++ type support for eProsima Fast-RTPS[0m
[9.433s] [  7%] [34m[1mGenerating C++ introspection for ROS interfaces[0m
[9.596s] [  8%] [32mBuilding C object CMakeFiles/nav_2d_msgs__rosidl_generator_c.dir/rosidl_generator_c/nav_2d_msgs/msg/detail/path2_d__functions.c.o[0m
[9.838s] [  9%] [32mBuilding C object CMakeFiles/nav_2d_msgs__rosidl_generator_c.dir/rosidl_generator_c/nav_2d_msgs/msg/detail/pose2_d32__functions.c.o[0m
[10.219s] [ 11%] [32mBuilding C object CMakeFiles/nav_2d_msgs__rosidl_generator_c.dir/rosidl_generator_c/nav_2d_msgs/msg/detail/pose2_d_stamped__functions.c.o[0m
[10.516s] [ 12%] [32mBuilding C object CMakeFiles/nav_2d_msgs__rosidl_generator_c.dir/rosidl_generator_c/nav_2d_msgs/msg/detail/twist2_d__functions.c.o[0m
[10.794s] [ 14%] [32mBuilding CXX object CMakeFiles/nav_2d_msgs__rosidl_typesupport_cpp.dir/rosidl_typesupport_cpp/nav_2d_msgs/msg/path2_d__type_support.cpp.o[0m
[10.971s] [ 15%] [32mBuilding C object CMakeFiles/nav_2d_msgs__rosidl_generator_c.dir/rosidl_generator_c/nav_2d_msgs/msg/detail/twist2_d32__functions.c.o[0m
[11.223s] [ 16%] [32mBuilding CXX object CMakeFiles/nav_2d_msgs__rosidl_typesupport_introspection_cpp.dir/rosidl_typesupport_introspection_cpp/nav_2d_msgs/msg/detail/path2_d__type_support.cpp.o[0m
[11.402s] [ 18%] [32mBuilding C object CMakeFiles/nav_2d_msgs__rosidl_generator_c.dir/rosidl_generator_c/nav_2d_msgs/msg/detail/twist2_d_stamped__functions.c.o[0m
[11.764s] [ 19%] [32mBuilding CXX object CMakeFiles/nav_2d_msgs__rosidl_typesupport_fastrtps_cpp.dir/rosidl_typesupport_fastrtps_cpp/nav_2d_msgs/msg/detail/dds_fastrtps/path2_d__type_support.cpp.o[0m
[11.890s] [ 21%] [32m[1mLinking C shared library libnav_2d_msgs__rosidl_generator_c.so[0m
[12.097s] [ 21%] Built target nav_2d_msgs__rosidl_generator_c
[12.228s] [ 22%] [34m[1mGenerating C type support for eProsima Fast-RTPS[0m
[12.368s] [ 23%] [32mBuilding CXX object CMakeFiles/nav_2d_msgs__rosidl_typesupport_cpp.dir/rosidl_typesupport_cpp/nav_2d_msgs/msg/pose2_d32__type_support.cpp.o[0m
[13.464s] [ 25%] [32mBuilding CXX object CMakeFiles/nav_2d_msgs__rosidl_typesupport_introspection_cpp.dir/rosidl_typesupport_introspection_cpp/nav_2d_msgs/msg/detail/pose2_d32__type_support.cpp.o[0m
[13.951s] [ 26%] [32mBuilding CXX object CMakeFiles/nav_2d_msgs__rosidl_typesupport_fastrtps_cpp.dir/rosidl_typesupport_fastrtps_cpp/nav_2d_msgs/msg/detail/dds_fastrtps/pose2_d32__type_support.cpp.o[0m
[14.166s] [ 28%] [32mBuilding CXX object CMakeFiles/nav_2d_msgs__rosidl_typesupport_cpp.dir/rosidl_typesupport_cpp/nav_2d_msgs/msg/pose2_d_stamped__type_support.cpp.o[0m
[14.374s] [ 29%] [32mBuilding CXX object CMakeFiles/nav_2d_msgs__rosidl_typesupport_fastrtps_c.dir/rosidl_typesupport_fastrtps_c/nav_2d_msgs/msg/detail/path2_d__type_support_c.cpp.o[0m
[15.298s] [ 30%] [32mBuilding CXX object CMakeFiles/nav_2d_msgs__rosidl_typesupport_introspection_cpp.dir/rosidl_typesupport_introspection_cpp/nav_2d_msgs/msg/detail/pose2_d_stamped__type_support.cpp.o[0m
[15.424s] [ 32%] [32mBuilding CXX object CMakeFiles/nav_2d_msgs__rosidl_typesupport_cpp.dir/rosidl_typesupport_cpp/nav_2d_msgs/msg/twist2_d__type_support.cpp.o[0m
[15.740s] [ 33%] [32mBuilding CXX object CMakeFiles/nav_2d_msgs__rosidl_typesupport_fastrtps_cpp.dir/rosidl_typesupport_fastrtps_cpp/nav_2d_msgs/msg/detail/dds_fastrtps/pose2_d_stamped__type_support.cpp.o[0m
[15.926s] [ 35%] [32mBuilding CXX object CMakeFiles/nav_2d_msgs__rosidl_typesupport_fastrtps_c.dir/rosidl_typesupport_fastrtps_c/nav_2d_msgs/msg/detail/pose2_d32__type_support_c.cpp.o[0m
[17.377s] [ 36%] [32mBuilding CXX object CMakeFiles/nav_2d_msgs__rosidl_typesupport_cpp.dir/rosidl_typesupport_cpp/nav_2d_msgs/msg/twist2_d32__type_support.cpp.o[0m
[17.600s] [ 38%] [32mBuilding CXX object CMakeFiles/nav_2d_msgs__rosidl_typesupport_introspection_cpp.dir/rosidl_typesupport_introspection_cpp/nav_2d_msgs/msg/detail/twist2_d__type_support.cpp.o[0m
[18.009s] [ 39%] [32mBuilding CXX object CMakeFiles/nav_2d_msgs__rosidl_typesupport_fastrtps_cpp.dir/rosidl_typesupport_fastrtps_cpp/nav_2d_msgs/msg/detail/dds_fastrtps/twist2_d__type_support.cpp.o[0m
[18.544s] [ 40%] [32mBuilding CXX object CMakeFiles/nav_2d_msgs__rosidl_typesupport_fastrtps_c.dir/rosidl_typesupport_fastrtps_c/nav_2d_msgs/msg/detail/pose2_d_stamped__type_support_c.cpp.o[0m
[18.941s] [ 42%] [32mBuilding CXX object CMakeFiles/nav_2d_msgs__rosidl_typesupport_cpp.dir/rosidl_typesupport_cpp/nav_2d_msgs/msg/twist2_d_stamped__type_support.cpp.o[0m
[19.863s] [ 43%] [32mBuilding CXX object CMakeFiles/nav_2d_msgs__rosidl_typesupport_introspection_cpp.dir/rosidl_typesupport_introspection_cpp/nav_2d_msgs/msg/detail/twist2_d32__type_support.cpp.o[0m
[20.273s] [ 45%] [32mBuilding CXX object CMakeFiles/nav_2d_msgs__rosidl_typesupport_fastrtps_cpp.dir/rosidl_typesupport_fastrtps_cpp/nav_2d_msgs/msg/detail/dds_fastrtps/twist2_d32__type_support.cpp.o[0m
[20.516s] [ 46%] [32mBuilding CXX object CMakeFiles/nav_2d_msgs__rosidl_typesupport_fastrtps_c.dir/rosidl_typesupport_fastrtps_c/nav_2d_msgs/msg/detail/twist2_d__type_support_c.cpp.o[0m
[20.779s] [ 47%] [32m[1mLinking CXX shared library libnav_2d_msgs__rosidl_typesupport_cpp.so[0m
[21.269s] [ 47%] Built target nav_2d_msgs__rosidl_typesupport_cpp
[21.365s] [ 49%] [32mBuilding CXX object CMakeFiles/nav_2d_msgs__rosidl_typesupport_fastrtps_c.dir/rosidl_typesupport_fastrtps_c/nav_2d_msgs/msg/detail/twist2_d32__type_support_c.cpp.o[0m
[22.453s] [ 50%] [32mBuilding CXX object CMakeFiles/nav_2d_msgs__rosidl_typesupport_introspection_cpp.dir/rosidl_typesupport_introspection_cpp/nav_2d_msgs/msg/detail/twist2_d_stamped__type_support.cpp.o[0m
[22.962s] [ 52%] [32mBuilding CXX object CMakeFiles/nav_2d_msgs__rosidl_typesupport_fastrtps_cpp.dir/rosidl_typesupport_fastrtps_cpp/nav_2d_msgs/msg/detail/dds_fastrtps/twist2_d_stamped__type_support.cpp.o[0m
[23.933s] [ 53%] [32mBuilding CXX object CMakeFiles/nav_2d_msgs__rosidl_typesupport_fastrtps_c.dir/rosidl_typesupport_fastrtps_c/nav_2d_msgs/msg/detail/twist2_d_stamped__type_support_c.cpp.o[0m
[25.328s] [ 54%] [32m[1mLinking CXX shared library libnav_2d_msgs__rosidl_typesupport_introspection_cpp.so[0m
[25.385s] [ 56%] [32m[1mLinking CXX shared library libnav_2d_msgs__rosidl_typesupport_fastrtps_cpp.so[0m
[26.024s] [ 56%] Built target nav_2d_msgs__rosidl_typesupport_introspection_cpp
[26.124s] [ 56%] Built target nav_2d_msgs__rosidl_typesupport_fastrtps_cpp
[26.279s] [ 57%] [32m[1mLinking CXX shared library libnav_2d_msgs__rosidl_typesupport_fastrtps_c.so[0m
[26.786s] [ 57%] Built target nav_2d_msgs__rosidl_typesupport_fastrtps_c
[26.907s] [ 59%] [34m[1mGenerating C type support dispatch for ROS interfaces[0m
[27.529s] [ 60%] [32mBuilding CXX object CMakeFiles/nav_2d_msgs__rosidl_typesupport_c.dir/rosidl_typesupport_c/nav_2d_msgs/msg/path2_d__type_support.cpp.o[0m
[27.762s] [ 61%] [32mBuilding CXX object CMakeFiles/nav_2d_msgs__rosidl_typesupport_c.dir/rosidl_typesupport_c/nav_2d_msgs/msg/pose2_d_stamped__type_support.cpp.o[0m
[27.965s] [ 63%] [32mBuilding CXX object CMakeFiles/nav_2d_msgs__rosidl_typesupport_c.dir/rosidl_typesupport_c/nav_2d_msgs/msg/twist2_d__type_support.cpp.o[0m
[28.102s] [ 64%] [32mBuilding CXX object CMakeFiles/nav_2d_msgs__rosidl_typesupport_c.dir/rosidl_typesupport_c/nav_2d_msgs/msg/twist2_d32__type_support.cpp.o[0m
[28.240s] [ 66%] [32mBuilding CXX object CMakeFiles/nav_2d_msgs__rosidl_typesupport_c.dir/rosidl_typesupport_c/nav_2d_msgs/msg/twist2_d_stamped__type_support.cpp.o[0m
[28.450s] [ 67%] [32mBuilding CXX object CMakeFiles/nav_2d_msgs__rosidl_typesupport_c.dir/rosidl_typesupport_c/nav_2d_msgs/msg/pose2_d32__type_support.cpp.o[0m
[28.584s] [ 69%] [32m[1mLinking CXX shared library libnav_2d_msgs__rosidl_typesupport_c.so[0m
[28.881s] [ 69%] Built target nav_2d_msgs__rosidl_typesupport_c
[28.957s] [ 70%] [34m[1mGenerating C introspection for ROS interfaces[0m
[30.268s] [ 71%] [32mBuilding C object CMakeFiles/nav_2d_msgs__rosidl_typesupport_introspection_c.dir/rosidl_typesupport_introspection_c/nav_2d_msgs/msg/detail/path2_d__type_support.c.o[0m
[30.466s] [ 73%] [32mBuilding C object CMakeFiles/nav_2d_msgs__rosidl_typesupport_introspection_c.dir/rosidl_typesupport_introspection_c/nav_2d_msgs/msg/detail/twist2_d__type_support.c.o[0m
[30.565s] [ 74%] [32mBuilding C object CMakeFiles/nav_2d_msgs__rosidl_typesupport_introspection_c.dir/rosidl_typesupport_introspection_c/nav_2d_msgs/msg/detail/twist2_d32__type_support.c.o[0m
[30.683s] [ 76%] [32mBuilding C object CMakeFiles/nav_2d_msgs__rosidl_typesupport_introspection_c.dir/rosidl_typesupport_introspection_c/nav_2d_msgs/msg/detail/twist2_d_stamped__type_support.c.o[0m
[30.803s] [ 77%] [32mBuilding C object CMakeFiles/nav_2d_msgs__rosidl_typesupport_introspection_c.dir/rosidl_typesupport_introspection_c/nav_2d_msgs/msg/detail/pose2_d_stamped__type_support.c.o[0m
[30.929s] [ 78%] [32mBuilding C object CMakeFiles/nav_2d_msgs__rosidl_typesupport_introspection_c.dir/rosidl_typesupport_introspection_c/nav_2d_msgs/msg/detail/pose2_d32__type_support.c.o[0m
[31.061s] [ 80%] [32m[1mLinking C shared library libnav_2d_msgs__rosidl_typesupport_introspection_c.so[0m
[31.240s] [ 80%] Built target nav_2d_msgs__rosidl_typesupport_introspection_c
[31.371s] [ 80%] Built target nav_2d_msgs
[31.443s] [ 81%] [34m[1mGenerating Python code for ROS interfaces[0m
[32.689s] [ 81%] Built target nav_2d_msgs__py
[32.761s] [ 83%] [32mBuilding C object CMakeFiles/nav_2d_msgs__rosidl_generator_py.dir/rosidl_generator_py/nav_2d_msgs/msg/_path2_d_s.c.o[0m
[33.040s] [ 84%] [32mBuilding C object CMakeFiles/nav_2d_msgs__rosidl_generator_py.dir/rosidl_generator_py/nav_2d_msgs/msg/_twist2_d_s.c.o[0m
[33.256s] [ 85%] [32mBuilding C object CMakeFiles/nav_2d_msgs__rosidl_generator_py.dir/rosidl_generator_py/nav_2d_msgs/msg/_twist2_d32_s.c.o[0m
[33.523s] [ 87%] [32mBuilding C object CMakeFiles/nav_2d_msgs__rosidl_generator_py.dir/rosidl_generator_py/nav_2d_msgs/msg/_twist2_d_stamped_s.c.o[0m
[33.808s] [ 88%] [32mBuilding C object CMakeFiles/nav_2d_msgs__rosidl_generator_py.dir/rosidl_generator_py/nav_2d_msgs/msg/_pose2_d_stamped_s.c.o[0m
[34.062s] [ 90%] [32mBuilding C object CMakeFiles/nav_2d_msgs__rosidl_generator_py.dir/rosidl_generator_py/nav_2d_msgs/msg/_pose2_d32_s.c.o[0m
[34.439s] [ 91%] [32m[1mLinking C shared library rosidl_generator_py/nav_2d_msgs/libnav_2d_msgs__rosidl_generator_py.so[0m
[34.619s] [ 91%] Built target nav_2d_msgs__rosidl_generator_py
[34.694s] [ 92%] [32mBuilding C object CMakeFiles/nav_2d_msgs__rosidl_typesupport_fastrtps_c__pyext.dir/rosidl_generator_py/nav_2d_msgs/_nav_2d_msgs_s.ep.rosidl_typesupport_fastrtps_c.c.o[0m
[35.002s] [ 94%] [32m[1mLinking C shared library rosidl_generator_py/nav_2d_msgs/nav_2d_msgs_s__rosidl_typesupport_fastrtps_c.cpython-310-x86_64-linux-gnu.so[0m
[35.123s] [ 94%] Built target nav_2d_msgs__rosidl_typesupport_fastrtps_c__pyext
[35.190s] [ 95%] [32mBuilding C object CMakeFiles/nav_2d_msgs__rosidl_typesupport_c__pyext.dir/rosidl_generator_py/nav_2d_msgs/_nav_2d_msgs_s.ep.rosidl_typesupport_c.c.o[0m
[35.464s] [ 97%] [32m[1mLinking C shared library rosidl_generator_py/nav_2d_msgs/nav_2d_msgs_s__rosidl_typesupport_c.cpython-310-x86_64-linux-gnu.so[0m
[35.603s] [ 97%] Built target nav_2d_msgs__rosidl_typesupport_c__pyext
[35.678s] [ 98%] [32mBuilding C object CMakeFiles/nav_2d_msgs__rosidl_typesupport_introspection_c__pyext.dir/rosidl_generator_py/nav_2d_msgs/_nav_2d_msgs_s.ep.rosidl_typesupport_introspection_c.c.o[0m
[35.958s] [100%] [32m[1mLinking C shared library rosidl_generator_py/nav_2d_msgs/nav_2d_msgs_s__rosidl_typesupport_introspection_c.cpython-310-x86_64-linux-gnu.so[0m
[36.089s] [100%] Built target nav_2d_msgs__rosidl_typesupport_introspection_c__pyext
[36.127s] Invoked command in '/home/wheeltec/XiouGai-src/src/build/nav_2d_msgs' returned '0': CMAKE_PREFIX_PATH=/home/wheeltec/rtabmap_ws/install/rtabmap_ros:/home/wheeltec/rtabmap_ws/install/rtabmap_launch:/home/wheeltec/rtabmap_ws/install/rtabmap_examples:/home/wheeltec/rtabmap_ws/install/rtabmap_demos:/home/wheeltec/rtabmap_ws/install/rtabmap_viz:/home/wheeltec/rtabmap_ws/install/rtabmap_slam:/home/wheeltec/rtabmap_ws/install/rtabmap_odom:/home/wheeltec/rtabmap_ws/install/rtabmap_util:/home/wheeltec/rtabmap_ws/install/rtabmap_sync:/home/wheeltec/rtabmap_ws/install/rtabmap_rviz_plugins:/home/wheeltec/rtabmap_ws/install/rtabmap_conversions:/home/wheeltec/rtabmap_ws/install/rtabmap_python:/opt/ros/humble:/home/wheeltec/rtabmap_ws/install/rtabmap_msgs:/home/wheeltec/rtabmap_ws/install/rtabmap /usr/bin/cmake --build /home/wheeltec/XiouGai-src/src/build/nav_2d_msgs -- -j4 -l4
[37.155s] Invoking command in '/home/wheeltec/XiouGai-src/src/build/nav_2d_msgs': CMAKE_PREFIX_PATH=/home/wheeltec/rtabmap_ws/install/rtabmap_ros:/home/wheeltec/rtabmap_ws/install/rtabmap_launch:/home/wheeltec/rtabmap_ws/install/rtabmap_examples:/home/wheeltec/rtabmap_ws/install/rtabmap_demos:/home/wheeltec/rtabmap_ws/install/rtabmap_viz:/home/wheeltec/rtabmap_ws/install/rtabmap_slam:/home/wheeltec/rtabmap_ws/install/rtabmap_odom:/home/wheeltec/rtabmap_ws/install/rtabmap_util:/home/wheeltec/rtabmap_ws/install/rtabmap_sync:/home/wheeltec/rtabmap_ws/install/rtabmap_rviz_plugins:/home/wheeltec/rtabmap_ws/install/rtabmap_conversions:/home/wheeltec/rtabmap_ws/install/rtabmap_python:/opt/ros/humble:/home/wheeltec/rtabmap_ws/install/rtabmap_msgs:/home/wheeltec/rtabmap_ws/install/rtabmap /usr/bin/cmake --install /home/wheeltec/XiouGai-src/src/build/nav_2d_msgs
[37.175s] -- Install configuration: ""
[37.176s] -- Installing: /home/wheeltec/XiouGai-src/src/install/nav_2d_msgs/share/ament_index/resource_index/rosidl_interfaces/nav_2d_msgs
[37.177s] -- Installing: /home/wheeltec/XiouGai-src/src/install/nav_2d_msgs/include/nav_2d_msgs/nav_2d_msgs
[37.178s] -- Installing: /home/wheeltec/XiouGai-src/src/install/nav_2d_msgs/include/nav_2d_msgs/nav_2d_msgs/msg
[37.178s] -- Installing: /home/wheeltec/XiouGai-src/src/install/nav_2d_msgs/include/nav_2d_msgs/nav_2d_msgs/msg/twist2_d_stamped.h
[37.178s] -- Installing: /home/wheeltec/XiouGai-src/src/install/nav_2d_msgs/include/nav_2d_msgs/nav_2d_msgs/msg/path2_d.h
[37.180s] -- Installing: /home/wheeltec/XiouGai-src/src/install/nav_2d_msgs/include/nav_2d_msgs/nav_2d_msgs/msg/detail
[37.180s] -- Installing: /home/wheeltec/XiouGai-src/src/install/nav_2d_msgs/include/nav_2d_msgs/nav_2d_msgs/msg/detail/pose2_d_stamped__functions.c
[37.180s] -- Installing: /home/wheeltec/XiouGai-src/src/install/nav_2d_msgs/include/nav_2d_msgs/nav_2d_msgs/msg/detail/twist2_d_stamped__type_support.h
[37.181s] -- Installing: /home/wheeltec/XiouGai-src/src/install/nav_2d_msgs/include/nav_2d_msgs/nav_2d_msgs/msg/detail/twist2_d32__functions.c
[37.181s] -- Installing: /home/wheeltec/XiouGai-src/src/install/nav_2d_msgs/include/nav_2d_msgs/nav_2d_msgs/msg/detail/twist2_d32__functions.h
[37.181s] -- Installing: /home/wheeltec/XiouGai-src/src/install/nav_2d_msgs/include/nav_2d_msgs/nav_2d_msgs/msg/detail/pose2_d_stamped__functions.h
[37.184s] -- Installing: /home/wheeltec/XiouGai-src/src/install/nav_2d_msgs/include/nav_2d_msgs/nav_2d_msgs/msg/detail/path2_d__struct.h
[37.185s] -- Installing: /home/wheeltec/XiouGai-src/src/install/nav_2d_msgs/include/nav_2d_msgs/nav_2d_msgs/msg/detail/pose2_d32__struct.h
[37.186s] -- Installing: /home/wheeltec/XiouGai-src/src/install/nav_2d_msgs/include/nav_2d_msgs/nav_2d_msgs/msg/detail/pose2_d_stamped__struct.h
[37.188s] -- Installing: /home/wheeltec/XiouGai-src/src/install/nav_2d_msgs/include/nav_2d_msgs/nav_2d_msgs/msg/detail/twist2_d__type_support.h
[37.189s] -- Installing: /home/wheeltec/XiouGai-src/src/install/nav_2d_msgs/include/nav_2d_msgs/nav_2d_msgs/msg/detail/twist2_d__functions.h
[37.190s] -- Installing: /home/wheeltec/XiouGai-src/src/install/nav_2d_msgs/include/nav_2d_msgs/nav_2d_msgs/msg/detail/pose2_d32__functions.h
[37.192s] -- Installing: /home/wheeltec/XiouGai-src/src/install/nav_2d_msgs/include/nav_2d_msgs/nav_2d_msgs/msg/detail/twist2_d_stamped__struct.h
[37.193s] -- Installing: /home/wheeltec/XiouGai-src/src/install/nav_2d_msgs/include/nav_2d_msgs/nav_2d_msgs/msg/detail/twist2_d_stamped__functions.h
[37.193s] -- Installing: /home/wheeltec/XiouGai-src/src/install/nav_2d_msgs/include/nav_2d_msgs/nav_2d_msgs/msg/detail/twist2_d_stamped__functions.c
[37.193s] -- Installing: /home/wheeltec/XiouGai-src/src/install/nav_2d_msgs/include/nav_2d_msgs/nav_2d_msgs/msg/detail/twist2_d32__type_support.h
[37.196s] -- Installing: /home/wheeltec/XiouGai-src/src/install/nav_2d_msgs/include/nav_2d_msgs/nav_2d_msgs/msg/detail/pose2_d_stamped__type_support.h
[37.196s] -- Installing: /home/wheeltec/XiouGai-src/src/install/nav_2d_msgs/include/nav_2d_msgs/nav_2d_msgs/msg/detail/twist2_d32__struct.h
[37.196s] -- Installing: /home/wheeltec/XiouGai-src/src/install/nav_2d_msgs/include/nav_2d_msgs/nav_2d_msgs/msg/detail/pose2_d32__type_support.h
[37.197s] -- Installing: /home/wheeltec/XiouGai-src/src/install/nav_2d_msgs/include/nav_2d_msgs/nav_2d_msgs/msg/detail/pose2_d32__functions.c
[37.197s] -- Installing: /home/wheeltec/XiouGai-src/src/install/nav_2d_msgs/include/nav_2d_msgs/nav_2d_msgs/msg/detail/path2_d__type_support.h
[37.197s] -- Installing: /home/wheeltec/XiouGai-src/src/install/nav_2d_msgs/include/nav_2d_msgs/nav_2d_msgs/msg/detail/twist2_d__struct.h
[37.197s] -- Installing: /home/wheeltec/XiouGai-src/src/install/nav_2d_msgs/include/nav_2d_msgs/nav_2d_msgs/msg/detail/path2_d__functions.c
[37.197s] -- Installing: /home/wheeltec/XiouGai-src/src/install/nav_2d_msgs/include/nav_2d_msgs/nav_2d_msgs/msg/detail/twist2_d__functions.c
[37.198s] -- Installing: /home/wheeltec/XiouGai-src/src/install/nav_2d_msgs/include/nav_2d_msgs/nav_2d_msgs/msg/detail/path2_d__functions.h
[37.198s] -- Installing: /home/wheeltec/XiouGai-src/src/install/nav_2d_msgs/include/nav_2d_msgs/nav_2d_msgs/msg/pose2_d32.h
[37.198s] -- Installing: /home/wheeltec/XiouGai-src/src/install/nav_2d_msgs/include/nav_2d_msgs/nav_2d_msgs/msg/pose2_d_stamped.h
[37.198s] -- Installing: /home/wheeltec/XiouGai-src/src/install/nav_2d_msgs/include/nav_2d_msgs/nav_2d_msgs/msg/twist2_d32.h
[37.199s] -- Installing: /home/wheeltec/XiouGai-src/src/install/nav_2d_msgs/include/nav_2d_msgs/nav_2d_msgs/msg/rosidl_generator_c__visibility_control.h
[37.200s] -- Installing: /home/wheeltec/XiouGai-src/src/install/nav_2d_msgs/include/nav_2d_msgs/nav_2d_msgs/msg/twist2_d.h
[37.201s] -- Installing: /home/wheeltec/XiouGai-src/src/install/nav_2d_msgs/share/nav_2d_msgs/environment/library_path.sh
[37.203s] -- Installing: /home/wheeltec/XiouGai-src/src/install/nav_2d_msgs/share/nav_2d_msgs/environment/library_path.dsv
[37.203s] -- Installing: /home/wheeltec/XiouGai-src/src/install/nav_2d_msgs/lib/libnav_2d_msgs__rosidl_generator_c.so
[37.204s] -- Set runtime path of "/home/wheeltec/XiouGai-src/src/install/nav_2d_msgs/lib/libnav_2d_msgs__rosidl_generator_c.so" to ""
[37.205s] -- Up-to-date: /home/wheeltec/XiouGai-src/src/install/nav_2d_msgs/include/nav_2d_msgs/nav_2d_msgs
[37.205s] -- Up-to-date: /home/wheeltec/XiouGai-src/src/install/nav_2d_msgs/include/nav_2d_msgs/nav_2d_msgs/msg
[37.205s] -- Up-to-date: /home/wheeltec/XiouGai-src/src/install/nav_2d_msgs/include/nav_2d_msgs/nav_2d_msgs/msg/detail
[37.205s] -- Installing: /home/wheeltec/XiouGai-src/src/install/nav_2d_msgs/include/nav_2d_msgs/nav_2d_msgs/msg/detail/pose2_d32__rosidl_typesupport_fastrtps_c.h
[37.206s] -- Installing: /home/wheeltec/XiouGai-src/src/install/nav_2d_msgs/include/nav_2d_msgs/nav_2d_msgs/msg/detail/pose2_d_stamped__rosidl_typesupport_fastrtps_c.h
[37.210s] -- Installing: /home/wheeltec/XiouGai-src/src/install/nav_2d_msgs/include/nav_2d_msgs/nav_2d_msgs/msg/detail/twist2_d__rosidl_typesupport_fastrtps_c.h
[37.211s] -- Installing: /home/wheeltec/XiouGai-src/src/install/nav_2d_msgs/include/nav_2d_msgs/nav_2d_msgs/msg/detail/twist2_d32__rosidl_typesupport_fastrtps_c.h
[37.213s] -- Installing: /home/wheeltec/XiouGai-src/src/install/nav_2d_msgs/include/nav_2d_msgs/nav_2d_msgs/msg/detail/path2_d__rosidl_typesupport_fastrtps_c.h
[37.213s] -- Installing: /home/wheeltec/XiouGai-src/src/install/nav_2d_msgs/include/nav_2d_msgs/nav_2d_msgs/msg/detail/twist2_d_stamped__rosidl_typesupport_fastrtps_c.h
[37.213s] -- Installing: /home/wheeltec/XiouGai-src/src/install/nav_2d_msgs/include/nav_2d_msgs/nav_2d_msgs/msg/rosidl_typesupport_fastrtps_c__visibility_control.h
[37.214s] -- Installing: /home/wheeltec/XiouGai-src/src/install/nav_2d_msgs/lib/libnav_2d_msgs__rosidl_typesupport_fastrtps_c.so
[37.215s] -- Set runtime path of "/home/wheeltec/XiouGai-src/src/install/nav_2d_msgs/lib/libnav_2d_msgs__rosidl_typesupport_fastrtps_c.so" to ""
[37.215s] -- Up-to-date: /home/wheeltec/XiouGai-src/src/install/nav_2d_msgs/include/nav_2d_msgs/nav_2d_msgs
[37.215s] -- Up-to-date: /home/wheeltec/XiouGai-src/src/install/nav_2d_msgs/include/nav_2d_msgs/nav_2d_msgs/msg
[37.216s] -- Installing: /home/wheeltec/XiouGai-src/src/install/nav_2d_msgs/include/nav_2d_msgs/nav_2d_msgs/msg/twist2_d_stamped.hpp
[37.218s] -- Installing: /home/wheeltec/XiouGai-src/src/install/nav_2d_msgs/include/nav_2d_msgs/nav_2d_msgs/msg/pose2_d_stamped.hpp
[37.219s] -- Installing: /home/wheeltec/XiouGai-src/src/install/nav_2d_msgs/include/nav_2d_msgs/nav_2d_msgs/msg/twist2_d32.hpp
[37.219s] -- Installing: /home/wheeltec/XiouGai-src/src/install/nav_2d_msgs/include/nav_2d_msgs/nav_2d_msgs/msg/twist2_d.hpp
[37.219s] -- Up-to-date: /home/wheeltec/XiouGai-src/src/install/nav_2d_msgs/include/nav_2d_msgs/nav_2d_msgs/msg/detail
[37.219s] -- Installing: /home/wheeltec/XiouGai-src/src/install/nav_2d_msgs/include/nav_2d_msgs/nav_2d_msgs/msg/detail/pose2_d32__struct.hpp
[37.219s] -- Installing: /home/wheeltec/XiouGai-src/src/install/nav_2d_msgs/include/nav_2d_msgs/nav_2d_msgs/msg/detail/twist2_d32__builder.hpp
[37.219s] -- Installing: /home/wheeltec/XiouGai-src/src/install/nav_2d_msgs/include/nav_2d_msgs/nav_2d_msgs/msg/detail/pose2_d_stamped__struct.hpp
[37.219s] -- Installing: /home/wheeltec/XiouGai-src/src/install/nav_2d_msgs/include/nav_2d_msgs/nav_2d_msgs/msg/detail/twist2_d_stamped__traits.hpp
[37.219s] -- Installing: /home/wheeltec/XiouGai-src/src/install/nav_2d_msgs/include/nav_2d_msgs/nav_2d_msgs/msg/detail/twist2_d__traits.hpp
[37.222s] -- Installing: /home/wheeltec/XiouGai-src/src/install/nav_2d_msgs/include/nav_2d_msgs/nav_2d_msgs/msg/detail/path2_d__builder.hpp
[37.222s] -- Installing: /home/wheeltec/XiouGai-src/src/install/nav_2d_msgs/include/nav_2d_msgs/nav_2d_msgs/msg/detail/path2_d__traits.hpp
[37.222s] -- Installing: /home/wheeltec/XiouGai-src/src/install/nav_2d_msgs/include/nav_2d_msgs/nav_2d_msgs/msg/detail/path2_d__struct.hpp
[37.223s] -- Installing: /home/wheeltec/XiouGai-src/src/install/nav_2d_msgs/include/nav_2d_msgs/nav_2d_msgs/msg/detail/pose2_d_stamped__builder.hpp
[37.223s] -- Installing: /home/wheeltec/XiouGai-src/src/install/nav_2d_msgs/include/nav_2d_msgs/nav_2d_msgs/msg/detail/twist2_d32__traits.hpp
[37.223s] -- Installing: /home/wheeltec/XiouGai-src/src/install/nav_2d_msgs/include/nav_2d_msgs/nav_2d_msgs/msg/detail/pose2_d32__traits.hpp
[37.224s] -- Installing: /home/wheeltec/XiouGai-src/src/install/nav_2d_msgs/include/nav_2d_msgs/nav_2d_msgs/msg/detail/twist2_d32__struct.hpp
[37.225s] -- Installing: /home/wheeltec/XiouGai-src/src/install/nav_2d_msgs/include/nav_2d_msgs/nav_2d_msgs/msg/detail/twist2_d_stamped__builder.hpp
[37.225s] -- Installing: /home/wheeltec/XiouGai-src/src/install/nav_2d_msgs/include/nav_2d_msgs/nav_2d_msgs/msg/detail/twist2_d__struct.hpp
[37.225s] -- Installing: /home/wheeltec/XiouGai-src/src/install/nav_2d_msgs/include/nav_2d_msgs/nav_2d_msgs/msg/detail/twist2_d_stamped__struct.hpp
[37.225s] -- Installing: /home/wheeltec/XiouGai-src/src/install/nav_2d_msgs/include/nav_2d_msgs/nav_2d_msgs/msg/detail/pose2_d32__builder.hpp
[37.227s] -- Installing: /home/wheeltec/XiouGai-src/src/install/nav_2d_msgs/include/nav_2d_msgs/nav_2d_msgs/msg/detail/pose2_d_stamped__traits.hpp
[37.227s] -- Installing: /home/wheeltec/XiouGai-src/src/install/nav_2d_msgs/include/nav_2d_msgs/nav_2d_msgs/msg/detail/twist2_d__builder.hpp
[37.228s] -- Installing: /home/wheeltec/XiouGai-src/src/install/nav_2d_msgs/include/nav_2d_msgs/nav_2d_msgs/msg/path2_d.hpp
[37.228s] -- Installing: /home/wheeltec/XiouGai-src/src/install/nav_2d_msgs/include/nav_2d_msgs/nav_2d_msgs/msg/pose2_d32.hpp
[37.228s] -- Up-to-date: /home/wheeltec/XiouGai-src/src/install/nav_2d_msgs/include/nav_2d_msgs/nav_2d_msgs
[37.228s] -- Up-to-date: /home/wheeltec/XiouGai-src/src/install/nav_2d_msgs/include/nav_2d_msgs/nav_2d_msgs/msg
[37.228s] -- Up-to-date: /home/wheeltec/XiouGai-src/src/install/nav_2d_msgs/include/nav_2d_msgs/nav_2d_msgs/msg/detail
[37.229s] -- Installing: /home/wheeltec/XiouGai-src/src/install/nav_2d_msgs/include/nav_2d_msgs/nav_2d_msgs/msg/detail/twist2_d_stamped__rosidl_typesupport_fastrtps_cpp.hpp
[37.229s] -- Installing: /home/wheeltec/XiouGai-src/src/install/nav_2d_msgs/include/nav_2d_msgs/nav_2d_msgs/msg/detail/dds_fastrtps
[37.229s] -- Installing: /home/wheeltec/XiouGai-src/src/install/nav_2d_msgs/include/nav_2d_msgs/nav_2d_msgs/msg/detail/path2_d__rosidl_typesupport_fastrtps_cpp.hpp
[37.231s] -- Installing: /home/wheeltec/XiouGai-src/src/install/nav_2d_msgs/include/nav_2d_msgs/nav_2d_msgs/msg/detail/twist2_d32__rosidl_typesupport_fastrtps_cpp.hpp
[37.231s] -- Installing: /home/wheeltec/XiouGai-src/src/install/nav_2d_msgs/include/nav_2d_msgs/nav_2d_msgs/msg/detail/pose2_d_stamped__rosidl_typesupport_fastrtps_cpp.hpp
[37.234s] -- Installing: /home/wheeltec/XiouGai-src/src/install/nav_2d_msgs/include/nav_2d_msgs/nav_2d_msgs/msg/detail/twist2_d__rosidl_typesupport_fastrtps_cpp.hpp
[37.234s] -- Installing: /home/wheeltec/XiouGai-src/src/install/nav_2d_msgs/include/nav_2d_msgs/nav_2d_msgs/msg/detail/pose2_d32__rosidl_typesupport_fastrtps_cpp.hpp
[37.234s] -- Installing: /home/wheeltec/XiouGai-src/src/install/nav_2d_msgs/include/nav_2d_msgs/nav_2d_msgs/msg/rosidl_typesupport_fastrtps_cpp__visibility_control.h
[37.234s] -- Installing: /home/wheeltec/XiouGai-src/src/install/nav_2d_msgs/lib/libnav_2d_msgs__rosidl_typesupport_fastrtps_cpp.so
[37.236s] -- Set runtime path of "/home/wheeltec/XiouGai-src/src/install/nav_2d_msgs/lib/libnav_2d_msgs__rosidl_typesupport_fastrtps_cpp.so" to ""
[37.236s] -- Up-to-date: /home/wheeltec/XiouGai-src/src/install/nav_2d_msgs/include/nav_2d_msgs/nav_2d_msgs
[37.236s] -- Up-to-date: /home/wheeltec/XiouGai-src/src/install/nav_2d_msgs/include/nav_2d_msgs/nav_2d_msgs/msg
[37.237s] -- Up-to-date: /home/wheeltec/XiouGai-src/src/install/nav_2d_msgs/include/nav_2d_msgs/nav_2d_msgs/msg/detail
[37.237s] -- Installing: /home/wheeltec/XiouGai-src/src/install/nav_2d_msgs/include/nav_2d_msgs/nav_2d_msgs/msg/detail/pose2_d_stamped__rosidl_typesupport_introspection_c.h
[37.238s] -- Installing: /home/wheeltec/XiouGai-src/src/install/nav_2d_msgs/include/nav_2d_msgs/nav_2d_msgs/msg/detail/pose2_d32__type_support.c
[37.238s] -- Installing: /home/wheeltec/XiouGai-src/src/install/nav_2d_msgs/include/nav_2d_msgs/nav_2d_msgs/msg/detail/pose2_d32__rosidl_typesupport_introspection_c.h
[37.238s] -- Installing: /home/wheeltec/XiouGai-src/src/install/nav_2d_msgs/include/nav_2d_msgs/nav_2d_msgs/msg/detail/twist2_d32__rosidl_typesupport_introspection_c.h
[37.239s] -- Installing: /home/wheeltec/XiouGai-src/src/install/nav_2d_msgs/include/nav_2d_msgs/nav_2d_msgs/msg/detail/pose2_d_stamped__type_support.c
[37.239s] -- Installing: /home/wheeltec/XiouGai-src/src/install/nav_2d_msgs/include/nav_2d_msgs/nav_2d_msgs/msg/detail/path2_d__rosidl_typesupport_introspection_c.h
[37.241s] -- Installing: /home/wheeltec/XiouGai-src/src/install/nav_2d_msgs/include/nav_2d_msgs/nav_2d_msgs/msg/detail/twist2_d_stamped__type_support.c
[37.241s] -- Installing: /home/wheeltec/XiouGai-src/src/install/nav_2d_msgs/include/nav_2d_msgs/nav_2d_msgs/msg/detail/twist2_d__type_support.c
[37.241s] -- Installing: /home/wheeltec/XiouGai-src/src/install/nav_2d_msgs/include/nav_2d_msgs/nav_2d_msgs/msg/detail/path2_d__type_support.c
[37.242s] -- Installing: /home/wheeltec/XiouGai-src/src/install/nav_2d_msgs/include/nav_2d_msgs/nav_2d_msgs/msg/detail/twist2_d32__type_support.c
[37.242s] -- Installing: /home/wheeltec/XiouGai-src/src/install/nav_2d_msgs/include/nav_2d_msgs/nav_2d_msgs/msg/detail/twist2_d_stamped__rosidl_typesupport_introspection_c.h
[37.242s] -- Installing: /home/wheeltec/XiouGai-src/src/install/nav_2d_msgs/include/nav_2d_msgs/nav_2d_msgs/msg/detail/twist2_d__rosidl_typesupport_introspection_c.h
[37.242s] -- Installing: /home/wheeltec/XiouGai-src/src/install/nav_2d_msgs/include/nav_2d_msgs/nav_2d_msgs/msg/rosidl_typesupport_introspection_c__visibility_control.h
[37.243s] -- Installing: /home/wheeltec/XiouGai-src/src/install/nav_2d_msgs/lib/libnav_2d_msgs__rosidl_typesupport_introspection_c.so
[37.245s] -- Set runtime path of "/home/wheeltec/XiouGai-src/src/install/nav_2d_msgs/lib/libnav_2d_msgs__rosidl_typesupport_introspection_c.so" to ""
[37.246s] -- Installing: /home/wheeltec/XiouGai-src/src/install/nav_2d_msgs/lib/libnav_2d_msgs__rosidl_typesupport_c.so
[37.247s] -- Set runtime path of "/home/wheeltec/XiouGai-src/src/install/nav_2d_msgs/lib/libnav_2d_msgs__rosidl_typesupport_c.so" to ""
[37.248s] -- Up-to-date: /home/wheeltec/XiouGai-src/src/install/nav_2d_msgs/include/nav_2d_msgs/nav_2d_msgs
[37.248s] -- Up-to-date: /home/wheeltec/XiouGai-src/src/install/nav_2d_msgs/include/nav_2d_msgs/nav_2d_msgs/msg
[37.249s] -- Up-to-date: /home/wheeltec/XiouGai-src/src/install/nav_2d_msgs/include/nav_2d_msgs/nav_2d_msgs/msg/detail
[37.251s] -- Installing: /home/wheeltec/XiouGai-src/src/install/nav_2d_msgs/include/nav_2d_msgs/nav_2d_msgs/msg/detail/twist2_d__rosidl_typesupport_introspection_cpp.hpp
[37.251s] -- Installing: /home/wheeltec/XiouGai-src/src/install/nav_2d_msgs/include/nav_2d_msgs/nav_2d_msgs/msg/detail/twist2_d32__type_support.cpp
[37.252s] -- Installing: /home/wheeltec/XiouGai-src/src/install/nav_2d_msgs/include/nav_2d_msgs/nav_2d_msgs/msg/detail/pose2_d32__type_support.cpp
[37.252s] -- Installing: /home/wheeltec/XiouGai-src/src/install/nav_2d_msgs/include/nav_2d_msgs/nav_2d_msgs/msg/detail/twist2_d_stamped__rosidl_typesupport_introspection_cpp.hpp
[37.252s] -- Installing: /home/wheeltec/XiouGai-src/src/install/nav_2d_msgs/include/nav_2d_msgs/nav_2d_msgs/msg/detail/pose2_d32__rosidl_typesupport_introspection_cpp.hpp
[37.252s] -- Installing: /home/wheeltec/XiouGai-src/src/install/nav_2d_msgs/include/nav_2d_msgs/nav_2d_msgs/msg/detail/twist2_d32__rosidl_typesupport_introspection_cpp.hpp
[37.252s] -- Installing: /home/wheeltec/XiouGai-src/src/install/nav_2d_msgs/include/nav_2d_msgs/nav_2d_msgs/msg/detail/pose2_d_stamped__type_support.cpp
[37.252s] -- Installing: /home/wheeltec/XiouGai-src/src/install/nav_2d_msgs/include/nav_2d_msgs/nav_2d_msgs/msg/detail/twist2_d__type_support.cpp
[37.252s] -- Installing: /home/wheeltec/XiouGai-src/src/install/nav_2d_msgs/include/nav_2d_msgs/nav_2d_msgs/msg/detail/twist2_d_stamped__type_support.cpp
[37.253s] -- Installing: /home/wheeltec/XiouGai-src/src/install/nav_2d_msgs/include/nav_2d_msgs/nav_2d_msgs/msg/detail/path2_d__rosidl_typesupport_introspection_cpp.hpp
[37.253s] -- Installing: /home/wheeltec/XiouGai-src/src/install/nav_2d_msgs/include/nav_2d_msgs/nav_2d_msgs/msg/detail/pose2_d_stamped__rosidl_typesupport_introspection_cpp.hpp
[37.254s] -- Installing: /home/wheeltec/XiouGai-src/src/install/nav_2d_msgs/include/nav_2d_msgs/nav_2d_msgs/msg/detail/path2_d__type_support.cpp
[37.254s] -- Installing: /home/wheeltec/XiouGai-src/src/install/nav_2d_msgs/lib/libnav_2d_msgs__rosidl_typesupport_introspection_cpp.so
[37.256s] -- Set runtime path of "/home/wheeltec/XiouGai-src/src/install/nav_2d_msgs/lib/libnav_2d_msgs__rosidl_typesupport_introspection_cpp.so" to ""
[37.257s] -- Installing: /home/wheeltec/XiouGai-src/src/install/nav_2d_msgs/lib/libnav_2d_msgs__rosidl_typesupport_cpp.so
[37.261s] -- Set runtime path of "/home/wheeltec/XiouGai-src/src/install/nav_2d_msgs/lib/libnav_2d_msgs__rosidl_typesupport_cpp.so" to ""
[37.261s] -- Installing: /home/wheeltec/XiouGai-src/src/install/nav_2d_msgs/share/nav_2d_msgs/environment/pythonpath.sh
[37.262s] -- Installing: /home/wheeltec/XiouGai-src/src/install/nav_2d_msgs/share/nav_2d_msgs/environment/pythonpath.dsv
[37.262s] -- Installing: /home/wheeltec/XiouGai-src/src/install/nav_2d_msgs/local/lib/python3.10/dist-packages/nav_2d_msgs-1.1.6-py3.10.egg-info
[37.262s] -- Installing: /home/wheeltec/XiouGai-src/src/install/nav_2d_msgs/local/lib/python3.10/dist-packages/nav_2d_msgs-1.1.6-py3.10.egg-info/SOURCES.txt
[37.262s] -- Installing: /home/wheeltec/XiouGai-src/src/install/nav_2d_msgs/local/lib/python3.10/dist-packages/nav_2d_msgs-1.1.6-py3.10.egg-info/PKG-INFO
[37.262s] -- Installing: /home/wheeltec/XiouGai-src/src/install/nav_2d_msgs/local/lib/python3.10/dist-packages/nav_2d_msgs-1.1.6-py3.10.egg-info/dependency_links.txt
[37.262s] -- Installing: /home/wheeltec/XiouGai-src/src/install/nav_2d_msgs/local/lib/python3.10/dist-packages/nav_2d_msgs-1.1.6-py3.10.egg-info/top_level.txt
[37.263s] -- Installing: /home/wheeltec/XiouGai-src/src/install/nav_2d_msgs/local/lib/python3.10/dist-packages/nav_2d_msgs
[37.263s] -- Installing: /home/wheeltec/XiouGai-src/src/install/nav_2d_msgs/local/lib/python3.10/dist-packages/nav_2d_msgs/msg
[37.263s] -- Installing: /home/wheeltec/XiouGai-src/src/install/nav_2d_msgs/local/lib/python3.10/dist-packages/nav_2d_msgs/msg/_pose2_d_stamped_s.c
[37.265s] -- Installing: /home/wheeltec/XiouGai-src/src/install/nav_2d_msgs/local/lib/python3.10/dist-packages/nav_2d_msgs/msg/_twist2_d_stamped_s.c
[37.265s] -- Installing: /home/wheeltec/XiouGai-src/src/install/nav_2d_msgs/local/lib/python3.10/dist-packages/nav_2d_msgs/msg/_twist2_d32.py
[37.265s] -- Installing: /home/wheeltec/XiouGai-src/src/install/nav_2d_msgs/local/lib/python3.10/dist-packages/nav_2d_msgs/msg/_pose2_d_stamped.py
[37.267s] -- Installing: /home/wheeltec/XiouGai-src/src/install/nav_2d_msgs/local/lib/python3.10/dist-packages/nav_2d_msgs/msg/_pose2_d32.py
[37.268s] -- Installing: /home/wheeltec/XiouGai-src/src/install/nav_2d_msgs/local/lib/python3.10/dist-packages/nav_2d_msgs/msg/_twist2_d32_s.c
[37.269s] -- Installing: /home/wheeltec/XiouGai-src/src/install/nav_2d_msgs/local/lib/python3.10/dist-packages/nav_2d_msgs/msg/_twist2_d_stamped.py
[37.269s] -- Installing: /home/wheeltec/XiouGai-src/src/install/nav_2d_msgs/local/lib/python3.10/dist-packages/nav_2d_msgs/msg/_twist2_d_s.c
[37.272s] -- Installing: /home/wheeltec/XiouGai-src/src/install/nav_2d_msgs/local/lib/python3.10/dist-packages/nav_2d_msgs/msg/_path2_d.py
[37.272s] -- Installing: /home/wheeltec/XiouGai-src/src/install/nav_2d_msgs/local/lib/python3.10/dist-packages/nav_2d_msgs/msg/_pose2_d32_s.c
[37.272s] -- Installing: /home/wheeltec/XiouGai-src/src/install/nav_2d_msgs/local/lib/python3.10/dist-packages/nav_2d_msgs/msg/__init__.py
[37.272s] -- Installing: /home/wheeltec/XiouGai-src/src/install/nav_2d_msgs/local/lib/python3.10/dist-packages/nav_2d_msgs/msg/_twist2_d.py
[37.273s] -- Installing: /home/wheeltec/XiouGai-src/src/install/nav_2d_msgs/local/lib/python3.10/dist-packages/nav_2d_msgs/msg/_path2_d_s.c
[37.273s] -- Installing: /home/wheeltec/XiouGai-src/src/install/nav_2d_msgs/local/lib/python3.10/dist-packages/nav_2d_msgs/nav_2d_msgs_s__rosidl_typesupport_fastrtps_c.cpython-310-x86_64-linux-gnu.so
[37.273s] -- Installing: /home/wheeltec/XiouGai-src/src/install/nav_2d_msgs/local/lib/python3.10/dist-packages/nav_2d_msgs/_nav_2d_msgs_s.ep.rosidl_typesupport_c.c
[37.273s] -- Installing: /home/wheeltec/XiouGai-src/src/install/nav_2d_msgs/local/lib/python3.10/dist-packages/nav_2d_msgs/_nav_2d_msgs_s.ep.rosidl_typesupport_fastrtps_c.c
[37.274s] -- Installing: /home/wheeltec/XiouGai-src/src/install/nav_2d_msgs/local/lib/python3.10/dist-packages/nav_2d_msgs/nav_2d_msgs_s__rosidl_typesupport_c.cpython-310-x86_64-linux-gnu.so
[37.274s] -- Installing: /home/wheeltec/XiouGai-src/src/install/nav_2d_msgs/local/lib/python3.10/dist-packages/nav_2d_msgs/nav_2d_msgs_s__rosidl_typesupport_introspection_c.cpython-310-x86_64-linux-gnu.so
[37.274s] -- Installing: /home/wheeltec/XiouGai-src/src/install/nav_2d_msgs/local/lib/python3.10/dist-packages/nav_2d_msgs/libnav_2d_msgs__rosidl_generator_py.so
[37.274s] -- Installing: /home/wheeltec/XiouGai-src/src/install/nav_2d_msgs/local/lib/python3.10/dist-packages/nav_2d_msgs/_nav_2d_msgs_s.ep.rosidl_typesupport_introspection_c.c
[37.275s] -- Installing: /home/wheeltec/XiouGai-src/src/install/nav_2d_msgs/local/lib/python3.10/dist-packages/nav_2d_msgs/__init__.py
[37.343s] Listing '/home/wheeltec/XiouGai-src/src/install/nav_2d_msgs/local/lib/python3.10/dist-packages/nav_2d_msgs'...
[37.344s] Compiling '/home/wheeltec/XiouGai-src/src/install/nav_2d_msgs/local/lib/python3.10/dist-packages/nav_2d_msgs/__init__.py'...
[37.344s] Listing '/home/wheeltec/XiouGai-src/src/install/nav_2d_msgs/local/lib/python3.10/dist-packages/nav_2d_msgs/msg'...
[37.344s] Compiling '/home/wheeltec/XiouGai-src/src/install/nav_2d_msgs/local/lib/python3.10/dist-packages/nav_2d_msgs/msg/__init__.py'...
[37.344s] Compiling '/home/wheeltec/XiouGai-src/src/install/nav_2d_msgs/local/lib/python3.10/dist-packages/nav_2d_msgs/msg/_path2_d.py'...
[37.344s] Compiling '/home/wheeltec/XiouGai-src/src/install/nav_2d_msgs/local/lib/python3.10/dist-packages/nav_2d_msgs/msg/_pose2_d32.py'...
[37.344s] Compiling '/home/wheeltec/XiouGai-src/src/install/nav_2d_msgs/local/lib/python3.10/dist-packages/nav_2d_msgs/msg/_pose2_d_stamped.py'...
[37.344s] Compiling '/home/wheeltec/XiouGai-src/src/install/nav_2d_msgs/local/lib/python3.10/dist-packages/nav_2d_msgs/msg/_twist2_d.py'...
[37.344s] Compiling '/home/wheeltec/XiouGai-src/src/install/nav_2d_msgs/local/lib/python3.10/dist-packages/nav_2d_msgs/msg/_twist2_d32.py'...
[37.344s] Compiling '/home/wheeltec/XiouGai-src/src/install/nav_2d_msgs/local/lib/python3.10/dist-packages/nav_2d_msgs/msg/_twist2_d_stamped.py'...
[37.349s] -- Installing: /home/wheeltec/XiouGai-src/src/install/nav_2d_msgs/local/lib/python3.10/dist-packages/nav_2d_msgs/nav_2d_msgs_s__rosidl_typesupport_fastrtps_c.cpython-310-x86_64-linux-gnu.so
[37.351s] -- Set runtime path of "/home/wheeltec/XiouGai-src/src/install/nav_2d_msgs/local/lib/python3.10/dist-packages/nav_2d_msgs/nav_2d_msgs_s__rosidl_typesupport_fastrtps_c.cpython-310-x86_64-linux-gnu.so" to ""
[37.352s] -- Installing: /home/wheeltec/XiouGai-src/src/install/nav_2d_msgs/local/lib/python3.10/dist-packages/nav_2d_msgs/nav_2d_msgs_s__rosidl_typesupport_introspection_c.cpython-310-x86_64-linux-gnu.so
[37.354s] -- Set runtime path of "/home/wheeltec/XiouGai-src/src/install/nav_2d_msgs/local/lib/python3.10/dist-packages/nav_2d_msgs/nav_2d_msgs_s__rosidl_typesupport_introspection_c.cpython-310-x86_64-linux-gnu.so" to ""
[37.357s] -- Installing: /home/wheeltec/XiouGai-src/src/install/nav_2d_msgs/local/lib/python3.10/dist-packages/nav_2d_msgs/nav_2d_msgs_s__rosidl_typesupport_c.cpython-310-x86_64-linux-gnu.so
[37.357s] -- Set runtime path of "/home/wheeltec/XiouGai-src/src/install/nav_2d_msgs/local/lib/python3.10/dist-packages/nav_2d_msgs/nav_2d_msgs_s__rosidl_typesupport_c.cpython-310-x86_64-linux-gnu.so" to ""
[37.358s] -- Installing: /home/wheeltec/XiouGai-src/src/install/nav_2d_msgs/lib/libnav_2d_msgs__rosidl_generator_py.so
[37.360s] -- Set runtime path of "/home/wheeltec/XiouGai-src/src/install/nav_2d_msgs/lib/libnav_2d_msgs__rosidl_generator_py.so" to ""
[37.360s] -- Installing: /home/wheeltec/XiouGai-src/src/install/nav_2d_msgs/share/nav_2d_msgs/msg/Path2D.idl
[37.361s] -- Installing: /home/wheeltec/XiouGai-src/src/install/nav_2d_msgs/share/nav_2d_msgs/msg/Pose2D32.idl
[37.361s] -- Installing: /home/wheeltec/XiouGai-src/src/install/nav_2d_msgs/share/nav_2d_msgs/msg/Pose2DStamped.idl
[37.362s] -- Installing: /home/wheeltec/XiouGai-src/src/install/nav_2d_msgs/share/nav_2d_msgs/msg/Twist2D.idl
[37.362s] -- Installing: /home/wheeltec/XiouGai-src/src/install/nav_2d_msgs/share/nav_2d_msgs/msg/Twist2D32.idl
[37.363s] -- Installing: /home/wheeltec/XiouGai-src/src/install/nav_2d_msgs/share/nav_2d_msgs/msg/Twist2DStamped.idl
[37.363s] -- Installing: /home/wheeltec/XiouGai-src/src/install/nav_2d_msgs/share/nav_2d_msgs/msg/Path2D.msg
[37.364s] -- Installing: /home/wheeltec/XiouGai-src/src/install/nav_2d_msgs/share/nav_2d_msgs/msg/Pose2D32.msg
[37.367s] -- Installing: /home/wheeltec/XiouGai-src/src/install/nav_2d_msgs/share/nav_2d_msgs/msg/Pose2DStamped.msg
[37.368s] -- Installing: /home/wheeltec/XiouGai-src/src/install/nav_2d_msgs/share/nav_2d_msgs/msg/Twist2D.msg
[37.368s] -- Installing: /home/wheeltec/XiouGai-src/src/install/nav_2d_msgs/share/nav_2d_msgs/msg/Twist2D32.msg
[37.368s] -- Installing: /home/wheeltec/XiouGai-src/src/install/nav_2d_msgs/share/nav_2d_msgs/msg/Twist2DStamped.msg
[37.368s] -- Installing: /home/wheeltec/XiouGai-src/src/install/nav_2d_msgs/share/ament_index/resource_index/package_run_dependencies/nav_2d_msgs
[37.368s] -- Installing: /home/wheeltec/XiouGai-src/src/install/nav_2d_msgs/share/ament_index/resource_index/parent_prefix_path/nav_2d_msgs
[37.369s] -- Installing: /home/wheeltec/XiouGai-src/src/install/nav_2d_msgs/share/nav_2d_msgs/environment/ament_prefix_path.sh
[37.369s] -- Installing: /home/wheeltec/XiouGai-src/src/install/nav_2d_msgs/share/nav_2d_msgs/environment/ament_prefix_path.dsv
[37.369s] -- Installing: /home/wheeltec/XiouGai-src/src/install/nav_2d_msgs/share/nav_2d_msgs/environment/path.sh
[37.370s] -- Installing: /home/wheeltec/XiouGai-src/src/install/nav_2d_msgs/share/nav_2d_msgs/environment/path.dsv
[37.370s] -- Installing: /home/wheeltec/XiouGai-src/src/install/nav_2d_msgs/share/nav_2d_msgs/local_setup.bash
[37.370s] -- Installing: /home/wheeltec/XiouGai-src/src/install/nav_2d_msgs/share/nav_2d_msgs/local_setup.sh
[37.370s] -- Installing: /home/wheeltec/XiouGai-src/src/install/nav_2d_msgs/share/nav_2d_msgs/local_setup.zsh
[37.370s] -- Installing: /home/wheeltec/XiouGai-src/src/install/nav_2d_msgs/share/nav_2d_msgs/local_setup.dsv
[37.374s] -- Installing: /home/wheeltec/XiouGai-src/src/install/nav_2d_msgs/share/nav_2d_msgs/package.dsv
[37.374s] -- Installing: /home/wheeltec/XiouGai-src/src/install/nav_2d_msgs/share/ament_index/resource_index/packages/nav_2d_msgs
[37.374s] -- Installing: /home/wheeltec/XiouGai-src/src/install/nav_2d_msgs/share/nav_2d_msgs/cmake/export_nav_2d_msgs__rosidl_generator_cExport.cmake
[37.374s] -- Installing: /home/wheeltec/XiouGai-src/src/install/nav_2d_msgs/share/nav_2d_msgs/cmake/export_nav_2d_msgs__rosidl_generator_cExport-noconfig.cmake
[37.375s] -- Installing: /home/wheeltec/XiouGai-src/src/install/nav_2d_msgs/share/nav_2d_msgs/cmake/export_nav_2d_msgs__rosidl_typesupport_fastrtps_cExport.cmake
[37.375s] -- Installing: /home/wheeltec/XiouGai-src/src/install/nav_2d_msgs/share/nav_2d_msgs/cmake/export_nav_2d_msgs__rosidl_typesupport_fastrtps_cExport-noconfig.cmake
[37.376s] -- Installing: /home/wheeltec/XiouGai-src/src/install/nav_2d_msgs/share/nav_2d_msgs/cmake/export_nav_2d_msgs__rosidl_generator_cppExport.cmake
[37.378s] -- Installing: /home/wheeltec/XiouGai-src/src/install/nav_2d_msgs/share/nav_2d_msgs/cmake/export_nav_2d_msgs__rosidl_typesupport_fastrtps_cppExport.cmake
[37.378s] -- Installing: /home/wheeltec/XiouGai-src/src/install/nav_2d_msgs/share/nav_2d_msgs/cmake/export_nav_2d_msgs__rosidl_typesupport_fastrtps_cppExport-noconfig.cmake
[37.379s] -- Installing: /home/wheeltec/XiouGai-src/src/install/nav_2d_msgs/share/nav_2d_msgs/cmake/nav_2d_msgs__rosidl_typesupport_introspection_cExport.cmake
[37.379s] -- Installing: /home/wheeltec/XiouGai-src/src/install/nav_2d_msgs/share/nav_2d_msgs/cmake/nav_2d_msgs__rosidl_typesupport_introspection_cExport-noconfig.cmake
[37.379s] -- Installing: /home/wheeltec/XiouGai-src/src/install/nav_2d_msgs/share/nav_2d_msgs/cmake/nav_2d_msgs__rosidl_typesupport_cExport.cmake
[37.379s] -- Installing: /home/wheeltec/XiouGai-src/src/install/nav_2d_msgs/share/nav_2d_msgs/cmake/nav_2d_msgs__rosidl_typesupport_cExport-noconfig.cmake
[37.380s] -- Installing: /home/wheeltec/XiouGai-src/src/install/nav_2d_msgs/share/nav_2d_msgs/cmake/nav_2d_msgs__rosidl_typesupport_introspection_cppExport.cmake
[37.381s] -- Installing: /home/wheeltec/XiouGai-src/src/install/nav_2d_msgs/share/nav_2d_msgs/cmake/nav_2d_msgs__rosidl_typesupport_introspection_cppExport-noconfig.cmake
[37.381s] -- Installing: /home/wheeltec/XiouGai-src/src/install/nav_2d_msgs/share/nav_2d_msgs/cmake/nav_2d_msgs__rosidl_typesupport_cppExport.cmake
[37.382s] -- Installing: /home/wheeltec/XiouGai-src/src/install/nav_2d_msgs/share/nav_2d_msgs/cmake/nav_2d_msgs__rosidl_typesupport_cppExport-noconfig.cmake
[37.383s] -- Installing: /home/wheeltec/XiouGai-src/src/install/nav_2d_msgs/share/nav_2d_msgs/cmake/export_nav_2d_msgs__rosidl_generator_pyExport.cmake
[37.383s] -- Installing: /home/wheeltec/XiouGai-src/src/install/nav_2d_msgs/share/nav_2d_msgs/cmake/export_nav_2d_msgs__rosidl_generator_pyExport-noconfig.cmake
[37.383s] -- Installing: /home/wheeltec/XiouGai-src/src/install/nav_2d_msgs/share/nav_2d_msgs/cmake/rosidl_cmake-extras.cmake
[37.384s] -- Installing: /home/wheeltec/XiouGai-src/src/install/nav_2d_msgs/share/nav_2d_msgs/cmake/ament_cmake_export_dependencies-extras.cmake
[37.385s] -- Installing: /home/wheeltec/XiouGai-src/src/install/nav_2d_msgs/share/nav_2d_msgs/cmake/ament_cmake_export_include_directories-extras.cmake
[37.386s] -- Installing: /home/wheeltec/XiouGai-src/src/install/nav_2d_msgs/share/nav_2d_msgs/cmake/ament_cmake_export_libraries-extras.cmake
[37.390s] -- Installing: /home/wheeltec/XiouGai-src/src/install/nav_2d_msgs/share/nav_2d_msgs/cmake/ament_cmake_export_targets-extras.cmake
[37.390s] -- Installing: /home/wheeltec/XiouGai-src/src/install/nav_2d_msgs/share/nav_2d_msgs/cmake/rosidl_cmake_export_typesupport_targets-extras.cmake
[37.391s] -- Installing: /home/wheeltec/XiouGai-src/src/install/nav_2d_msgs/share/nav_2d_msgs/cmake/rosidl_cmake_export_typesupport_libraries-extras.cmake
[37.391s] -- Installing: /home/wheeltec/XiouGai-src/src/install/nav_2d_msgs/share/nav_2d_msgs/cmake/nav_2d_msgsConfig.cmake
[37.391s] -- Installing: /home/wheeltec/XiouGai-src/src/install/nav_2d_msgs/share/nav_2d_msgs/cmake/nav_2d_msgsConfig-version.cmake
[37.394s] -- Installing: /home/wheeltec/XiouGai-src/src/install/nav_2d_msgs/share/nav_2d_msgs/package.xml
[37.397s] Invoked command in '/home/wheeltec/XiouGai-src/src/build/nav_2d_msgs' returned '0': CMAKE_PREFIX_PATH=/home/wheeltec/rtabmap_ws/install/rtabmap_ros:/home/wheeltec/rtabmap_ws/install/rtabmap_launch:/home/wheeltec/rtabmap_ws/install/rtabmap_examples:/home/wheeltec/rtabmap_ws/install/rtabmap_demos:/home/wheeltec/rtabmap_ws/install/rtabmap_viz:/home/wheeltec/rtabmap_ws/install/rtabmap_slam:/home/wheeltec/rtabmap_ws/install/rtabmap_odom:/home/wheeltec/rtabmap_ws/install/rtabmap_util:/home/wheeltec/rtabmap_ws/install/rtabmap_sync:/home/wheeltec/rtabmap_ws/install/rtabmap_rviz_plugins:/home/wheeltec/rtabmap_ws/install/rtabmap_conversions:/home/wheeltec/rtabmap_ws/install/rtabmap_python:/opt/ros/humble:/home/wheeltec/rtabmap_ws/install/rtabmap_msgs:/home/wheeltec/rtabmap_ws/install/rtabmap /usr/bin/cmake --install /home/wheeltec/XiouGai-src/src/build/nav_2d_msgs
