[0.053s] Invoking command in '/home/wheeltec/XiouGai-src/src/build/ldlidar_stl_ros2': CMAKE_PREFIX_PATH=/home/wheeltec/rtabmap_ws/install/rtabmap_ros:/home/wheeltec/rtabmap_ws/install/rtabmap_launch:/home/wheeltec/rtabmap_ws/install/rtabmap_examples:/home/wheeltec/rtabmap_ws/install/rtabmap_demos:/home/wheeltec/rtabmap_ws/install/rtabmap_viz:/home/wheeltec/rtabmap_ws/install/rtabmap_slam:/home/wheeltec/rtabmap_ws/install/rtabmap_odom:/home/wheeltec/rtabmap_ws/install/rtabmap_util:/home/wheeltec/rtabmap_ws/install/rtabmap_sync:/home/wheeltec/rtabmap_ws/install/rtabmap_rviz_plugins:/home/wheeltec/rtabmap_ws/install/rtabmap_conversions:/home/wheeltec/rtabmap_ws/install/rtabmap_python:/opt/ros/humble:/home/wheeltec/rtabmap_ws/install/rtabmap_msgs:/home/wheeltec/rtabmap_ws/install/rtabmap /usr/bin/cmake /home/wheeltec/XiouGai-src/src/wheeltec_lidar_ros2/LDlidar/ldlidar06 -DCMAKE_INSTALL_PREFIX=/home/wheeltec/XiouGai-src/src/install/ldlidar_stl_ros2
[0.344s] -- The C compiler identification is GNU 11.4.0
[0.584s] -- The CXX compiler identification is GNU 11.4.0
[0.608s] -- Detecting C compiler ABI info
[0.955s] -- Detecting C compiler ABI info - done
[0.973s] -- Check for working C compiler: /usr/bin/cc - skipped
[0.974s] -- Detecting C compile features
[0.974s] -- Detecting C compile features - done
[0.983s] -- Detecting CXX compiler ABI info
[1.457s] -- Detecting CXX compiler ABI info - done
[1.470s] -- Check for working CXX compiler: /usr/bin/c++ - skipped
[1.471s] -- Detecting CXX compile features
[1.472s] -- Detecting CXX compile features - done
[1.492s] -- Found ament_cmake: 1.3.9 (/opt/ros/humble/share/ament_cmake/cmake)
[1.903s] -- Found Python3: /usr/bin/python3 (found version "3.10.12") found components: Interpreter 
[2.227s] -- Found rclcpp: 16.0.9 (/opt/ros/humble/share/rclcpp/cmake)
[2.436s] -- Found rosidl_generator_c: 3.1.5 (/opt/ros/humble/share/rosidl_generator_c/cmake)
[2.461s] -- Found rosidl_adapter: 3.1.5 (/opt/ros/humble/share/rosidl_adapter/cmake)
[2.506s] -- Found rosidl_generator_cpp: 3.1.5 (/opt/ros/humble/share/rosidl_generator_cpp/cmake)
[2.559s] -- Using all available rosidl_typesupport_c: rosidl_typesupport_fastrtps_c;rosidl_typesupport_introspection_c
[2.641s] -- Using all available rosidl_typesupport_cpp: rosidl_typesupport_fastrtps_cpp;rosidl_typesupport_introspection_cpp
[2.932s] -- Found rmw_implementation_cmake: 6.1.2 (/opt/ros/humble/share/rmw_implementation_cmake/cmake)
[2.944s] -- Found rmw_fastrtps_cpp: 6.2.6 (/opt/ros/humble/share/rmw_fastrtps_cpp/cmake)
[3.414s] -- Found OpenSSL: /usr/lib/x86_64-linux-gnu/libcrypto.so (found version "3.0.2")  
[3.512s] -- Found FastRTPS: /opt/ros/humble/include  
[3.679s] -- Using RMW implementation 'rmw_fastrtps_cpp' as default
[3.731s] -- Looking for pthread.h
[4.103s] -- Looking for pthread.h - found
[4.112s] -- Performing Test CMAKE_HAVE_LIBC_PTHREAD
[4.576s] -- Performing Test CMAKE_HAVE_LIBC_PTHREAD - Success
[4.590s] -- Found Threads: TRUE  
[4.966s] -- Found sensor_msgs: 4.2.4 (/opt/ros/humble/share/sensor_msgs/cmake)
[5.237s] -- Found ament_lint_auto: 0.12.11 (/opt/ros/humble/share/ament_lint_auto/cmake)
[5.480s] -- Added test 'copyright' to check source files copyright and LICENSE
[5.490s] -- Added test 'cppcheck' to perform static code analysis on C / C++ code
[5.490s] -- Configured cppcheck include dirs: /home/wheeltec/XiouGai-src/src/wheeltec_lidar_ros2/LDlidar/ldlidar06/include;/home/wheeltec/XiouGai-src/src/wheeltec_lidar_ros2/LDlidar/ldlidar06/include/ldlidar_driver/include
[5.491s] -- Configured cppcheck exclude dirs and/or files: 
[5.501s] -- Added test 'cpplint' to check C / C++ code against the Google style
[5.501s] -- Configured cpplint exclude dirs and/or files: 
[5.503s] -- Added test 'flake8' to check Python code syntax and style conventions
[5.506s] -- Added test 'lint_cmake' to check CMake code style
[5.509s] -- Added test 'pep257' to check Python code against some of the docstring style conventions in PEP 257
[5.524s] -- Added test 'uncrustify' to check C / C++ code style
[5.524s] -- Configured uncrustify additional arguments: 
[5.525s] -- Added test 'xmllint' to check XML markup files
[5.533s] -- Configuring done
[5.588s] -- Generating done
[5.590s] -- Build files have been written to: /home/wheeltec/XiouGai-src/src/build/ldlidar_stl_ros2
