[0.093s] Invoking command in '/home/wheeltec/XiouGai-src/src/build/ackermann_msgs': CMAKE_PREFIX_PATH=/home/wheeltec/rtabmap_ws/install/rtabmap_ros:/home/wheeltec/rtabmap_ws/install/rtabmap_launch:/home/wheeltec/rtabmap_ws/install/rtabmap_examples:/home/wheeltec/rtabmap_ws/install/rtabmap_demos:/home/wheeltec/rtabmap_ws/install/rtabmap_viz:/home/wheeltec/rtabmap_ws/install/rtabmap_slam:/home/wheeltec/rtabmap_ws/install/rtabmap_odom:/home/wheeltec/rtabmap_ws/install/rtabmap_util:/home/wheeltec/rtabmap_ws/install/rtabmap_sync:/home/wheeltec/rtabmap_ws/install/rtabmap_rviz_plugins:/home/wheeltec/rtabmap_ws/install/rtabmap_conversions:/home/wheeltec/rtabmap_ws/install/rtabmap_python:/opt/ros/humble:/home/wheeltec/rtabmap_ws/install/rtabmap_msgs:/home/wheeltec/rtabmap_ws/install/rtabmap /usr/bin/cmake /home/wheeltec/XiouGai-src/src/depend/ackermann_msgs-ros2 -DCMAKE_INSTALL_PREFIX=/home/wheeltec/XiouGai-src/src/install/ackermann_msgs
[0.436s] -- The C compiler identification is GNU 11.4.0
[0.763s] -- The CXX compiler identification is GNU 11.4.0
[0.823s] -- Detecting C compiler ABI info
[1.192s] -- Detecting C compiler ABI info - done
[1.207s] -- Check for working C compiler: /usr/bin/cc - skipped
[1.208s] -- Detecting C compile features
[1.208s] -- Detecting C compile features - done
[1.215s] -- Detecting CXX compiler ABI info
[1.577s] -- Detecting CXX compiler ABI info - done
[1.597s] -- Check for working CXX compiler: /usr/bin/c++ - skipped
[1.597s] -- Detecting CXX compile features
[1.610s] -- Detecting CXX compile features - done
[1.643s] -- Found ament_cmake: 1.3.9 (/opt/ros/humble/share/ament_cmake/cmake)
[1.917s] -- Found Python3: /usr/bin/python3 (found version "3.10.12") found components: Interpreter 
[2.199s] -- Found rosidl_default_generators: 1.2.0 (/opt/ros/humble/share/rosidl_default_generators/cmake)
[2.212s] -- Using all available rosidl_typesupport_c: rosidl_typesupport_fastrtps_c;rosidl_typesupport_introspection_c
[2.240s] -- Found rosidl_adapter: 3.1.5 (/opt/ros/humble/share/rosidl_adapter/cmake)
[2.381s] -- Using all available rosidl_typesupport_cpp: rosidl_typesupport_fastrtps_cpp;rosidl_typesupport_introspection_cpp
[2.516s] -- Found std_msgs: 4.2.4 (/opt/ros/humble/share/std_msgs/cmake)
[3.207s] -- Found ament_cmake_cppcheck: 0.12.11 (/opt/ros/humble/share/ament_cmake_cppcheck/cmake)
[3.224s] -- Found ament_cmake_cpplint: 0.12.11 (/opt/ros/humble/share/ament_cmake_cpplint/cmake)
[3.236s] -- Found ament_cmake_uncrustify: 0.12.11 (/opt/ros/humble/share/ament_cmake_uncrustify/cmake)
[3.252s] -- Found ament_cmake_ros: 0.10.0 (/opt/ros/humble/share/ament_cmake_ros/cmake)
[4.194s] -- Using all available rosidl_typesupport_c: rosidl_typesupport_fastrtps_c;rosidl_typesupport_introspection_c
[4.971s] -- Using all available rosidl_typesupport_cpp: rosidl_typesupport_fastrtps_cpp;rosidl_typesupport_introspection_cpp
[5.041s] -- Found PythonInterp: /usr/bin/python3 (found suitable version "3.10.12", minimum required is "3.6") 
[5.062s] -- Found python_cmake_module: 0.10.0 (/opt/ros/humble/share/python_cmake_module/cmake)
[5.159s] -- Found PythonLibs: /usr/lib/x86_64-linux-gnu/libpython3.10.so (found suitable version "3.10.12", minimum required is "3.5") 
[5.159s] -- Using PYTHON_EXECUTABLE: /usr/bin/python3
[5.159s] -- Using PYTHON_INCLUDE_DIRS: /usr/include/python3.10
[5.160s] -- Using PYTHON_LIBRARIES: /usr/lib/x86_64-linux-gnu/libpython3.10.so
[5.202s] -- Found PythonExtra: .so  
[5.352s] -- Found ament_cmake_flake8: 0.12.11 (/opt/ros/humble/share/ament_cmake_flake8/cmake)
[5.373s] -- Found ament_cmake_pep257: 0.12.11 (/opt/ros/humble/share/ament_cmake_pep257/cmake)
[5.403s] -- Configuring done
[5.608s] -- Generating done
[5.620s] -- Build files have been written to: /home/wheeltec/XiouGai-src/src/build/ackermann_msgs
[5.667s] Invoked command in '/home/wheeltec/XiouGai-src/src/build/ackermann_msgs' returned '0': CMAKE_PREFIX_PATH=/home/wheeltec/rtabmap_ws/install/rtabmap_ros:/home/wheeltec/rtabmap_ws/install/rtabmap_launch:/home/wheeltec/rtabmap_ws/install/rtabmap_examples:/home/wheeltec/rtabmap_ws/install/rtabmap_demos:/home/wheeltec/rtabmap_ws/install/rtabmap_viz:/home/wheeltec/rtabmap_ws/install/rtabmap_slam:/home/wheeltec/rtabmap_ws/install/rtabmap_odom:/home/wheeltec/rtabmap_ws/install/rtabmap_util:/home/wheeltec/rtabmap_ws/install/rtabmap_sync:/home/wheeltec/rtabmap_ws/install/rtabmap_rviz_plugins:/home/wheeltec/rtabmap_ws/install/rtabmap_conversions:/home/wheeltec/rtabmap_ws/install/rtabmap_python:/opt/ros/humble:/home/wheeltec/rtabmap_ws/install/rtabmap_msgs:/home/wheeltec/rtabmap_ws/install/rtabmap /usr/bin/cmake /home/wheeltec/XiouGai-src/src/depend/ackermann_msgs-ros2 -DCMAKE_INSTALL_PREFIX=/home/wheeltec/XiouGai-src/src/install/ackermann_msgs
[5.671s] Invoking command in '/home/wheeltec/XiouGai-src/src/build/ackermann_msgs': CMAKE_PREFIX_PATH=/home/wheeltec/rtabmap_ws/install/rtabmap_ros:/home/wheeltec/rtabmap_ws/install/rtabmap_launch:/home/wheeltec/rtabmap_ws/install/rtabmap_examples:/home/wheeltec/rtabmap_ws/install/rtabmap_demos:/home/wheeltec/rtabmap_ws/install/rtabmap_viz:/home/wheeltec/rtabmap_ws/install/rtabmap_slam:/home/wheeltec/rtabmap_ws/install/rtabmap_odom:/home/wheeltec/rtabmap_ws/install/rtabmap_util:/home/wheeltec/rtabmap_ws/install/rtabmap_sync:/home/wheeltec/rtabmap_ws/install/rtabmap_rviz_plugins:/home/wheeltec/rtabmap_ws/install/rtabmap_conversions:/home/wheeltec/rtabmap_ws/install/rtabmap_python:/opt/ros/humble:/home/wheeltec/rtabmap_ws/install/rtabmap_msgs:/home/wheeltec/rtabmap_ws/install/rtabmap /usr/bin/cmake --build /home/wheeltec/XiouGai-src/src/build/ackermann_msgs -- -j4 -l4
[6.168s] [  2%] [34m[1mGenerating C code for ROS interfaces[0m
[6.275s] [  5%] [34m[1mGenerating C++ code for ROS interfaces[0m
[6.381s] [  5%] Built target ament_cmake_python_copy_ackermann_msgs
[7.319s] running egg_info
[7.323s] creating ackermann_msgs.egg-info
[7.325s] writing ackermann_msgs.egg-info/PKG-INFO
[7.330s] writing dependency_links to ackermann_msgs.egg-info/dependency_links.txt
[7.335s] writing top-level names to ackermann_msgs.egg-info/top_level.txt
[7.336s] writing manifest file 'ackermann_msgs.egg-info/SOURCES.txt'
[7.354s] reading manifest file 'ackermann_msgs.egg-info/SOURCES.txt'
[7.362s] writing manifest file 'ackermann_msgs.egg-info/SOURCES.txt'
[7.530s] [  5%] Built target ament_cmake_python_build_ackermann_msgs_egg
[7.725s] [  5%] Built target ackermann_msgs__cpp
[7.757s] [  7%] [32mBuilding C object CMakeFiles/ackermann_msgs__rosidl_generator_c.dir/rosidl_generator_c/ackermann_msgs/msg/detail/ackermann_drive_stamped__functions.c.o[0m
[7.766s] [ 10%] [32mBuilding C object CMakeFiles/ackermann_msgs__rosidl_generator_c.dir/rosidl_generator_c/ackermann_msgs/msg/detail/ackermann_drive__functions.c.o[0m
[7.883s] [ 12%] [34m[1mGenerating C++ type support dispatch for ROS interfaces[0m
[7.927s] [ 15%] [34m[1mGenerating C++ type support for eProsima Fast-RTPS[0m
[8.198s] [ 17%] [34m[1mGenerating C++ introspection for ROS interfaces[0m
[8.279s] [ 20%] [32m[1mLinking C shared library libackermann_msgs__rosidl_generator_c.so[0m
[8.779s] [ 20%] Built target ackermann_msgs__rosidl_generator_c
[8.878s] [ 23%] [34m[1mGenerating C type support for eProsima Fast-RTPS[0m
[9.208s] [ 25%] [32mBuilding CXX object CMakeFiles/ackermann_msgs__rosidl_typesupport_cpp.dir/rosidl_typesupport_cpp/ackermann_msgs/msg/ackermann_drive__type_support.cpp.o[0m
[9.544s] [ 28%] [32mBuilding CXX object CMakeFiles/ackermann_msgs__rosidl_typesupport_introspection_cpp.dir/rosidl_typesupport_introspection_cpp/ackermann_msgs/msg/detail/ackermann_drive__type_support.cpp.o[0m
[9.691s] [ 30%] [32mBuilding CXX object CMakeFiles/ackermann_msgs__rosidl_typesupport_fastrtps_cpp.dir/rosidl_typesupport_fastrtps_cpp/ackermann_msgs/msg/detail/dds_fastrtps/ackermann_drive__type_support.cpp.o[0m
[10.654s] [ 33%] [32mBuilding CXX object CMakeFiles/ackermann_msgs__rosidl_typesupport_fastrtps_c.dir/rosidl_typesupport_fastrtps_c/ackermann_msgs/msg/detail/ackermann_drive__type_support_c.cpp.o[0m
[10.942s] [ 35%] [32mBuilding CXX object CMakeFiles/ackermann_msgs__rosidl_typesupport_cpp.dir/rosidl_typesupport_cpp/ackermann_msgs/msg/ackermann_drive_stamped__type_support.cpp.o[0m
[11.186s] [ 38%] [32mBuilding CXX object CMakeFiles/ackermann_msgs__rosidl_typesupport_introspection_cpp.dir/rosidl_typesupport_introspection_cpp/ackermann_msgs/msg/detail/ackermann_drive_stamped__type_support.cpp.o[0m
[11.809s] [ 41%] [32mBuilding CXX object CMakeFiles/ackermann_msgs__rosidl_typesupport_fastrtps_cpp.dir/rosidl_typesupport_fastrtps_cpp/ackermann_msgs/msg/detail/dds_fastrtps/ackermann_drive_stamped__type_support.cpp.o[0m
[12.494s] [ 43%] [32m[1mLinking CXX shared library libackermann_msgs__rosidl_typesupport_cpp.so[0m
[12.637s] [ 46%] [32mBuilding CXX object CMakeFiles/ackermann_msgs__rosidl_typesupport_fastrtps_c.dir/rosidl_typesupport_fastrtps_c/ackermann_msgs/msg/detail/ackermann_drive_stamped__type_support_c.cpp.o[0m
[12.925s] [ 46%] Built target ackermann_msgs__rosidl_typesupport_cpp
[13.109s] [ 48%] [34m[1mGenerating C introspection for ROS interfaces[0m
[13.546s] [ 51%] [32m[1mLinking CXX shared library libackermann_msgs__rosidl_typesupport_introspection_cpp.so[0m
[14.090s] [ 51%] Built target ackermann_msgs__rosidl_typesupport_introspection_cpp
[14.097s] [ 53%] [32m[1mLinking CXX shared library libackermann_msgs__rosidl_typesupport_fastrtps_cpp.so[0m
[14.207s] [ 56%] [34m[1mGenerating C type support dispatch for ROS interfaces[0m
[14.406s] [ 58%] [32m[1mLinking CXX shared library libackermann_msgs__rosidl_typesupport_fastrtps_c.so[0m
[14.601s] [ 61%] [32mBuilding C object CMakeFiles/ackermann_msgs__rosidl_typesupport_introspection_c.dir/rosidl_typesupport_introspection_c/ackermann_msgs/msg/detail/ackermann_drive__type_support.c.o[0m
[14.671s] [ 61%] Built target ackermann_msgs__rosidl_typesupport_fastrtps_cpp
[14.749s] [ 64%] [32mBuilding C object CMakeFiles/ackermann_msgs__rosidl_typesupport_introspection_c.dir/rosidl_typesupport_introspection_c/ackermann_msgs/msg/detail/ackermann_drive_stamped__type_support.c.o[0m
[14.904s] [ 64%] Built target ackermann_msgs__rosidl_typesupport_fastrtps_c
[14.970s] [ 66%] [32m[1mLinking C shared library libackermann_msgs__rosidl_typesupport_introspection_c.so[0m
[15.212s] [ 69%] [32mBuilding CXX object CMakeFiles/ackermann_msgs__rosidl_typesupport_c.dir/rosidl_typesupport_c/ackermann_msgs/msg/ackermann_drive__type_support.cpp.o[0m
[15.252s] [ 71%] [32mBuilding CXX object CMakeFiles/ackermann_msgs__rosidl_typesupport_c.dir/rosidl_typesupport_c/ackermann_msgs/msg/ackermann_drive_stamped__type_support.cpp.o[0m
[15.263s] [ 71%] Built target ackermann_msgs__rosidl_typesupport_introspection_c
[15.450s] [ 74%] [32m[1mLinking CXX shared library libackermann_msgs__rosidl_typesupport_c.so[0m
[15.792s] [ 74%] Built target ackermann_msgs__rosidl_typesupport_c
[15.973s] [ 74%] Built target ackermann_msgs
[16.151s] [ 76%] [34m[1mGenerating Python code for ROS interfaces[0m
[18.812s] [ 76%] Built target ackermann_msgs__py
[18.959s] [ 79%] [32mBuilding C object CMakeFiles/ackermann_msgs__rosidl_generator_py.dir/rosidl_generator_py/ackermann_msgs/msg/_ackermann_drive_stamped_s.c.o[0m
[19.074s] [ 82%] [32mBuilding C object CMakeFiles/ackermann_msgs__rosidl_generator_py.dir/rosidl_generator_py/ackermann_msgs/msg/_ackermann_drive_s.c.o[0m
[20.051s] [ 84%] [32m[1mLinking C shared library rosidl_generator_py/ackermann_msgs/libackermann_msgs__rosidl_generator_py.so[0m
[20.359s] [ 84%] Built target ackermann_msgs__rosidl_generator_py
[20.506s] [ 87%] [32mBuilding C object CMakeFiles/ackermann_msgs__rosidl_typesupport_c__pyext.dir/rosidl_generator_py/ackermann_msgs/_ackermann_msgs_s.ep.rosidl_typesupport_c.c.o[0m
[20.509s] [ 89%] [32mBuilding C object CMakeFiles/ackermann_msgs__rosidl_typesupport_introspection_c__pyext.dir/rosidl_generator_py/ackermann_msgs/_ackermann_msgs_s.ep.rosidl_typesupport_introspection_c.c.o[0m
[20.585s] [ 92%] [32mBuilding C object CMakeFiles/ackermann_msgs__rosidl_typesupport_fastrtps_c__pyext.dir/rosidl_generator_py/ackermann_msgs/_ackermann_msgs_s.ep.rosidl_typesupport_fastrtps_c.c.o[0m
[21.146s] [ 94%] [32m[1mLinking C shared library rosidl_generator_py/ackermann_msgs/ackermann_msgs_s__rosidl_typesupport_introspection_c.cpython-310-x86_64-linux-gnu.so[0m
[21.389s] [ 97%] [32m[1mLinking C shared library rosidl_generator_py/ackermann_msgs/ackermann_msgs_s__rosidl_typesupport_c.cpython-310-x86_64-linux-gnu.so[0m
[21.421s] [ 97%] Built target ackermann_msgs__rosidl_typesupport_introspection_c__pyext
[21.516s] [100%] [32m[1mLinking C shared library rosidl_generator_py/ackermann_msgs/ackermann_msgs_s__rosidl_typesupport_fastrtps_c.cpython-310-x86_64-linux-gnu.so[0m
[21.862s] [100%] Built target ackermann_msgs__rosidl_typesupport_c__pyext
[22.199s] [100%] Built target ackermann_msgs__rosidl_typesupport_fastrtps_c__pyext
[22.339s] Invoked command in '/home/wheeltec/XiouGai-src/src/build/ackermann_msgs' returned '0': CMAKE_PREFIX_PATH=/home/wheeltec/rtabmap_ws/install/rtabmap_ros:/home/wheeltec/rtabmap_ws/install/rtabmap_launch:/home/wheeltec/rtabmap_ws/install/rtabmap_examples:/home/wheeltec/rtabmap_ws/install/rtabmap_demos:/home/wheeltec/rtabmap_ws/install/rtabmap_viz:/home/wheeltec/rtabmap_ws/install/rtabmap_slam:/home/wheeltec/rtabmap_ws/install/rtabmap_odom:/home/wheeltec/rtabmap_ws/install/rtabmap_util:/home/wheeltec/rtabmap_ws/install/rtabmap_sync:/home/wheeltec/rtabmap_ws/install/rtabmap_rviz_plugins:/home/wheeltec/rtabmap_ws/install/rtabmap_conversions:/home/wheeltec/rtabmap_ws/install/rtabmap_python:/opt/ros/humble:/home/wheeltec/rtabmap_ws/install/rtabmap_msgs:/home/wheeltec/rtabmap_ws/install/rtabmap /usr/bin/cmake --build /home/wheeltec/XiouGai-src/src/build/ackermann_msgs -- -j4 -l4
[24.011s] Invoking command in '/home/wheeltec/XiouGai-src/src/build/ackermann_msgs': CMAKE_PREFIX_PATH=/home/wheeltec/rtabmap_ws/install/rtabmap_ros:/home/wheeltec/rtabmap_ws/install/rtabmap_launch:/home/wheeltec/rtabmap_ws/install/rtabmap_examples:/home/wheeltec/rtabmap_ws/install/rtabmap_demos:/home/wheeltec/rtabmap_ws/install/rtabmap_viz:/home/wheeltec/rtabmap_ws/install/rtabmap_slam:/home/wheeltec/rtabmap_ws/install/rtabmap_odom:/home/wheeltec/rtabmap_ws/install/rtabmap_util:/home/wheeltec/rtabmap_ws/install/rtabmap_sync:/home/wheeltec/rtabmap_ws/install/rtabmap_rviz_plugins:/home/wheeltec/rtabmap_ws/install/rtabmap_conversions:/home/wheeltec/rtabmap_ws/install/rtabmap_python:/opt/ros/humble:/home/wheeltec/rtabmap_ws/install/rtabmap_msgs:/home/wheeltec/rtabmap_ws/install/rtabmap /usr/bin/cmake --install /home/wheeltec/XiouGai-src/src/build/ackermann_msgs
[24.083s] -- Install configuration: ""
[24.084s] -- Installing: /home/wheeltec/XiouGai-src/src/install/ackermann_msgs/share/ament_index/resource_index/rosidl_interfaces/ackermann_msgs
[24.104s] -- Installing: /home/wheeltec/XiouGai-src/src/install/ackermann_msgs/include/ackermann_msgs/ackermann_msgs
[24.105s] -- Installing: /home/wheeltec/XiouGai-src/src/install/ackermann_msgs/include/ackermann_msgs/ackermann_msgs/msg
[24.105s] -- Installing: /home/wheeltec/XiouGai-src/src/install/ackermann_msgs/include/ackermann_msgs/ackermann_msgs/msg/ackermann_drive.h
[24.105s] -- Installing: /home/wheeltec/XiouGai-src/src/install/ackermann_msgs/include/ackermann_msgs/ackermann_msgs/msg/ackermann_drive_stamped.h
[24.105s] -- Installing: /home/wheeltec/XiouGai-src/src/install/ackermann_msgs/include/ackermann_msgs/ackermann_msgs/msg/detail
[24.125s] -- Installing: /home/wheeltec/XiouGai-src/src/install/ackermann_msgs/include/ackermann_msgs/ackermann_msgs/msg/detail/ackermann_drive_stamped__type_support.h
[24.125s] -- Installing: /home/wheeltec/XiouGai-src/src/install/ackermann_msgs/include/ackermann_msgs/ackermann_msgs/msg/detail/ackermann_drive__type_support.h
[24.131s] -- Installing: /home/wheeltec/XiouGai-src/src/install/ackermann_msgs/include/ackermann_msgs/ackermann_msgs/msg/detail/ackermann_drive_stamped__functions.h
[24.134s] -- Installing: /home/wheeltec/XiouGai-src/src/install/ackermann_msgs/include/ackermann_msgs/ackermann_msgs/msg/detail/ackermann_drive__functions.c
[24.134s] -- Installing: /home/wheeltec/XiouGai-src/src/install/ackermann_msgs/include/ackermann_msgs/ackermann_msgs/msg/detail/ackermann_drive_stamped__struct.h
[24.134s] -- Installing: /home/wheeltec/XiouGai-src/src/install/ackermann_msgs/include/ackermann_msgs/ackermann_msgs/msg/detail/ackermann_drive__functions.h
[24.134s] -- Installing: /home/wheeltec/XiouGai-src/src/install/ackermann_msgs/include/ackermann_msgs/ackermann_msgs/msg/detail/ackermann_drive_stamped__functions.c
[24.135s] -- Installing: /home/wheeltec/XiouGai-src/src/install/ackermann_msgs/include/ackermann_msgs/ackermann_msgs/msg/detail/ackermann_drive__struct.h
[24.141s] -- Installing: /home/wheeltec/XiouGai-src/src/install/ackermann_msgs/include/ackermann_msgs/ackermann_msgs/msg/rosidl_generator_c__visibility_control.h
[24.151s] -- Installing: /home/wheeltec/XiouGai-src/src/install/ackermann_msgs/share/ackermann_msgs/environment/library_path.sh
[24.151s] -- Installing: /home/wheeltec/XiouGai-src/src/install/ackermann_msgs/share/ackermann_msgs/environment/library_path.dsv
[24.161s] -- Installing: /home/wheeltec/XiouGai-src/src/install/ackermann_msgs/lib/libackermann_msgs__rosidl_generator_c.so
[24.170s] -- Set runtime path of "/home/wheeltec/XiouGai-src/src/install/ackermann_msgs/lib/libackermann_msgs__rosidl_generator_c.so" to ""
[24.170s] -- Up-to-date: /home/wheeltec/XiouGai-src/src/install/ackermann_msgs/include/ackermann_msgs/ackermann_msgs
[24.170s] -- Up-to-date: /home/wheeltec/XiouGai-src/src/install/ackermann_msgs/include/ackermann_msgs/ackermann_msgs/msg
[24.173s] -- Up-to-date: /home/wheeltec/XiouGai-src/src/install/ackermann_msgs/include/ackermann_msgs/ackermann_msgs/msg/detail
[24.174s] -- Installing: /home/wheeltec/XiouGai-src/src/install/ackermann_msgs/include/ackermann_msgs/ackermann_msgs/msg/detail/ackermann_drive_stamped__rosidl_typesupport_fastrtps_c.h
[24.181s] -- Installing: /home/wheeltec/XiouGai-src/src/install/ackermann_msgs/include/ackermann_msgs/ackermann_msgs/msg/detail/ackermann_drive__rosidl_typesupport_fastrtps_c.h
[24.181s] -- Installing: /home/wheeltec/XiouGai-src/src/install/ackermann_msgs/include/ackermann_msgs/ackermann_msgs/msg/rosidl_typesupport_fastrtps_c__visibility_control.h
[24.181s] -- Installing: /home/wheeltec/XiouGai-src/src/install/ackermann_msgs/lib/libackermann_msgs__rosidl_typesupport_fastrtps_c.so
[24.195s] -- Set runtime path of "/home/wheeltec/XiouGai-src/src/install/ackermann_msgs/lib/libackermann_msgs__rosidl_typesupport_fastrtps_c.so" to ""
[24.195s] -- Up-to-date: /home/wheeltec/XiouGai-src/src/install/ackermann_msgs/include/ackermann_msgs/ackermann_msgs
[24.195s] -- Up-to-date: /home/wheeltec/XiouGai-src/src/install/ackermann_msgs/include/ackermann_msgs/ackermann_msgs/msg
[24.196s] -- Up-to-date: /home/wheeltec/XiouGai-src/src/install/ackermann_msgs/include/ackermann_msgs/ackermann_msgs/msg/detail
[24.197s] -- Installing: /home/wheeltec/XiouGai-src/src/install/ackermann_msgs/include/ackermann_msgs/ackermann_msgs/msg/detail/ackermann_drive_stamped__rosidl_typesupport_introspection_c.h
[24.198s] -- Installing: /home/wheeltec/XiouGai-src/src/install/ackermann_msgs/include/ackermann_msgs/ackermann_msgs/msg/detail/ackermann_drive__type_support.c
[24.198s] -- Installing: /home/wheeltec/XiouGai-src/src/install/ackermann_msgs/include/ackermann_msgs/ackermann_msgs/msg/detail/ackermann_drive__rosidl_typesupport_introspection_c.h
[24.198s] -- Installing: /home/wheeltec/XiouGai-src/src/install/ackermann_msgs/include/ackermann_msgs/ackermann_msgs/msg/detail/ackermann_drive_stamped__type_support.c
[24.198s] -- Installing: /home/wheeltec/XiouGai-src/src/install/ackermann_msgs/include/ackermann_msgs/ackermann_msgs/msg/rosidl_typesupport_introspection_c__visibility_control.h
[24.203s] -- Installing: /home/wheeltec/XiouGai-src/src/install/ackermann_msgs/lib/libackermann_msgs__rosidl_typesupport_introspection_c.so
[24.221s] -- Set runtime path of "/home/wheeltec/XiouGai-src/src/install/ackermann_msgs/lib/libackermann_msgs__rosidl_typesupport_introspection_c.so" to ""
[24.222s] -- Installing: /home/wheeltec/XiouGai-src/src/install/ackermann_msgs/lib/libackermann_msgs__rosidl_typesupport_c.so
[24.235s] -- Set runtime path of "/home/wheeltec/XiouGai-src/src/install/ackermann_msgs/lib/libackermann_msgs__rosidl_typesupport_c.so" to ""
[24.235s] -- Up-to-date: /home/wheeltec/XiouGai-src/src/install/ackermann_msgs/include/ackermann_msgs/ackermann_msgs
[24.235s] -- Up-to-date: /home/wheeltec/XiouGai-src/src/install/ackermann_msgs/include/ackermann_msgs/ackermann_msgs/msg
[24.235s] -- Up-to-date: /home/wheeltec/XiouGai-src/src/install/ackermann_msgs/include/ackermann_msgs/ackermann_msgs/msg/detail
[24.235s] -- Installing: /home/wheeltec/XiouGai-src/src/install/ackermann_msgs/include/ackermann_msgs/ackermann_msgs/msg/detail/ackermann_drive__traits.hpp
[24.236s] -- Installing: /home/wheeltec/XiouGai-src/src/install/ackermann_msgs/include/ackermann_msgs/ackermann_msgs/msg/detail/ackermann_drive__builder.hpp
[24.236s] -- Installing: /home/wheeltec/XiouGai-src/src/install/ackermann_msgs/include/ackermann_msgs/ackermann_msgs/msg/detail/ackermann_drive_stamped__traits.hpp
[24.236s] -- Installing: /home/wheeltec/XiouGai-src/src/install/ackermann_msgs/include/ackermann_msgs/ackermann_msgs/msg/detail/ackermann_drive_stamped__builder.hpp
[24.236s] -- Installing: /home/wheeltec/XiouGai-src/src/install/ackermann_msgs/include/ackermann_msgs/ackermann_msgs/msg/detail/ackermann_drive_stamped__struct.hpp
[24.240s] -- Installing: /home/wheeltec/XiouGai-src/src/install/ackermann_msgs/include/ackermann_msgs/ackermann_msgs/msg/detail/ackermann_drive__struct.hpp
[24.247s] -- Installing: /home/wheeltec/XiouGai-src/src/install/ackermann_msgs/include/ackermann_msgs/ackermann_msgs/msg/ackermann_drive_stamped.hpp
[24.248s] -- Installing: /home/wheeltec/XiouGai-src/src/install/ackermann_msgs/include/ackermann_msgs/ackermann_msgs/msg/ackermann_drive.hpp
[24.251s] -- Up-to-date: /home/wheeltec/XiouGai-src/src/install/ackermann_msgs/include/ackermann_msgs/ackermann_msgs
[24.251s] -- Up-to-date: /home/wheeltec/XiouGai-src/src/install/ackermann_msgs/include/ackermann_msgs/ackermann_msgs/msg
[24.251s] -- Up-to-date: /home/wheeltec/XiouGai-src/src/install/ackermann_msgs/include/ackermann_msgs/ackermann_msgs/msg/detail
[24.251s] -- Installing: /home/wheeltec/XiouGai-src/src/install/ackermann_msgs/include/ackermann_msgs/ackermann_msgs/msg/detail/ackermann_drive__rosidl_typesupport_fastrtps_cpp.hpp
[24.252s] -- Installing: /home/wheeltec/XiouGai-src/src/install/ackermann_msgs/include/ackermann_msgs/ackermann_msgs/msg/detail/ackermann_drive_stamped__rosidl_typesupport_fastrtps_cpp.hpp
[24.252s] -- Installing: /home/wheeltec/XiouGai-src/src/install/ackermann_msgs/include/ackermann_msgs/ackermann_msgs/msg/detail/dds_fastrtps
[24.252s] -- Installing: /home/wheeltec/XiouGai-src/src/install/ackermann_msgs/include/ackermann_msgs/ackermann_msgs/msg/rosidl_typesupport_fastrtps_cpp__visibility_control.h
[24.252s] -- Installing: /home/wheeltec/XiouGai-src/src/install/ackermann_msgs/lib/libackermann_msgs__rosidl_typesupport_fastrtps_cpp.so
[24.267s] -- Set runtime path of "/home/wheeltec/XiouGai-src/src/install/ackermann_msgs/lib/libackermann_msgs__rosidl_typesupport_fastrtps_cpp.so" to ""
[24.269s] -- Up-to-date: /home/wheeltec/XiouGai-src/src/install/ackermann_msgs/include/ackermann_msgs/ackermann_msgs
[24.276s] -- Up-to-date: /home/wheeltec/XiouGai-src/src/install/ackermann_msgs/include/ackermann_msgs/ackermann_msgs/msg
[24.277s] -- Up-to-date: /home/wheeltec/XiouGai-src/src/install/ackermann_msgs/include/ackermann_msgs/ackermann_msgs/msg/detail
[24.277s] -- Installing: /home/wheeltec/XiouGai-src/src/install/ackermann_msgs/include/ackermann_msgs/ackermann_msgs/msg/detail/ackermann_drive_stamped__type_support.cpp
[24.277s] -- Installing: /home/wheeltec/XiouGai-src/src/install/ackermann_msgs/include/ackermann_msgs/ackermann_msgs/msg/detail/ackermann_drive__type_support.cpp
[24.277s] -- Installing: /home/wheeltec/XiouGai-src/src/install/ackermann_msgs/include/ackermann_msgs/ackermann_msgs/msg/detail/ackermann_drive_stamped__rosidl_typesupport_introspection_cpp.hpp
[24.277s] -- Installing: /home/wheeltec/XiouGai-src/src/install/ackermann_msgs/include/ackermann_msgs/ackermann_msgs/msg/detail/ackermann_drive__rosidl_typesupport_introspection_cpp.hpp
[24.277s] -- Installing: /home/wheeltec/XiouGai-src/src/install/ackermann_msgs/lib/libackermann_msgs__rosidl_typesupport_introspection_cpp.so
[24.289s] -- Set runtime path of "/home/wheeltec/XiouGai-src/src/install/ackermann_msgs/lib/libackermann_msgs__rosidl_typesupport_introspection_cpp.so" to ""
[24.290s] -- Installing: /home/wheeltec/XiouGai-src/src/install/ackermann_msgs/lib/libackermann_msgs__rosidl_typesupport_cpp.so
[24.296s] -- Set runtime path of "/home/wheeltec/XiouGai-src/src/install/ackermann_msgs/lib/libackermann_msgs__rosidl_typesupport_cpp.so" to ""
[24.297s] -- Installing: /home/wheeltec/XiouGai-src/src/install/ackermann_msgs/share/ackermann_msgs/environment/pythonpath.sh
[24.297s] -- Installing: /home/wheeltec/XiouGai-src/src/install/ackermann_msgs/share/ackermann_msgs/environment/pythonpath.dsv
[24.319s] -- Installing: /home/wheeltec/XiouGai-src/src/install/ackermann_msgs/local/lib/python3.10/dist-packages/ackermann_msgs-2.0.2-py3.10.egg-info
[24.320s] -- Installing: /home/wheeltec/XiouGai-src/src/install/ackermann_msgs/local/lib/python3.10/dist-packages/ackermann_msgs-2.0.2-py3.10.egg-info/SOURCES.txt
[24.320s] -- Installing: /home/wheeltec/XiouGai-src/src/install/ackermann_msgs/local/lib/python3.10/dist-packages/ackermann_msgs-2.0.2-py3.10.egg-info/PKG-INFO
[24.320s] -- Installing: /home/wheeltec/XiouGai-src/src/install/ackermann_msgs/local/lib/python3.10/dist-packages/ackermann_msgs-2.0.2-py3.10.egg-info/dependency_links.txt
[24.320s] -- Installing: /home/wheeltec/XiouGai-src/src/install/ackermann_msgs/local/lib/python3.10/dist-packages/ackermann_msgs-2.0.2-py3.10.egg-info/top_level.txt
[24.320s] -- Installing: /home/wheeltec/XiouGai-src/src/install/ackermann_msgs/local/lib/python3.10/dist-packages/ackermann_msgs
[24.320s] -- Installing: /home/wheeltec/XiouGai-src/src/install/ackermann_msgs/local/lib/python3.10/dist-packages/ackermann_msgs/libackermann_msgs__rosidl_generator_py.so
[24.320s] -- Installing: /home/wheeltec/XiouGai-src/src/install/ackermann_msgs/local/lib/python3.10/dist-packages/ackermann_msgs/msg
[24.320s] -- Installing: /home/wheeltec/XiouGai-src/src/install/ackermann_msgs/local/lib/python3.10/dist-packages/ackermann_msgs/msg/_ackermann_drive_stamped.py
[24.320s] -- Installing: /home/wheeltec/XiouGai-src/src/install/ackermann_msgs/local/lib/python3.10/dist-packages/ackermann_msgs/msg/_ackermann_drive.py
[24.321s] -- Installing: /home/wheeltec/XiouGai-src/src/install/ackermann_msgs/local/lib/python3.10/dist-packages/ackermann_msgs/msg/_ackermann_drive_stamped_s.c
[24.321s] -- Installing: /home/wheeltec/XiouGai-src/src/install/ackermann_msgs/local/lib/python3.10/dist-packages/ackermann_msgs/msg/__init__.py
[24.321s] -- Installing: /home/wheeltec/XiouGai-src/src/install/ackermann_msgs/local/lib/python3.10/dist-packages/ackermann_msgs/msg/_ackermann_drive_s.c
[24.321s] -- Installing: /home/wheeltec/XiouGai-src/src/install/ackermann_msgs/local/lib/python3.10/dist-packages/ackermann_msgs/_ackermann_msgs_s.ep.rosidl_typesupport_fastrtps_c.c
[24.325s] -- Installing: /home/wheeltec/XiouGai-src/src/install/ackermann_msgs/local/lib/python3.10/dist-packages/ackermann_msgs/ackermann_msgs_s__rosidl_typesupport_c.cpython-310-x86_64-linux-gnu.so
[24.325s] -- Installing: /home/wheeltec/XiouGai-src/src/install/ackermann_msgs/local/lib/python3.10/dist-packages/ackermann_msgs/_ackermann_msgs_s.ep.rosidl_typesupport_c.c
[24.331s] -- Installing: /home/wheeltec/XiouGai-src/src/install/ackermann_msgs/local/lib/python3.10/dist-packages/ackermann_msgs/ackermann_msgs_s__rosidl_typesupport_introspection_c.cpython-310-x86_64-linux-gnu.so
[24.331s] -- Installing: /home/wheeltec/XiouGai-src/src/install/ackermann_msgs/local/lib/python3.10/dist-packages/ackermann_msgs/ackermann_msgs_s__rosidl_typesupport_fastrtps_c.cpython-310-x86_64-linux-gnu.so
[24.331s] -- Installing: /home/wheeltec/XiouGai-src/src/install/ackermann_msgs/local/lib/python3.10/dist-packages/ackermann_msgs/_ackermann_msgs_s.ep.rosidl_typesupport_introspection_c.c
[24.342s] -- Installing: /home/wheeltec/XiouGai-src/src/install/ackermann_msgs/local/lib/python3.10/dist-packages/ackermann_msgs/__init__.py
[24.741s] Listing '/home/wheeltec/XiouGai-src/src/install/ackermann_msgs/local/lib/python3.10/dist-packages/ackermann_msgs'...
[24.741s] Compiling '/home/wheeltec/XiouGai-src/src/install/ackermann_msgs/local/lib/python3.10/dist-packages/ackermann_msgs/__init__.py'...
[24.741s] Listing '/home/wheeltec/XiouGai-src/src/install/ackermann_msgs/local/lib/python3.10/dist-packages/ackermann_msgs/msg'...
[24.741s] Compiling '/home/wheeltec/XiouGai-src/src/install/ackermann_msgs/local/lib/python3.10/dist-packages/ackermann_msgs/msg/__init__.py'...
[24.741s] Compiling '/home/wheeltec/XiouGai-src/src/install/ackermann_msgs/local/lib/python3.10/dist-packages/ackermann_msgs/msg/_ackermann_drive.py'...
[24.741s] Compiling '/home/wheeltec/XiouGai-src/src/install/ackermann_msgs/local/lib/python3.10/dist-packages/ackermann_msgs/msg/_ackermann_drive_stamped.py'...
[24.771s] -- Installing: /home/wheeltec/XiouGai-src/src/install/ackermann_msgs/local/lib/python3.10/dist-packages/ackermann_msgs/ackermann_msgs_s__rosidl_typesupport_fastrtps_c.cpython-310-x86_64-linux-gnu.so
[24.788s] -- Set runtime path of "/home/wheeltec/XiouGai-src/src/install/ackermann_msgs/local/lib/python3.10/dist-packages/ackermann_msgs/ackermann_msgs_s__rosidl_typesupport_fastrtps_c.cpython-310-x86_64-linux-gnu.so" to ""
[24.813s] -- Installing: /home/wheeltec/XiouGai-src/src/install/ackermann_msgs/local/lib/python3.10/dist-packages/ackermann_msgs/ackermann_msgs_s__rosidl_typesupport_introspection_c.cpython-310-x86_64-linux-gnu.so
[24.828s] -- Set runtime path of "/home/wheeltec/XiouGai-src/src/install/ackermann_msgs/local/lib/python3.10/dist-packages/ackermann_msgs/ackermann_msgs_s__rosidl_typesupport_introspection_c.cpython-310-x86_64-linux-gnu.so" to ""
[24.830s] -- Installing: /home/wheeltec/XiouGai-src/src/install/ackermann_msgs/local/lib/python3.10/dist-packages/ackermann_msgs/ackermann_msgs_s__rosidl_typesupport_c.cpython-310-x86_64-linux-gnu.so
[24.841s] -- Set runtime path of "/home/wheeltec/XiouGai-src/src/install/ackermann_msgs/local/lib/python3.10/dist-packages/ackermann_msgs/ackermann_msgs_s__rosidl_typesupport_c.cpython-310-x86_64-linux-gnu.so" to ""
[24.852s] -- Installing: /home/wheeltec/XiouGai-src/src/install/ackermann_msgs/lib/libackermann_msgs__rosidl_generator_py.so
[24.854s] -- Set runtime path of "/home/wheeltec/XiouGai-src/src/install/ackermann_msgs/lib/libackermann_msgs__rosidl_generator_py.so" to ""
[24.858s] -- Installing: /home/wheeltec/XiouGai-src/src/install/ackermann_msgs/share/ackermann_msgs/msg/AckermannDrive.idl
[24.859s] -- Installing: /home/wheeltec/XiouGai-src/src/install/ackermann_msgs/share/ackermann_msgs/msg/AckermannDriveStamped.idl
[24.864s] -- Installing: /home/wheeltec/XiouGai-src/src/install/ackermann_msgs/share/ackermann_msgs/msg/AckermannDrive.msg
[24.868s] -- Installing: /home/wheeltec/XiouGai-src/src/install/ackermann_msgs/share/ackermann_msgs/msg/AckermannDriveStamped.msg
[24.874s] -- Installing: /home/wheeltec/XiouGai-src/src/install/ackermann_msgs/share/ament_index/resource_index/package_run_dependencies/ackermann_msgs
[24.881s] -- Installing: /home/wheeltec/XiouGai-src/src/install/ackermann_msgs/share/ament_index/resource_index/parent_prefix_path/ackermann_msgs
[24.882s] -- Installing: /home/wheeltec/XiouGai-src/src/install/ackermann_msgs/share/ackermann_msgs/environment/ament_prefix_path.sh
[24.889s] -- Installing: /home/wheeltec/XiouGai-src/src/install/ackermann_msgs/share/ackermann_msgs/environment/ament_prefix_path.dsv
[24.889s] -- Installing: /home/wheeltec/XiouGai-src/src/install/ackermann_msgs/share/ackermann_msgs/environment/path.sh
[24.893s] -- Installing: /home/wheeltec/XiouGai-src/src/install/ackermann_msgs/share/ackermann_msgs/environment/path.dsv
[24.893s] -- Installing: /home/wheeltec/XiouGai-src/src/install/ackermann_msgs/share/ackermann_msgs/local_setup.bash
[24.893s] -- Installing: /home/wheeltec/XiouGai-src/src/install/ackermann_msgs/share/ackermann_msgs/local_setup.sh
[24.893s] -- Installing: /home/wheeltec/XiouGai-src/src/install/ackermann_msgs/share/ackermann_msgs/local_setup.zsh
[24.893s] -- Installing: /home/wheeltec/XiouGai-src/src/install/ackermann_msgs/share/ackermann_msgs/local_setup.dsv
[24.893s] -- Installing: /home/wheeltec/XiouGai-src/src/install/ackermann_msgs/share/ackermann_msgs/package.dsv
[24.893s] -- Installing: /home/wheeltec/XiouGai-src/src/install/ackermann_msgs/share/ament_index/resource_index/packages/ackermann_msgs
[24.895s] -- Installing: /home/wheeltec/XiouGai-src/src/install/ackermann_msgs/share/ackermann_msgs/cmake/export_ackermann_msgs__rosidl_generator_cExport.cmake
[24.895s] -- Installing: /home/wheeltec/XiouGai-src/src/install/ackermann_msgs/share/ackermann_msgs/cmake/export_ackermann_msgs__rosidl_generator_cExport-noconfig.cmake
[24.896s] -- Installing: /home/wheeltec/XiouGai-src/src/install/ackermann_msgs/share/ackermann_msgs/cmake/export_ackermann_msgs__rosidl_typesupport_fastrtps_cExport.cmake
[24.907s] -- Installing: /home/wheeltec/XiouGai-src/src/install/ackermann_msgs/share/ackermann_msgs/cmake/export_ackermann_msgs__rosidl_typesupport_fastrtps_cExport-noconfig.cmake
[24.908s] -- Installing: /home/wheeltec/XiouGai-src/src/install/ackermann_msgs/share/ackermann_msgs/cmake/ackermann_msgs__rosidl_typesupport_introspection_cExport.cmake
[24.908s] -- Installing: /home/wheeltec/XiouGai-src/src/install/ackermann_msgs/share/ackermann_msgs/cmake/ackermann_msgs__rosidl_typesupport_introspection_cExport-noconfig.cmake
[24.908s] -- Installing: /home/wheeltec/XiouGai-src/src/install/ackermann_msgs/share/ackermann_msgs/cmake/ackermann_msgs__rosidl_typesupport_cExport.cmake
[24.908s] -- Installing: /home/wheeltec/XiouGai-src/src/install/ackermann_msgs/share/ackermann_msgs/cmake/ackermann_msgs__rosidl_typesupport_cExport-noconfig.cmake
[24.908s] -- Installing: /home/wheeltec/XiouGai-src/src/install/ackermann_msgs/share/ackermann_msgs/cmake/export_ackermann_msgs__rosidl_generator_cppExport.cmake
[24.910s] -- Installing: /home/wheeltec/XiouGai-src/src/install/ackermann_msgs/share/ackermann_msgs/cmake/export_ackermann_msgs__rosidl_typesupport_fastrtps_cppExport.cmake
[24.911s] -- Installing: /home/wheeltec/XiouGai-src/src/install/ackermann_msgs/share/ackermann_msgs/cmake/export_ackermann_msgs__rosidl_typesupport_fastrtps_cppExport-noconfig.cmake
[24.922s] -- Installing: /home/wheeltec/XiouGai-src/src/install/ackermann_msgs/share/ackermann_msgs/cmake/ackermann_msgs__rosidl_typesupport_introspection_cppExport.cmake
[24.922s] -- Installing: /home/wheeltec/XiouGai-src/src/install/ackermann_msgs/share/ackermann_msgs/cmake/ackermann_msgs__rosidl_typesupport_introspection_cppExport-noconfig.cmake
[24.922s] -- Installing: /home/wheeltec/XiouGai-src/src/install/ackermann_msgs/share/ackermann_msgs/cmake/ackermann_msgs__rosidl_typesupport_cppExport.cmake
[24.922s] -- Installing: /home/wheeltec/XiouGai-src/src/install/ackermann_msgs/share/ackermann_msgs/cmake/ackermann_msgs__rosidl_typesupport_cppExport-noconfig.cmake
[24.922s] -- Installing: /home/wheeltec/XiouGai-src/src/install/ackermann_msgs/share/ackermann_msgs/cmake/export_ackermann_msgs__rosidl_generator_pyExport.cmake
[24.922s] -- Installing: /home/wheeltec/XiouGai-src/src/install/ackermann_msgs/share/ackermann_msgs/cmake/export_ackermann_msgs__rosidl_generator_pyExport-noconfig.cmake
[24.922s] -- Installing: /home/wheeltec/XiouGai-src/src/install/ackermann_msgs/share/ackermann_msgs/cmake/rosidl_cmake-extras.cmake
[24.922s] -- Installing: /home/wheeltec/XiouGai-src/src/install/ackermann_msgs/share/ackermann_msgs/cmake/ament_cmake_export_dependencies-extras.cmake
[24.927s] -- Installing: /home/wheeltec/XiouGai-src/src/install/ackermann_msgs/share/ackermann_msgs/cmake/ament_cmake_export_include_directories-extras.cmake
[24.930s] -- Installing: /home/wheeltec/XiouGai-src/src/install/ackermann_msgs/share/ackermann_msgs/cmake/ament_cmake_export_libraries-extras.cmake
[24.930s] -- Installing: /home/wheeltec/XiouGai-src/src/install/ackermann_msgs/share/ackermann_msgs/cmake/ament_cmake_export_targets-extras.cmake
[24.931s] -- Installing: /home/wheeltec/XiouGai-src/src/install/ackermann_msgs/share/ackermann_msgs/cmake/rosidl_cmake_export_typesupport_targets-extras.cmake
[24.932s] -- Installing: /home/wheeltec/XiouGai-src/src/install/ackermann_msgs/share/ackermann_msgs/cmake/rosidl_cmake_export_typesupport_libraries-extras.cmake
[24.932s] -- Installing: /home/wheeltec/XiouGai-src/src/install/ackermann_msgs/share/ackermann_msgs/cmake/ackermann_msgsConfig.cmake
[24.941s] -- Installing: /home/wheeltec/XiouGai-src/src/install/ackermann_msgs/share/ackermann_msgs/cmake/ackermann_msgsConfig-version.cmake
[24.941s] -- Installing: /home/wheeltec/XiouGai-src/src/install/ackermann_msgs/share/ackermann_msgs/package.xml
[24.966s] Invoked command in '/home/wheeltec/XiouGai-src/src/build/ackermann_msgs' returned '0': CMAKE_PREFIX_PATH=/home/wheeltec/rtabmap_ws/install/rtabmap_ros:/home/wheeltec/rtabmap_ws/install/rtabmap_launch:/home/wheeltec/rtabmap_ws/install/rtabmap_examples:/home/wheeltec/rtabmap_ws/install/rtabmap_demos:/home/wheeltec/rtabmap_ws/install/rtabmap_viz:/home/wheeltec/rtabmap_ws/install/rtabmap_slam:/home/wheeltec/rtabmap_ws/install/rtabmap_odom:/home/wheeltec/rtabmap_ws/install/rtabmap_util:/home/wheeltec/rtabmap_ws/install/rtabmap_sync:/home/wheeltec/rtabmap_ws/install/rtabmap_rviz_plugins:/home/wheeltec/rtabmap_ws/install/rtabmap_conversions:/home/wheeltec/rtabmap_ws/install/rtabmap_python:/opt/ros/humble:/home/wheeltec/rtabmap_ws/install/rtabmap_msgs:/home/wheeltec/rtabmap_ws/install/rtabmap /usr/bin/cmake --install /home/wheeltec/XiouGai-src/src/build/ackermann_msgs
